node   1  (   0,    0) (   3,    3) (   4,    4) (   2,    2) (   0,    0) (   9,    0) (   0,    0) (   0,    3) (   0,    4) (   0,    2)
          (   9,    0) (   0,    0) (   0,    3) (   0,    4) (   0,    2) (   9,    0) (   0,    0) (   0,    3) (   0,    4) (   0,    2)
          (   9,    0) (   0,    0) (   0,    3) (   0,    4) (   0,    2) (   9,    0) (   0,    0) (   0,    3) (   0,    4) (   0,    2)
          (   7,    0) (   0,    0) (   0,    3) (   0,    4) (   0,    2) (   5,    0) (   0,    0) (   0,    3) (   0,    4) (   0,    2)
          (   9,    0) (   0,    0) (   0,    3) (   0,    4) (   0,    2) (   9,    0) (   0,    0) (   0,    3) (   0,    4) (   0,    2)
          (   9,    0) (   0,    0) (   0,    3) (   0,    4) (   0,    2) (   9,    0) (   0,    0) (   0,    3) (   0,    4) (   0,    2)
          (   5,    0) (   0,    0) (   0,    1) (   0,    3) (   0,    2) (   7,    0) (   0,    0) (   0,    3) (   0,    4) (   0,    2)
          (   9,    0) (   0,    0) (   0,    3) (   0,    4) (   0,    2) (   9,    0) (   0,    0) (   0,    3) (   0,    4) (   0,    2)
          (   9,    0) (   0,    0) (   0,    3) (   0,    4) (   0,    2) (   8,    0) (   0,    0) (   0,    3) (   0,    4) (   0,    2)
          (   8,    0) (   0,    0) (   0,    3) (   0,    4) (   0,    2) (   8,    0) (   0,    0) (   0,    3) (   0,    3) (   0,    2)
          (   8,    0) (   0,    0) (   0,    2) (   0,    4) (   0,    2) (   9,    0) (   0,    0) (   0,    2) (   0,    4) (   0,    2)
          (   8,    0) (   0,    0) (   0,    2) (   0,    4) (   0,    2) (   8,    0) (   0,    0) (   0,    2) (   0,    4) (   0,    2)
          (   8,    0) (   0,    0) (   0,    2) (   0,    4) (   0,    2) (   9,    0) (   0,    0) (   0,    2) (   0,    4) (   0,    2)
          (   9,    0) (   0,    0) (   0,    2) (   0,    4) (   0,    2) (   9,    0) (   0,    0) (   0,    2) (   0,    4) (   0,    2)
          (   9,    0) (   0,    0) (   0,    2) (   0,    4) (   0,    2) (   7,    0) (   0,    0) (   0,    1) (   0,    4) (   0,    2)
          (   9,    0) (   0,    0) (   0,    2) (   0,    4) (   0,    2) (   8,    0) (   0,    0) (   0,    2) (   0,    4) (   0,    2)
          (   8,    0) (   0,    0) (   0,    2) (   0,    4) (   0,    2) (   9,    0) (   0,    0) (   0,    2) (   0,    4) (   0,    2)
          (   7,    0) (   0,    0) (   0,    2) (   0,    4) (   0,    2) (   9,    0) (   0,    0) (   0,    2) (   0,    4) (   0,    2)
          (   8,    0) (   0,    0) (   0,    2) (   0,    4) (   0,    2) (   9,    0) (   0,    0) (   0,    2) (   0,    4) (   0,    2)
          (   7,    0) (   0,    0) (   0,    2) (   0,    4) (   0,    2) (   8,    0) (   0,    0) (   0,    2) (   0,    4) (   0,    2)
          (   8,    0) (   0,    0) (   0,    1) (   0,    4) (   0,    2) (   9,    0) (   0,    0) (   0,    2) (   0,    4) (   0,    2)
          (   8,    0) (   0,    0) (   0,    2) (   0,    4) (   0,    2) (   8,    0) (   0,    0) (   0,    2) (   0,    4) (   0,    2)
          (   8,    0) (   0,    0) (   0,    2) (   0,    4) (   0,    2) (   8,    0) (   0,    0) (   0,    2) (   0,    4) (   0,    2)
          (   9,    0) (   0,    0) (   0,    2) (   0,    4) (   0,    2) (   9,    0) (   0,    0) (   0,    2) (   0,    4) (   0,    2)
          (   9,    0) (   0,    0) (   0,    2) (   0,    4) (   0,    2) (   8,    0) (   0,    0) (   0,    2) (   0,    4) (   0,    2)
          (   7,    0) (   0,    0) (   0,    2) (   0,    4) (   0,    2) (   7,    0) (   0,    0) (   0,    2) (   0,    4) (   0,    2)
          (   9,    0) (   0,    0) (   0,    2) (   0,    4) (   0,    2) (   9,    0) (   0,    0) (   0,    2) (   0,    4) (   0,    2)
          (   9,    0) (   0,    0) (   0,    2) (   0,    4) (   0,    2) (   8,    0) (   0,    0) (   0,    2) (   0,    4) (   0,    2)
          (   7,    0) (   0,    0) (   0,    2) (   0,    4) (   0,    2) (   8,    0) (   0,    0) (   0,    2) (   0,    4) (   0,    2)
          (   8,    0) (   0,    0) (   0,    2) (   0,    4) (   0,    2) (   9,    0) (   0,    0) (   0,    2) (   0,    4) (   0,    2)
          (   9,    0) (   0,    0) (   0,    2) (   0,    4) (   0,    2) (   7,    0) (   0,    0) (   0,    2) (   0,    4) (   0,    2)
          (   8,    0) (   0,    0) (   0,    2) (   0,    4) (   0,    2) (   8,    0) (   0,    0) (   0,    2) (   0,    4) (   0,    2)
          (   8,    0) (   0,    0) (   0,    2) (   0,    4) (   0,    2) (   9,    0) (   0,    0) (   0,    2) (   0,    4) (   0,    2)
          (   7,    0) (   0,    0) (   0,    2) (   0,    4) (   0,    2) (   8,    0) (   0,    0) (   0,    2) (   0,    4) (   0,    2)
          (   8,    0) (   0,    0) (   0,    2) (   0,    4) (   0,    2) (   8,    0) (   0,    0) (   0,    2) (   0,    4) (   0,    2)
          (   7,    0) (   0,    0) (   0,    2) (   0,    4) (   0,    2) (   8,    0) (   0,    0) (   0,    2) (   0,    3) (   0,    2)
          (   9,    0) (   0,    0) (   0,    2) (   0,    4) (   0,    2) (   8,    0) (   0,    0) (   0,    2) (   0,    4) (   0,    2)
          (   9,    0) (   0,    0) (   0,    2) (   0,    4) (   0,    2) (   8,    0) (   0,    0) (   0,    2) (   0,    4) (   0,    2)
          (   9,    0) (   0,    0) (   0,    2) (   0,    4) (   0,    2) (   9,    0) (   0,    0) (   0,    2) (   0,    4) (   0,    2)
          (   9,    0) (   0,    0) (   0,    2) (   0,    4) (   0,    2) (   8,    0) (   0,    0) (   0,    2) (   0,    4) (   0,    2)
          (   7,    0) (   0,    0) (   0,    2) (   0,    4) (   0,    2) (   7,    0) (   0,    0) (   0,    2) (   0,    4) (   0,    2)
          (   8,    0) (   0,    0) (   0,    2) (   0,    4) (   0,    2) (   6,    0) (   0,    0) (   0,    1) (   0,    4) (   0,    2)
          (   9,    0) (   0,    0) (   0,    2) (   0,    4) (   0,    2) (   7,    0) (   0,    0) (   0,    2) (   0,    4) (   0,    2)
          (   9,    0) (   0,    0) (   0,    2) (   0,    4) (   0,    2) (   9,    0) (   0,    0) (   0,    2) (   0,    4) (   0,    2)
          (   9,    0) (   0,    0) (   0,    2) (   0,    4) (   0,    2) (   9,    0) (   0,    0) (   0,    2) (   0,    4) (   0,    2)
          (   9,    0) (   0,    0) (   0,    2) (   0,    4) (   0,    2) (   8,    0) (   0,    0) (   0,    2) (   0,    4) (   0,    2)
          (   7,    0) (   0,    0) (   0,    2) (   0,    4) (   0,    2) (   8,    0) (   0,    0) (   0,    2) (   0,    4) (   0,    2)
          (   7,    0) (   0,    0) (   0,    2) (   0,    4) (   0,    2) (   9,    0) (   0,    0) (   0,    2) (   0,    4) (   0,    2)
          (   8,    0) (   0,    0) (   0,    2) (   0,    4) (   0,    2) (   8,    0) (   0,    0) (   0,    2) (   0,    4) (   0,    2)
          (   8,    0) (   0,    0) (   0,    2) (   0,    4) (   0,    2) (   9,    0) (   0,    0) (   0,    2) (   0,    4) (   0,    2)
          (   7,    0) (   0,    0) (   0,    2) (   0,    4) (   0,    2) (   9,    0) (   0,    0) (   0,    2) (   0,    4) (   0,    2)
          (   9,    0) (   0,    0) (   0,    2) (   0,    4) (   0,    2) (   6,    0) (   0,    0) (   0,    2) (   0,    4) (   0,    2)
          (   9,    0) (   0,    0) (   0,    2) (   0,    4) (   0,    2) (   8,    0) (   0,    0) (   0,    2) (   0,    4) (   0,    2)
          (   9,    0) (   0,    0) (   0,    2) (   0,    4) (   0,    2) (   8,    0) (   0,    0) (   0,    2) (   0,    4) (   0,    2)
          (   9,    0) (   0,    0) (   0,    2) (   0,    4) (   0,    2) (   7,    0) (   0,    0) (   0,    2) (   0,    4) (   0,    2)
          (   6,    0) (   0,    0) (   0,    2) (   0,    4) (   0,    2) (   8,    0) (   0,    0) (   0,    2) (   0,    4) (   0,    2)
          (   8,    0) (   0,    0) (   0,    2) (   0,    4) (   0,    2) (   9,    0) (   0,    0) (   0,    2) (   0,    4) (   0,    2)
          (   8,    0) (   0,    0) (   0,    2) (   0,    4) (   0,    2) (   7,    0) (   0,    0) (   0,    2) (   0,    4) (   0,    2)
          (   8,    0) (   0,    0) (   0,    2) (   0,    4) (   0,    2) (   9,    0) (   0,    0) (   0,    2) (   0,    4) (   0,    2)
          (   8,    0) (   0,    0) (   0,    2) (   0,    4) (   0,    2) (   8,    0) (   0,    0) (   0,    2) (   0,    4) (   0,    2)
          (   8,    0) (   0,    0) (   0,    2) (   0,    4) (   0,    2) (   8,    0) (   0,    0) (   0,    2) (   0,    4) (   0,    2)
          (   9,    0) (   0,    0) (   0,    2) (   0,    4) (   0,    2) (   9,    0) (   0,    0) (   0,    2) (   0,    4) (   0,    2)
          (   9,    0) (   0,    0) (   0,    2) (   0,    4) (   0,    2) (   7,    0) (   0,    0) (   0,    2) (   0,    4) (   0,    2)
          (   9,    0) (   0,    0) (   0,    2) (   0,    4) (   0,    2) (   8,    0) (   0,    0) (   0,    2) (   0,    4) (   0,    2)
          (   8,    0) (   0,    0) (   0,    2) (   0,    4) (   0,    2) (   9,    0) (   0,    0) (   0,    2) (   0,    4) (   0,    2)
          (   8,    0) (   0,    0) (   0,    2) (   0,    4) (   0,    2) (   8,    0) (   0,    0) (   0,    2) (   0,    4) (   0,    2)
          (   7,    0) (   0,    0) (   0,    2) (   0,    4) (   0,    2) (   6,    0) (   0,    0) (   0,    2) (   0,    4) (   0,    2)
          (   9,    0) (   0,    0) (   0,    2) (   0,    4) (   0,    2) (   9,    0) (   0,    0) (   0,    2) (   0,    4) (   0,    2)
          (   8,    0) (   0,    0) (   0,    2) (   0,    4) (   0,    2) (   7,    0) (   0,    0) (   0,    2) (   0,    4) (   0,    2)
          (   8,    0) (   0,    0) (   0,    2) (   0,    4) (   0,    2) (   8,    0) (   0,    0) (   0,    2) (   0,    4) (   0,    2)
         
node   1 sent_total   1143  recv_total   1132

node   2  (   1,    0) (   0,    0) (   0,    1) (   0,    0) (   0,    0) (   0,    0) (   9,    1) (   0,    2) (   0,    4) (   0,    2)
          (   0,    0) (   9,    1) (   0,    2) (   0,    4) (   0,    2) (   0,    0) (   9,    1) (   0,    2) (   0,    4) (   0,    2)
          (   0,    0) (   9,    1) (   0,    2) (   0,    4) (   0,    2) (   0,    0) (   9,    1) (   0,    2) (   0,    4) (   0,    2)
          (   0,    0) (   7,    1) (   0,    2) (   0,    4) (   0,    2) (   0,    0) (   7,    1) (   0,    2) (   0,    4) (   0,    2)
          (   0,    0) (   9,    1) (   0,    2) (   0,    4) (   0,    2) (   0,    0) (   9,    1) (   0,    2) (   0,    4) (   0,    2)
          (   0,    0) (   9,    1) (   0,    2) (   0,    4) (   0,    2) (   0,    0) (   9,    1) (   0,    2) (   0,    4) (   0,    2)
          (   0,    0) (   6,    0) (   0,    0) (   0,    3) (   0,    2) (   0,    0) (   9,    1) (   0,    2) (   0,    4) (   0,    2)
          (   0,    0) (   9,    1) (   0,    2) (   0,    4) (   0,    2) (   0,    0) (   9,    1) (   0,    2) (   0,    4) (   0,    2)
          (   0,    0) (   9,    1) (   0,    2) (   0,    4) (   0,    2) (   0,    0) (   9,    1) (   0,    2) (   0,    4) (   0,    2)
          (   0,    0) (   8,    0) (   0,    2) (   0,    4) (   0,    2) (   0,    0) (   8,    1) (   0,    2) (   0,    4) (   0,    2)
          (   0,    0) (   0,    0) (   0,    0) (   0,    0) (   0,    0) (   0,    0) (   0,    0) (   0,    0) (   0,    0) (   0,    0)
          (   0,    0) (   0,    0) (   0,    0) (   0,    0) (   0,    0) (   0,    0) (   0,    0) (   0,    0) (   0,    0) (   0,    0)
          (   0,    0) (   0,    0) (   0,    0) (   0,    0) (   0,    0) (   0,    0) (   0,    0) (   0,    0) (   0,    0) (   0,    0)
          (   0,    0) (   0,    0) (   0,    0) (   0,    0) (   0,    0) (   0,    0) (   0,    0) (   0,    0) (   0,    0) (   0,    0)
          (   0,    0) (   0,    0) (   0,    0) (   0,    0) (   0,    0) (   0,    0) (   0,    0) (   0,    0) (   0,    0) (   0,    0)
          (   0,    0) (   0,    0) (   0,    0) (   0,    0) (   0,    0) (   0,    0) (   0,    0) (   0,    0) (   0,    0) (   0,    0)
          (   0,    0) (   0,    0) (   0,    0) (   0,    0) (   0,    0) (   0,    0) (   0,    0) (   0,    0) (   0,    0) (   0,    0)
          (   0,    0) (   0,    0) (   0,    0) (   0,    0) (   0,    0) (   0,    0) (   0,    0) (   0,    0) (   0,    0) (   0,    0)
          (   0,    0) (   0,    0) (   0,    0) (   0,    0) (   0,    0) (   0,    0) (   0,    0) (   0,    0) (   0,    0) (   0,    0)
          (   0,    0) (   0,    0) (   0,    0) (   0,    0) (   0,    0) (   0,    0) (   0,    0) (   0,    0) (   0,    0) (   0,    0)
          (   0,    0) (   0,    0) (   0,    0) (   0,    0) (   0,    0) (   0,    0) (   0,    0) (   0,    0) (   0,    0) (   0,    0)
          (   0,    0) (   0,    0) (   0,    0) (   0,    0) (   0,    0) (   0,    0) (   0,    0) (   0,    0) (   0,    0) (   0,    0)
          (   0,    0) (   0,    0) (   0,    0) (   0,    0) (   0,    0) (   0,    0) (   0,    0) (   0,    0) (   0,    0) (   0,    0)
          (   0,    0) (   0,    0) (   0,    0) (   0,    0) (   0,    0) (   0,    0) (   0,    0) (   0,    0) (   0,    0) (   0,    0)
          (   0,    0) (   0,    0) (   0,    0) (   0,    0) (   0,    0) (   0,    0) (   0,    0) (   0,    0) (   0,    0) (   0,    0)
          (   0,    0) (   0,    0) (   0,    0) (   0,    0) (   0,    0) (   0,    0) (   0,    0) (   0,    0) (   0,    0) (   0,    0)
          (   0,    0) (   0,    0) (   0,    0) (   0,    0) (   0,    0) (   0,    0) (   0,    0) (   0,    0) (   0,    0) (   0,    0)
          (   0,    0) (   0,    0) (   0,    0) (   0,    0) (   0,    0) (   0,    0) (   0,    0) (   0,    0) (   0,    0) (   0,    0)
          (   0,    0) (   0,    0) (   0,    0) (   0,    0) (   0,    0) (   0,    0) (   0,    0) (   0,    0) (   0,    0) (   0,    0)
          (   0,    0) (   0,    0) (   0,    0) (   0,    0) (   0,    0) (   0,    0) (   0,    0) (   0,    0) (   0,    0) (   0,    0)
          (   0,    0) (   0,    0) (   0,    0) (   0,    0) (   0,    0) (   0,    0) (   0,    0) (   0,    0) (   0,    0) (   0,    0)
          (   0,    0) (   0,    0) (   0,    0) (   0,    0) (   0,    0) (   0,    0) (   0,    0) (   0,    0) (   0,    0) (   0,    0)
          (   0,    0) (   0,    0) (   0,    0) (   0,    0) (   0,    0) (   0,    0) (   0,    0) (   0,    0) (   0,    0) (   0,    0)
          (   0,    0) (   0,    0) (   0,    0) (   0,    0) (   0,    0) (   0,    0) (   0,    0) (   0,    0) (   0,    0) (   0,    0)
          (   0,    0) (   0,    0) (   0,    0) (   0,    0) (   0,    0) (   0,    0) (   0,    0) (   0,    0) (   0,    0) (   0,    0)
          (   0,    0) (   0,    0) (   0,    0) (   0,    0) (   0,    0) (   0,    0) (   0,    0) (   0,    0) (   0,    0) (   0,    0)
          (   0,    0) (   0,    0) (   0,    0) (   0,    0) (   0,    0) (   0,    0) (   0,    0) (   0,    0) (   0,    0) (   0,    0)
          (   0,    0) (   0,    0) (   0,    0) (   0,    0) (   0,    0) (   0,    0) (   0,    0) (   0,    0) (   0,    0) (   0,    0)
          (   0,    0) (   0,    0) (   0,    0) (   0,    0) (   0,    0) (   0,    0) (   0,    0) (   0,    0) (   0,    0) (   0,    0)
          (   0,    0) (   0,    0) (   0,    0) (   0,    0) (   0,    0) (   0,    0) (   0,    0) (   0,    0) (   0,    0) (   0,    0)
          (   0,    0) (   0,    0) (   0,    0) (   0,    0) (   0,    0) (   0,    0) (   0,    0) (   0,    0) (   0,    0) (   0,    0)
          (   0,    0) (   0,    0) (   0,    0) (   0,    0) (   0,    0) (   0,    0) (   0,    0) (   0,    0) (   0,    0) (   0,    0)
          (   0,    0) (   0,    0) (   0,    0) (   0,    0) (   0,    0) (   0,    0) (   0,    0) (   0,    0) (   0,    0) (   0,    0)
          (   0,    0) (   0,    0) (   0,    0) (   0,    0) (   0,    0) (   0,    0) (   0,    0) (   0,    0) (   0,    0) (   0,    0)
          (   0,    0) (   0,    0) (   0,    0) (   0,    0) (   0,    0) (   0,    0) (   0,    0) (   0,    0) (   0,    0) (   0,    0)
          (   0,    0) (   0,    0) (   0,    0) (   0,    0) (   0,    0) (   0,    0) (   0,    0) (   0,    0) (   0,    0) (   0,    0)
          (   0,    0) (   0,    0) (   0,    0) (   0,    0) (   0,    0) (   0,    0) (   0,    0) (   0,    0) (   0,    0) (   0,    0)
          (   0,    0) (   0,    0) (   0,    0) (   0,    0) (   0,    0) (   0,    0) (   0,    0) (   0,    0) (   0,    0) (   0,    0)
          (   0,    0) (   0,    0) (   0,    0) (   0,    0) (   0,    0) (   0,    0) (   0,    0) (   0,    0) (   0,    0) (   0,    0)
          (   0,    0) (   0,    0) (   0,    0) (   0,    0) (   0,    0) (   0,    0) (   0,    0) (   0,    0) (   0,    0) (   0,    0)
          (   0,    0) (   0,    0) (   0,    0) (   0,    0) (   0,    0) (   0,    0) (   0,    0) (   0,    0) (   0,    0) (   0,    0)
          (   0,    0) (   0,    0) (   0,    0) (   0,    0) (   0,    0) (   0,    0) (   0,    0) (   0,    0) (   0,    0) (   0,    0)
          (   0,    0) (   0,    0) (   0,    0) (   0,    0) (   0,    0) (   0,    0) (   0,    0) (   0,    0) (   0,    0) (   0,    0)
          (   0,    0) (   0,    0) (   0,    0) (   0,    0) (   0,    0) (   0,    0) (   0,    0) (   0,    0) (   0,    0) (   0,    0)
          (   0,    0) (   0,    0) (   0,    0) (   0,    0) (   0,    0) (   0,    0) (   0,    0) (   0,    0) (   0,    0) (   0,    0)
          (   0,    0) (   0,    0) (   0,    0) (   0,    0) (   0,    0) (   0,    0) (   0,    0) (   0,    0) (   0,    0) (   0,    0)
          (   0,    0) (   0,    0) (   0,    0) (   0,    0) (   0,    0) (   0,    0) (   0,    0) (   0,    0) (   0,    0) (   0,    0)
          (   0,    0) (   0,    0) (   0,    0) (   0,    0) (   0,    0) (   0,    0) (   0,    0) (   0,    0) (   0,    0) (   0,    0)
          (   0,    0) (   0,    0) (   0,    0) (   0,    0) (   0,    0) (   0,    0) (   0,    0) (   0,    0) (   0,    0) (   0,    0)
          (   0,    0) (   0,    0) (   0,    0) (   0,    0) (   0,    0) (   0,    0) (   0,    0) (   0,    0) (   0,    0) (   0,    0)
          (   0,    0) (   0,    0) (   0,    0) (   0,    0) (   0,    0) (   0,    0) (   0,    0) (   0,    0) (   0,    0) (   0,    0)
          (   0,    0) (   0,    0) (   0,    0) (   0,    0) (   0,    0) (   0,    0) (   0,    0) (   0,    0) (   0,    0) (   0,    0)
          (   0,    0) (   0,    0) (   0,    0) (   0,    0) (   0,    0) (   0,    0) (   0,    0) (   0,    0) (   0,    0) (   0,    0)
          (   0,    0) (   0,    0) (   0,    0) (   0,    0) (   0,    0) (   0,    0) (   0,    0) (   0,    0) (   0,    0) (   0,    0)
          (   0,    0) (   0,    0) (   0,    0) (   0,    0) (   0,    0) (   0,    0) (   0,    0) (   0,    0) (   0,    0) (   0,    0)
          (   0,    0) (   0,    0) (   0,    0) (   0,    0) (   0,    0) (   0,    0) (   0,    0) (   0,    0) (   0,    0) (   0,    0)
          (   0,    0) (   0,    0) (   0,    0) (   0,    0) (   0,    0) (   0,    0) (   0,    0) (   0,    0) (   0,    0) (   0,    0)
          (   0,    0) (   0,    0) (   0,    0) (   0,    0) (   0,    0) (   0,    0) (   0,    0) (   0,    0) (   0,    0) (   0,    0)
          (   0,    0) (   0,    0) (   0,    0) (   0,    0) (   0,    0) (   0,    0) (   0,    0) (   0,    0) (   0,    0) (   0,    0)
          (   0,    0) (   0,    0) (   0,    0) (   0,    0) (   0,    0) (   0,    0) (   0,    0) (   0,    0) (   0,    0) (   0,    0)
         
node   2 sent_total    163  recv_total    167

node   3  (   1,    0) (   0,    0) (   0,    1) (   0,    0) (   0,    0) (   0,    0) (   9,    1) (   0,    2) (   0,    4) (   0,    2)
          (   0,    0) (   9,    1) (   0,    2) (   0,    4) (   0,    2) (   0,    0) (   9,    1) (   0,    2) (   0,    4) (   0,    2)
          (   0,    0) (   9,    1) (   0,    2) (   0,    4) (   0,    2) (   0,    0) (   9,    1) (   0,    2) (   0,    4) (   0,    2)
          (   0,    0) (   7,    1) (   0,    2) (   0,    4) (   0,    2) (   0,    0) (   7,    1) (   0,    2) (   0,    4) (   0,    2)
          (   0,    0) (   9,    1) (   0,    2) (   0,    4) (   0,    2) (   0,    0) (   9,    1) (   0,    2) (   0,    4) (   0,    2)
          (   0,    0) (   9,    1) (   0,    2) (   0,    4) (   0,    2) (   0,    0) (   9,    1) (   0,    2) (   0,    4) (   0,    2)
          (   0,    0) (   6,    1) (   0,    2) (   0,    4) (   0,    2) (   0,    0) (   9,    0) (   0,    2) (   0,    4) (   0,    2)
          (   0,    0) (   9,    1) (   0,    2) (   0,    4) (   0,    2) (   0,    0) (   9,    1) (   0,    2) (   0,    4) (   0,    2)
          (   0,    0) (   9,    1) (   0,    2) (   0,    4) (   0,    2) (   0,    0) (   8,    1) (   0,    2) (   0,    4) (   0,    2)
          (   0,    0) (   9,    1) (   0,    2) (   0,    4) (   0,    2) (   0,    0) (   8,    1) (   0,    2) (   0,    4) (   0,    2)
          (   0,    0) (   9,    1) (   0,    0) (   0,    4) (   0,    2) (   0,    0) (   9,    1) (   0,    1) (   0,    4) (   0,    2)
          (   0,    0) (   9,    1) (   0,    1) (   0,    4) (   0,    2) (   0,    0) (   9,    1) (   0,    1) (   0,    4) (   0,    2)
          (   0,    0) (   9,    1) (   0,    1) (   0,    4) (   0,    2) (   0,    0) (   9,    1) (   0,    1) (   0,    4) (   0,    2)
          (   0,    0) (   9,    1) (   0,    1) (   0,    4) (   0,    2) (   0,    0) (   9,    1) (   0,    1) (   0,    4) (   0,    2)
          (   0,    0) (   9,    1) (   0,    1) (   0,    4) (   0,    2) (   0,    0) (   6,    0) (   0,    1) (   0,    4) (   0,    2)
          (   0,    0) (   9,    1) (   0,    1) (   0,    4) (   0,    2) (   0,    0) (   8,    1) (   0,    1) (   0,    4) (   0,    2)
          (   0,    0) (   8,    1) (   0,    1) (   0,    4) (   0,    2) (   0,    0) (   9,    1) (   0,    1) (   0,    4) (   0,    2)
          (   0,    0) (   8,    0) (   0,    1) (   0,    4) (   0,    2) (   0,    0) (   9,    1) (   0,    1) (   0,    4) (   0,    2)
          (   0,    0) (   9,    1) (   0,    1) (   0,    4) (   0,    2) (   0,    0) (   9,    1) (   0,    1) (   0,    4) (   0,    2)
          (   0,    0) (   8,    1) (   0,    1) (   0,    4) (   0,    2) (   0,    0) (   8,    1) (   0,    1) (   0,    4) (   0,    2)
          (   0,    0) (   8,    0) (   0,    0) (   0,    4) (   0,    2) (   0,    0) (   9,    1) (   0,    1) (   0,    4) (   0,    2)
          (   0,    0) (   8,    1) (   0,    1) (   0,    4) (   0,    2) (   0,    0) (   9,    1) (   0,    1) (   0,    4) (   0,    2)
          (   0,    0) (   9,    1) (   0,    1) (   0,    4) (   0,    2) (   0,    0) (   8,    1) (   0,    1) (   0,    4) (   0,    2)
          (   0,    0) (   9,    1) (   0,    1) (   0,    4) (   0,    2) (   0,    0) (   9,    1) (   0,    1) (   0,    4) (   0,    2)
          (   0,    0) (   9,    1) (   0,    1) (   0,    4) (   0,    2) (   0,    0) (   8,    1) (   0,    1) (   0,    4) (   0,    2)
          (   0,    0) (   9,    1) (   0,    1) (   0,    4) (   0,    2) (   0,    0) (   9,    0) (   0,    1) (   0,    4) (   0,    2)
          (   0,    0) (   9,    1) (   0,    1) (   0,    4) (   0,    2) (   0,    0) (   9,    1) (   0,    1) (   0,    4) (   0,    2)
          (   0,    0) (   9,    1) (   0,    1) (   0,    4) (   0,    2) (   0,    0) (   9,    1) (   0,    1) (   0,    4) (   0,    2)
          (   0,    0) (   9,    1) (   0,    1) (   0,    4) (   0,    2) (   0,    0) (   9,    0) (   0,    1) (   0,    4) (   0,    2)
          (   0,    0) (   8,    1) (   0,    1) (   0,    4) (   0,    2) (   0,    0) (   9,    1) (   0,    1) (   0,    4) (   0,    2)
          (   0,    0) (   9,    1) (   0,    1) (   0,    4) (   0,    2) (   0,    0) (   8,    1) (   0,    1) (   0,    4) (   0,    2)
          (   0,    0) (   8,    1) (   0,    1) (   0,    4) (   0,    2) (   0,    0) (   8,    0) (   0,    1) (   0,    4) (   0,    2)
          (   0,    0) (   9,    1) (   0,    1) (   0,    4) (   0,    2) (   0,    0) (   9,    1) (   0,    1) (   0,    4) (   0,    2)
          (   0,    0) (   8,    1) (   0,    1) (   0,    4) (   0,    2) (   0,    0) (   9,    1) (   0,    1) (   0,    4) (   0,    2)
          (   0,    0) (   8,    1) (   0,    1) (   0,    4) (   0,    2) (   0,    0) (   7,    0) (   0,    1) (   0,    4) (   0,    2)
          (   0,    0) (   9,    1) (   0,    1) (   0,    4) (   0,    2) (   0,    0) (   8,    1) (   0,    1) (   0,    3) (   0,    2)
          (   0,    0) (   9,    1) (   0,    1) (   0,    4) (   0,    2) (   0,    0) (   9,    1) (   0,    1) (   0,    4) (   0,    2)
          (   0,    0) (   9,    1) (   0,    1) (   0,    4) (   0,    2) (   0,    0) (   9,    1) (   0,    1) (   0,    4) (   0,    2)
          (   0,    0) (   9,    1) (   0,    1) (   0,    4) (   0,    2) (   0,    0) (   9,    1) (   0,    1) (   0,    4) (   0,    2)
          (   0,    0) (   9,    1) (   0,    1) (   0,    4) (   0,    2) (   0,    0) (   8,    0) (   0,    1) (   0,    4) (   0,    2)
          (   0,    0) (   7,    1) (   0,    1) (   0,    4) (   0,    2) (   0,    0) (   9,    1) (   0,    1) (   0,    4) (   0,    2)
          (   0,    0) (   8,    1) (   0,    1) (   0,    4) (   0,    2) (   0,    0) (   8,    1) (   0,    1) (   0,    4) (   0,    2)
          (   0,    0) (   9,    1) (   0,    1) (   0,    4) (   0,    2) (   0,    0) (   7,    0) (   0,    1) (   0,    4) (   0,    2)
          (   0,    0) (   9,    1) (   0,    1) (   0,    4) (   0,    2) (   0,    0) (   9,    1) (   0,    1) (   0,    4) (   0,    2)
          (   0,    0) (   9,    1) (   0,    1) (   0,    4) (   0,    2) (   0,    0) (   9,    1) (   0,    1) (   0,    4) (   0,    2)
          (   0,    0) (   9,    1) (   0,    1) (   0,    4) (   0,    2) (   0,    0) (   8,    0) (   0,    1) (   0,    4) (   0,    2)
          (   0,    0) (   7,    1) (   0,    1) (   0,    4) (   0,    2) (   0,    0) (   8,    1) (   0,    1) (   0,    4) (   0,    2)
          (   0,    0) (   8,    1) (   0,    1) (   0,    4) (   0,    2) (   0,    0) (   9,    1) (   0,    1) (   0,    4) (   0,    2)
          (   0,    0) (   8,    0) (   0,    1) (   0,    4) (   0,    2) (   0,    0) (   9,    1) (   0,    1) (   0,    4) (   0,    2)
          (   0,    0) (   8,    1) (   0,    1) (   0,    4) (   0,    2) (   0,    0) (   9,    1) (   0,    1) (   0,    4) (   0,    2)
          (   0,    0) (   8,    1) (   0,    1) (   0,    4) (   0,    2) (   0,    0) (   9,    1) (   0,    1) (   0,    4) (   0,    2)
          (   0,    0) (   9,    1) (   0,    1) (   0,    4) (   0,    2) (   0,    0) (   6,    0) (   0,    0) (   0,    4) (   0,    2)
          (   0,    0) (   9,    1) (   0,    1) (   0,    4) (   0,    2) (   0,    0) (   8,    1) (   0,    1) (   0,    4) (   0,    2)
          (   0,    0) (   9,    1) (   0,    1) (   0,    4) (   0,    2) (   0,    0) (   9,    1) (   0,    1) (   0,    4) (   0,    2)
          (   0,    0) (   9,    1) (   0,    1) (   0,    4) (   0,    2) (   0,    0) (   8,    0) (   0,    1) (   0,    4) (   0,    2)
          (   0,    0) (   7,    1) (   0,    1) (   0,    4) (   0,    2) (   0,    0) (   9,    1) (   0,    1) (   0,    4) (   0,    2)
          (   0,    0) (   9,    1) (   0,    1) (   0,    4) (   0,    2) (   0,    0) (   9,    1) (   0,    1) (   0,    4) (   0,    2)
          (   0,    0) (   8,    0) (   0,    0) (   0,    4) (   0,    2) (   0,    0) (   7,    1) (   0,    1) (   0,    4) (   0,    2)
          (   0,    0) (   9,    1) (   0,    1) (   0,    4) (   0,    2) (   0,    0) (   9,    1) (   0,    1) (   0,    4) (   0,    2)
          (   0,    0) (   8,    1) (   0,    1) (   0,    4) (   0,    2) (   0,    0) (   9,    0) (   0,    0) (   0,    4) (   0,    2)
          (   0,    0) (   8,    1) (   0,    1) (   0,    4) (   0,    2) (   0,    0) (   9,    1) (   0,    1) (   0,    4) (   0,    2)
          (   0,    0) (   9,    1) (   0,    1) (   0,    4) (   0,    2) (   0,    0) (   9,    1) (   0,    1) (   0,    4) (   0,    2)
          (   0,    0) (   9,    1) (   0,    1) (   0,    4) (   0,    2) (   0,    0) (   7,    0) (   0,    1) (   0,    4) (   0,    2)
          (   0,    0) (   9,    1) (   0,    1) (   0,    4) (   0,    2) (   0,    0) (   8,    1) (   0,    1) (   0,    4) (   0,    2)
          (   0,    0) (   8,    1) (   0,    1) (   0,    4) (   0,    2) (   0,    0) (   9,    1) (   0,    1) (   0,    4) (   0,    2)
          (   0,    0) (   8,    1) (   0,    1) (   0,    4) (   0,    2) (   0,    0) (   6,    0) (   0,    0) (   0,    3) (   0,    2)
          (   0,    0) (   9,    1) (   0,    1) (   0,    4) (   0,    2) (   0,    0) (   8,    1) (   0,    1) (   0,    4) (   0,    2)
          (   0,    0) (   9,    1) (   0,    1) (   0,    4) (   0,    2) (   0,    0) (   9,    1) (   0,    1) (   0,    4) (   0,    2)
          (   0,    0) (   8,    1) (   0,    1) (   0,    4) (   0,    2) (   0,    0) (   8,    1) (   0,    1) (   0,    4) (   0,    2)
          (   0,    0) (   8,    1) (   0,    1) (   0,    4) (   0,    2) (   0,    0) (   8,    1) (   0,    1) (   0,    4) (   0,    2)
         
node   3 sent_total   1182  recv_total   1106

node   4  (   1,    0) (   0,    0) (   0,    1) (   0,    0) (   0,    0) (   0,    0) (   9,    1) (   0,    2) (   0,    4) (   0,    2)
          (   0,    0) (   9,    1) (   0,    2) (   0,    4) (   0,    2) (   0,    0) (   9,    1) (   0,    2) (   0,    4) (   0,    2)
          (   0,    0) (   9,    1) (   0,    2) (   0,    4) (   0,    2) (   0,    0) (   9,    1) (   0,    2) (   0,    4) (   0,    2)
          (   0,    0) (   7,    1) (   0,    2) (   0,    4) (   0,    2) (   0,    0) (   8,    0) (   0,    0) (   0,    4) (   0,    2)
          (   0,    0) (   9,    1) (   0,    2) (   0,    4) (   0,    2) (   0,    0) (   9,    1) (   0,    2) (   0,    4) (   0,    2)
          (   0,    0) (   9,    1) (   0,    2) (   0,    4) (   0,    2) (   0,    0) (   9,    1) (   0,    2) (   0,    4) (   0,    2)
          (   0,    0) (   5,    0) (   0,    0) (   0,    2) (   0,    2) (   0,    0) (   8,    1) (   0,    2) (   0,    4) (   0,    2)
          (   0,    0) (   9,    1) (   0,    2) (   0,    4) (   0,    2) (   0,    0) (   9,    1) (   0,    2) (   0,    4) (   0,    2)
          (   0,    0) (   9,    1) (   0,    2) (   0,    4) (   0,    2) (   0,    0) (   9,    1) (   0,    2) (   0,    4) (   0,    2)
          (   0,    0) (   9,    1) (   0,    2) (   0,    4) (   0,    2) (   0,    0) (   8,    1) (   0,    2) (   0,    4) (   0,    2)
          (   0,    0) (   8,    0) (   0,    1) (   0,    4) (   0,    2) (   0,    0) (   9,    1) (   0,    1) (   0,    4) (   0,    2)
          (   0,    0) (   9,    1) (   0,    1) (   0,    4) (   0,    2) (   0,    0) (   8,    1) (   0,    1) (   0,    4) (   0,    2)
          (   0,    0) (   9,    1) (   0,    1) (   0,    4) (   0,    2) (   0,    0) (   9,    1) (   0,    1) (   0,    4) (   0,    2)
          (   0,    0) (   9,    1) (   0,    1) (   0,    4) (   0,    2) (   0,    0) (   9,    1) (   0,    1) (   0,    4) (   0,    2)
          (   0,    0) (   9,    1) (   0,    1) (   0,    4) (   0,    2) (   0,    0) (   9,    1) (   0,    1) (   0,    4) (   0,    2)
          (   0,    0) (   9,    1) (   0,    1) (   0,    4) (   0,    2) (   0,    0) (   9,    1) (   0,    1) (   0,    4) (   0,    2)
          (   0,    0) (   9,    1) (   0,    1) (   0,    4) (   0,    2) (   0,    0) (   9,    1) (   0,    1) (   0,    4) (   0,    2)
          (   0,    0) (   9,    1) (   0,    1) (   0,    4) (   0,    2) (   0,    0) (   9,    1) (   0,    1) (   0,    4) (   0,    2)
          (   0,    0) (   9,    1) (   0,    1) (   0,    4) (   0,    2) (   0,    0) (   9,    1) (   0,    1) (   0,    4) (   0,    2)
          (   0,    0) (   7,    1) (   0,    1) (   0,    4) (   0,    2) (   0,    0) (   8,    1) (   0,    1) (   0,    4) (   0,    2)
          (   0,    0) (   8,    1) (   0,    1) (   0,    4) (   0,    2) (   0,    0) (   9,    1) (   0,    1) (   0,    4) (   0,    2)
          (   0,    0) (   8,    1) (   0,    1) (   0,    4) (   0,    2) (   0,    0) (   8,    1) (   0,    1) (   0,    4) (   0,    2)
          (   0,    0) (   9,    0) (   0,    1) (   0,    4) (   0,    2) (   0,    0) (   8,    1) (   0,    1) (   0,    4) (   0,    2)
          (   0,    0) (   9,    1) (   0,    1) (   0,    4) (   0,    2) (   0,    0) (   9,    1) (   0,    1) (   0,    4) (   0,    2)
          (   0,    0) (   9,    1) (   0,    1) (   0,    4) (   0,    2) (   0,    0) (   8,    1) (   0,    1) (   0,    3) (   0,    2)
          (   0,    0) (   7,    1) (   0,    1) (   0,    4) (   0,    2) (   0,    0) (   9,    1) (   0,    1) (   0,    4) (   0,    2)
          (   0,    0) (   9,    1) (   0,    1) (   0,    4) (   0,    2) (   0,    0) (   9,    1) (   0,    1) (   0,    4) (   0,    2)
          (   0,    0) (   9,    1) (   0,    1) (   0,    4) (   0,    2) (   0,    0) (   8,    0) (   0,    1) (   0,    4) (   0,    2)
          (   0,    0) (   8,    1) (   0,    1) (   0,    4) (   0,    2) (   0,    0) (   9,    1) (   0,    1) (   0,    4) (   0,    2)
          (   0,    0) (   9,    1) (   0,    1) (   0,    4) (   0,    2) (   0,    0) (   9,    1) (   0,    1) (   0,    4) (   0,    2)
          (   0,    0) (   9,    1) (   0,    1) (   0,    4) (   0,    2) (   0,    0) (   9,    0) (   0,    1) (   0,    4) (   0,    2)
          (   0,    0) (   8,    1) (   0,    1) (   0,    4) (   0,    2) (   0,    0) (   9,    1) (   0,    0) (   0,    4) (   0,    2)
          (   0,    0) (   9,    1) (   0,    1) (   0,    4) (   0,    2) (   0,    0) (   9,    1) (   0,    1) (   0,    4) (   0,    2)
          (   0,    0) (   9,    0) (   0,    1) (   0,    4) (   0,    2) (   0,    0) (   9,    1) (   0,    1) (   0,    4) (   0,    2)
          (   0,    0) (   8,    1) (   0,    1) (   0,    4) (   0,    2) (   0,    0) (   9,    1) (   0,    1) (   0,    4) (   0,    2)
          (   0,    0) (   8,    1) (   0,    1) (   0,    4) (   0,    2) (   0,    0) (   8,    1) (   0,    1) (   0,    4) (   0,    2)
          (   0,    0) (   9,    1) (   0,    1) (   0,    4) (   0,    2) (   0,    0) (   9,    1) (   0,    1) (   0,    4) (   0,    2)
          (   0,    0) (   9,    1) (   0,    1) (   0,    4) (   0,    2) (   0,    0) (   8,    1) (   0,    1) (   0,    4) (   0,    2)
          (   0,    0) (   9,    1) (   0,    1) (   0,    4) (   0,    2) (   0,    0) (   9,    1) (   0,    1) (   0,    4) (   0,    2)
          (   0,    0) (   9,    1) (   0,    1) (   0,    4) (   0,    2) (   0,    0) (   9,    1) (   0,    1) (   0,    4) (   0,    2)
          (   0,    0) (   8,    1) (   0,    1) (   0,    4) (   0,    2) (   0,    0) (   8,    1) (   0,    1) (   0,    4) (   0,    2)
          (   0,    0) (   8,    1) (   0,    1) (   0,    4) (   0,    2) (   0,    0) (   5,    0) (   0,    0) (   0,    2) (   0,    2)
          (   0,    0) (   9,    1) (   0,    1) (   0,    4) (   0,    2) (   0,    0) (   9,    1) (   0,    1) (   0,    4) (   0,    2)
          (   0,    0) (   9,    1) (   0,    1) (   0,    4) (   0,    2) (   0,    0) (   9,    1) (   0,    1) (   0,    4) (   0,    2)
          (   0,    0) (   9,    1) (   0,    1) (   0,    4) (   0,    2) (   0,    0) (   9,    1) (   0,    1) (   0,    4) (   0,    2)
          (   0,    0) (   9,    1) (   0,    1) (   0,    4) (   0,    2) (   0,    0) (   9,    1) (   0,    1) (   0,    4) (   0,    2)
          (   0,    0) (   8,    1) (   0,    1) (   0,    4) (   0,    2) (   0,    0) (   8,    1) (   0,    1) (   0,    4) (   0,    2)
          (   0,    0) (   8,    1) (   0,    1) (   0,    4) (   0,    2) (   0,    0) (   9,    1) (   0,    1) (   0,    4) (   0,    2)
          (   0,    0) (   9,    1) (   0,    1) (   0,    4) (   0,    2) (   0,    0) (   8,    0) (   0,    1) (   0,    4) (   0,    2)
          (   0,    0) (   8,    1) (   0,    1) (   0,    4) (   0,    2) (   0,    0) (   9,    1) (   0,    1) (   0,    4) (   0,    2)
          (   0,    0) (   8,    1) (   0,    1) (   0,    4) (   0,    2) (   0,    0) (   9,    1) (   0,    1) (   0,    4) (   0,    2)
          (   0,    0) (   9,    1) (   0,    1) (   0,    4) (   0,    2) (   0,    0) (   6,    0) (   0,    1) (   0,    4) (   0,    2)
          (   0,    0) (   9,    1) (   0,    1) (   0,    4) (   0,    2) (   0,    0) (   9,    1) (   0,    1) (   0,    4) (   0,    2)
          (   0,    0) (   9,    1) (   0,    1) (   0,    4) (   0,    2) (   0,    0) (   9,    1) (   0,    1) (   0,    4) (   0,    2)
          (   0,    0) (   9,    1) (   0,    1) (   0,    4) (   0,    2) (   0,    0) (   9,    1) (   0,    1) (   0,    4) (   0,    2)
          (   0,    0) (   9,    0) (   0,    0) (   0,    4) (   0,    2) (   0,    0) (   8,    1) (   0,    1) (   0,    4) (   0,    2)
          (   0,    0) (   9,    1) (   0,    1) (   0,    4) (   0,    2) (   0,    0) (   9,    1) (   0,    1) (   0,    4) (   0,    2)
          (   0,    0) (   8,    1) (   0,    1) (   0,    4) (   0,    2) (   0,    0) (   8,    0) (   0,    0) (   0,    3) (   0,    2)
          (   0,    0) (   8,    1) (   0,    1) (   0,    4) (   0,    2) (   0,    0) (   9,    1) (   0,    1) (   0,    4) (   0,    2)
          (   0,    0) (   9,    1) (   0,    1) (   0,    4) (   0,    2) (   0,    0) (   8,    1) (   0,    1) (   0,    4) (   0,    2)
          (   0,    0) (   8,    1) (   0,    1) (   0,    4) (   0,    2) (   0,    0) (   9,    1) (   0,    1) (   0,    4) (   0,    2)
          (   0,    0) (   9,    1) (   0,    1) (   0,    4) (   0,    2) (   0,    0) (   9,    1) (   0,    1) (   0,    4) (   0,    2)
          (   0,    0) (   9,    1) (   0,    1) (   0,    4) (   0,    2) (   0,    0) (   8,    1) (   0,    1) (   0,    4) (   0,    2)
          (   0,    0) (   9,    1) (   0,    1) (   0,    4) (   0,    2) (   0,    0) (   9,    0) (   0,    0) (   0,    4) (   0,    2)
          (   0,    0) (   9,    1) (   0,    1) (   0,    4) (   0,    2) (   0,    0) (   9,    1) (   0,    1) (   0,    4) (   0,    2)
          (   0,    0) (   8,    1) (   0,    1) (   0,    4) (   0,    2) (   0,    0) (   8,    1) (   0,    1) (   0,    4) (   0,    2)
          (   0,    0) (   7,    1) (   0,    1) (   0,    4) (   0,    2) (   0,    0) (   8,    0) (   0,    1) (   0,    4) (   0,    2)
          (   0,    0) (   9,    1) (   0,    1) (   0,    4) (   0,    2) (   0,    0) (   9,    1) (   0,    1) (   0,    4) (   0,    2)
          (   0,    0) (   9,    1) (   0,    1) (   0,    4) (   0,    2) (   0,    0) (   8,    1) (   0,    1) (   0,    4) (   0,    2)
          (   0,    0) (   9,    0) (   0,    0) (   0,    4) (   0,    2) (   0,    0) (   9,    1) (   0,    1) (   0,    4) (   0,    2)
         
node   4 sent_total   1195  recv_total   1101

node   5  (   0,    0) (   1,    0) (   0,    0) (   0,    1) (   0,    0) (   0,    0) (   0,    1) (   9,    3) (   0,    3) (   0,    2)
          (   0,    0) (   0,    1) (   9,    3) (   0,    3) (   0,    2) (   0,    0) (   0,    1) (   9,    3) (   0,    3) (   0,    2)
          (   0,    0) (   0,    1) (   9,    3) (   0,    3) (   0,    2) (   0,    0) (   0,    1) (   9,    3) (   0,    3) (   0,    2)
          (   0,    0) (   0,    1) (   7,    3) (   0,    2) (   0,    2) (   0,    0) (   0,    0) (   9,    0) (   0,    1) (   0,    2)
          (   0,    0) (   0,    1) (   9,    3) (   0,    3) (   0,    2) (   0,    0) (   0,    1) (   9,    3) (   0,    3) (   0,    2)
          (   0,    0) (   0,    1) (   9,    3) (   0,    3) (   0,    2) (   0,    0) (   0,    1) (   9,    3) (   0,    3) (   0,    2)
          (   0,    0) (   0,    0) (   7,    2) (   0,    2) (   0,    2) (   0,    0) (   0,    1) (   9,    3) (   0,    3) (   0,    2)
          (   0,    0) (   0,    1) (   9,    3) (   0,    3) (   0,    2) (   0,    0) (   0,    1) (   9,    3) (   0,    3) (   0,    2)
          (   0,    0) (   0,    1) (   9,    3) (   0,    3) (   0,    2) (   0,    0) (   0,    1) (   9,    3) (   0,    3) (   0,    2)
          (   0,    0) (   0,    1) (   9,    3) (   0,    3) (   0,    2) (   0,    0) (   0,    0) (   7,    0) (   0,    1) (   0,    2)
          (   0,    0) (   0,    1) (   9,    2) (   0,    3) (   0,    2) (   0,    0) (   0,    1) (   9,    2) (   0,    3) (   0,    2)
          (   0,    0) (   0,    1) (   9,    2) (   0,    3) (   0,    2) (   0,    0) (   0,    1) (   9,    2) (   0,    3) (   0,    2)
          (   0,    0) (   0,    1) (   9,    2) (   0,    3) (   0,    2) (   0,    0) (   0,    1) (   9,    2) (   0,    3) (   0,    2)
          (   0,    0) (   0,    1) (   9,    2) (   0,    3) (   0,    2) (   0,    0) (   0,    1) (   9,    2) (   0,    3) (   0,    2)
          (   0,    0) (   0,    1) (   9,    2) (   0,    3) (   0,    2) (   0,    0) (   0,    1) (   9,    2) (   0,    3) (   0,    2)
          (   0,    0) (   0,    1) (   9,    2) (   0,    3) (   0,    2) (   0,    0) (   0,    1) (   9,    2) (   0,    3) (   0,    2)
          (   0,    0) (   0,    1) (   9,    2) (   0,    3) (   0,    2) (   0,    0) (   0,    1) (   9,    2) (   0,    3) (   0,    2)
          (   0,    0) (   0,    0) (   9,    2) (   0,    3) (   0,    2) (   0,    0) (   0,    1) (   9,    2) (   0,    3) (   0,    2)
          (   0,    0) (   0,    1) (   9,    2) (   0,    3) (   0,    2) (   0,    0) (   0,    1) (   9,    2) (   0,    3) (   0,    2)
          (   0,    0) (   0,    1) (   8,    2) (   0,    3) (   0,    2) (   0,    0) (   0,    1) (   8,    2) (   0,    3) (   0,    2)
          (   0,    0) (   0,    1) (   9,    2) (   0,    3) (   0,    2) (   0,    0) (   0,    1) (   9,    2) (   0,    3) (   0,    2)
          (   0,    0) (   0,    1) (   9,    2) (   0,    3) (   0,    2) (   0,    0) (   0,    1) (   9,    2) (   0,    3) (   0,    2)
          (   0,    0) (   0,    1) (   9,    2) (   0,    3) (   0,    2) (   0,    0) (   0,    1) (   9,    2) (   0,    3) (   0,    2)
          (   0,    0) (   0,    1) (   9,    2) (   0,    3) (   0,    2) (   0,    0) (   0,    1) (   9,    2) (   0,    3) (   0,    2)
          (   0,    0) (   0,    1) (   9,    2) (   0,    3) (   0,    2) (   0,    0) (   0,    1) (   8,    2) (   0,    3) (   0,    2)
          (   0,    0) (   0,    1) (   9,    2) (   0,    3) (   0,    2) (   0,    0) (   0,    1) (   9,    2) (   0,    3) (   0,    2)
          (   0,    0) (   0,    1) (   9,    2) (   0,    3) (   0,    2) (   0,    0) (   0,    1) (   9,    2) (   0,    3) (   0,    2)
          (   0,    0) (   0,    1) (   9,    2) (   0,    3) (   0,    2) (   0,    0) (   0,    1) (   9,    2) (   0,    3) (   0,    2)
          (   0,    0) (   0,    1) (   9,    2) (   0,    3) (   0,    2) (   0,    0) (   0,    1) (   9,    2) (   0,    3) (   0,    2)
          (   0,    0) (   0,    1) (   9,    2) (   0,    3) (   0,    2) (   0,    0) (   0,    1) (   9,    2) (   0,    3) (   0,    2)
          (   0,    0) (   0,    1) (   9,    2) (   0,    3) (   0,    2) (   0,    0) (   0,    1) (   9,    2) (   0,    3) (   0,    2)
          (   0,    0) (   0,    1) (   9,    2) (   0,    3) (   0,    2) (   0,    0) (   0,    1) (   9,    2) (   0,    3) (   0,    2)
          (   0,    0) (   0,    1) (   9,    2) (   0,    3) (   0,    2) (   0,    0) (   0,    1) (   9,    2) (   0,    3) (   0,    2)
          (   0,    0) (   0,    1) (   9,    2) (   0,    3) (   0,    2) (   0,    0) (   0,    1) (   9,    2) (   0,    3) (   0,    2)
          (   0,    0) (   0,    1) (   9,    2) (   0,    3) (   0,    2) (   0,    0) (   0,    1) (   9,    2) (   0,    3) (   0,    2)
          (   0,    0) (   0,    1) (   9,    2) (   0,    3) (   0,    2) (   0,    0) (   0,    1) (   9,    2) (   0,    3) (   0,    2)
          (   0,    0) (   0,    1) (   9,    2) (   0,    3) (   0,    2) (   0,    0) (   0,    1) (   9,    2) (   0,    3) (   0,    2)
          (   0,    0) (   0,    1) (   9,    2) (   0,    3) (   0,    2) (   0,    0) (   0,    1) (   9,    2) (   0,    3) (   0,    2)
          (   0,    0) (   0,    1) (   9,    2) (   0,    3) (   0,    2) (   0,    0) (   0,    1) (   9,    2) (   0,    3) (   0,    2)
          (   0,    0) (   0,    1) (   9,    2) (   0,    3) (   0,    2) (   0,    0) (   0,    1) (   9,    2) (   0,    3) (   0,    2)
          (   0,    0) (   0,    1) (   8,    2) (   0,    3) (   0,    2) (   0,    0) (   0,    1) (   9,    2) (   0,    3) (   0,    2)
          (   0,    0) (   0,    1) (   8,    2) (   0,    3) (   0,    2) (   0,    0) (   0,    0) (   8,    1) (   0,    3) (   0,    2)
          (   0,    0) (   0,    1) (   9,    2) (   0,    3) (   0,    2) (   0,    0) (   0,    1) (   9,    1) (   0,    3) (   0,    2)
          (   0,    0) (   0,    1) (   9,    2) (   0,    3) (   0,    2) (   0,    0) (   0,    1) (   9,    2) (   0,    3) (   0,    2)
          (   0,    0) (   0,    1) (   9,    2) (   0,    3) (   0,    2) (   0,    0) (   0,    1) (   9,    2) (   0,    3) (   0,    2)
          (   0,    0) (   0,    1) (   9,    2) (   0,    3) (   0,    2) (   0,    0) (   0,    1) (   9,    2) (   0,    3) (   0,    2)
          (   0,    0) (   0,    0) (   9,    1) (   0,    3) (   0,    2) (   0,    0) (   0,    1) (   9,    2) (   0,    3) (   0,    2)
          (   0,    0) (   0,    1) (   9,    2) (   0,    3) (   0,    2) (   0,    0) (   0,    1) (   9,    2) (   0,    3) (   0,    2)
          (   0,    0) (   0,    1) (   9,    2) (   0,    3) (   0,    2) (   0,    0) (   0,    1) (   9,    2) (   0,    3) (   0,    2)
          (   0,    0) (   0,    1) (   9,    2) (   0,    3) (   0,    2) (   0,    0) (   0,    1) (   9,    2) (   0,    3) (   0,    2)
          (   0,    0) (   0,    1) (   8,    2) (   0,    3) (   0,    2) (   0,    0) (   0,    1) (   9,    2) (   0,    3) (   0,    2)
          (   0,    0) (   0,    1) (   9,    2) (   0,    3) (   0,    2) (   0,    0) (   0,    1) (   9,    2) (   0,    3) (   0,    2)
          (   0,    0) (   0,    1) (   9,    2) (   0,    3) (   0,    2) (   0,    0) (   0,    1) (   9,    2) (   0,    3) (   0,    2)
          (   0,    0) (   0,    1) (   9,    2) (   0,    3) (   0,    2) (   0,    0) (   0,    1) (   9,    2) (   0,    3) (   0,    2)
          (   0,    0) (   0,    1) (   9,    2) (   0,    3) (   0,    2) (   0,    0) (   0,    1) (   9,    1) (   0,    3) (   0,    2)
          (   0,    0) (   0,    0) (   9,    2) (   0,    3) (   0,    2) (   0,    0) (   0,    1) (   9,    2) (   0,    3) (   0,    2)
          (   0,    0) (   0,    1) (   9,    2) (   0,    3) (   0,    2) (   0,    0) (   0,    1) (   9,    2) (   0,    3) (   0,    2)
          (   0,    0) (   0,    1) (   9,    2) (   0,    3) (   0,    2) (   0,    0) (   0,    0) (   8,    0) (   0,    0) (   0,    2)
          (   0,    0) (   0,    1) (   9,    2) (   0,    3) (   0,    2) (   0,    0) (   0,    1) (   9,    2) (   0,    3) (   0,    2)
          (   0,    0) (   0,    1) (   9,    2) (   0,    3) (   0,    2) (   0,    0) (   0,    1) (   9,    2) (   0,    3) (   0,    2)
          (   0,    0) (   0,    1) (   9,    2) (   0,    3) (   0,    2) (   0,    0) (   0,    1) (   9,    2) (   0,    3) (   0,    2)
          (   0,    0) (   0,    1) (   9,    2) (   0,    3) (   0,    2) (   0,    0) (   0,    1) (   9,    2) (   0,    3) (   0,    2)
          (   0,    0) (   0,    1) (   9,    2) (   0,    3) (   0,    2) (   0,    0) (   0,    1) (   9,    2) (   0,    3) (   0,    2)
          (   0,    0) (   0,    1) (   9,    2) (   0,    3) (   0,    2) (   0,    0) (   0,    1) (   9,    2) (   0,    3) (   0,    2)
          (   0,    0) (   0,    1) (   9,    2) (   0,    3) (   0,    2) (   0,    0) (   0,    1) (   9,    2) (   0,    3) (   0,    2)
          (   0,    0) (   0,    1) (   9,    2) (   0,    3) (   0,    2) (   0,    0) (   0,    1) (   9,    1) (   0,    3) (   0,    2)
          (   0,    0) (   0,    0) (   9,    1) (   0,    3) (   0,    2) (   0,    0) (   0,    1) (   8,    2) (   0,    3) (   0,    2)
          (   0,    0) (   0,    1) (   9,    2) (   0,    3) (   0,    2) (   0,    0) (   0,    1) (   9,    2) (   0,    3) (   0,    2)
          (   0,    0) (   0,    1) (   9,    2) (   0,    3) (   0,    2) (   0,    0) (   0,    1) (   9,    2) (   0,    3) (   0,    2)
          (   0,    0) (   0,    1) (   9,    2) (   0,    3) (   0,    2) (   0,    0) (   0,    1) (   9,    2) (   0,    3) (   0,    2)
         
node   5 sent_total   1237  recv_total   1099

node   6  (   0,    0) (   1,    0) (   0,    0) (   0,    1) (   0,    0) (   0,    0) (   0,    1) (   9,    3) (   0,    3) (   0,    2)
          (   0,    0) (   0,    1) (   9,    3) (   0,    3) (   0,    2) (   0,    0) (   0,    1) (   9,    3) (   0,    3) (   0,    2)
          (   0,    0) (   0,    1) (   9,    3) (   0,    3) (   0,    2) (   0,    0) (   0,    1) (   9,    3) (   0,    3) (   0,    2)
          (   0,    0) (   0,    0) (   6,    0) (   0,    0) (   0,    1) (   0,    0) (   0,    1) (   9,    3) (   0,    3) (   0,    2)
          (   0,    0) (   0,    1) (   9,    3) (   0,    3) (   0,    2) (   0,    0) (   0,    1) (   9,    3) (   0,    3) (   0,    2)
          (   0,    0) (   0,    1) (   9,    3) (   0,    3) (   0,    2) (   0,    0) (   0,    1) (   9,    3) (   0,    3) (   0,    2)
          (   0,    0) (   0,    1) (   8,    2) (   0,    3) (   0,    2) (   0,    0) (   0,    1) (   9,    3) (   0,    3) (   0,    2)
          (   0,    0) (   0,    1) (   9,    3) (   0,    3) (   0,    2) (   0,    0) (   0,    1) (   9,    3) (   0,    3) (   0,    2)
          (   0,    0) (   0,    1) (   9,    3) (   0,    3) (   0,    2) (   0,    0) (   0,    1) (   9,    3) (   0,    3) (   0,    2)
          (   0,    0) (   0,    1) (   9,    2) (   0,    3) (   0,    2) (   0,    0) (   0,    1) (   8,    3) (   0,    3) (   0,    2)
          (   0,    0) (   0,    1) (   9,    2) (   0,    3) (   0,    2) (   0,    0) (   0,    1) (   9,    2) (   0,    3) (   0,    2)
          (   0,    0) (   0,    1) (   9,    2) (   0,    3) (   0,    2) (   0,    0) (   0,    1) (   9,    2) (   0,    3) (   0,    2)
          (   0,    0) (   0,    1) (   9,    2) (   0,    3) (   0,    2) (   0,    0) (   0,    1) (   9,    2) (   0,    3) (   0,    2)
          (   0,    0) (   0,    1) (   9,    2) (   0,    3) (   0,    2) (   0,    0) (   0,    1) (   9,    2) (   0,    3) (   0,    2)
          (   0,    0) (   0,    1) (   9,    2) (   0,    3) (   0,    2) (   0,    0) (   0,    1) (   9,    2) (   0,    3) (   0,    2)
          (   0,    0) (   0,    1) (   9,    2) (   0,    3) (   0,    2) (   0,    0) (   0,    1) (   9,    2) (   0,    3) (   0,    2)
          (   0,    0) (   0,    1) (   9,    2) (   0,    3) (   0,    2) (   0,    0) (   0,    1) (   9,    2) (   0,    3) (   0,    2)
          (   0,    0) (   0,    1) (   9,    1) (   0,    3) (   0,    2) (   0,    0) (   0,    1) (   9,    2) (   0,    3) (   0,    2)
          (   0,    0) (   0,    1) (   9,    2) (   0,    3) (   0,    2) (   0,    0) (   0,    1) (   9,    2) (   0,    3) (   0,    2)
          (   0,    0) (   0,    1) (   9,    2) (   0,    3) (   0,    2) (   0,    0) (   0,    0) (   9,    0) (   0,    1) (   0,    2)
          (   0,    0) (   0,    1) (   9,    2) (   0,    3) (   0,    2) (   0,    0) (   0,    1) (   9,    2) (   0,    3) (   0,    2)
          (   0,    0) (   0,    1) (   8,    2) (   0,    3) (   0,    2) (   0,    0) (   0,    1) (   9,    2) (   0,    3) (   0,    2)
          (   0,    0) (   0,    1) (   9,    2) (   0,    3) (   0,    2) (   0,    0) (   0,    1) (   8,    2) (   0,    3) (   0,    2)
          (   0,    0) (   0,    1) (   9,    2) (   0,    3) (   0,    2) (   0,    0) (   0,    1) (   9,    2) (   0,    3) (   0,    2)
          (   0,    0) (   0,    1) (   9,    2) (   0,    3) (   0,    2) (   0,    0) (   0,    1) (   8,    2) (   0,    3) (   0,    2)
          (   0,    0) (   0,    1) (   9,    2) (   0,    3) (   0,    2) (   0,    0) (   0,    1) (   9,    2) (   0,    3) (   0,    2)
          (   0,    0) (   0,    1) (   9,    2) (   0,    3) (   0,    2) (   0,    0) (   0,    1) (   9,    2) (   0,    3) (   0,    2)
          (   0,    0) (   0,    1) (   9,    2) (   0,    3) (   0,    2) (   0,    0) (   0,    1) (   9,    2) (   0,    3) (   0,    2)
          (   0,    0) (   0,    0) (   9,    2) (   0,    3) (   0,    2) (   0,    0) (   0,    1) (   9,    2) (   0,    3) (   0,    2)
          (   0,    0) (   0,    1) (   9,    2) (   0,    3) (   0,    2) (   0,    0) (   0,    1) (   9,    2) (   0,    3) (   0,    2)
          (   0,    0) (   0,    1) (   9,    2) (   0,    3) (   0,    2) (   0,    0) (   0,    0) (   9,    1) (   0,    3) (   0,    2)
          (   0,    0) (   0,    1) (   9,    2) (   0,    3) (   0,    2) (   0,    0) (   0,    1) (   9,    2) (   0,    3) (   0,    2)
          (   0,    0) (   0,    1) (   9,    2) (   0,    3) (   0,    2) (   0,    0) (   0,    1) (   9,    2) (   0,    3) (   0,    2)
          (   0,    0) (   0,    0) (   9,    1) (   0,    3) (   0,    2) (   0,    0) (   0,    1) (   9,    2) (   0,    3) (   0,    2)
          (   0,    0) (   0,    1) (   8,    2) (   0,    3) (   0,    2) (   0,    0) (   0,    1) (   9,    2) (   0,    3) (   0,    2)
          (   0,    0) (   0,    1) (   9,    2) (   0,    3) (   0,    2) (   0,    0) (   0,    0) (   6,    0) (   0,    1) (   0,    2)
          (   0,    0) (   0,    1) (   9,    2) (   0,    3) (   0,    2) (   0,    0) (   0,    1) (   9,    2) (   0,    3) (   0,    2)
          (   0,    0) (   0,    1) (   9,    2) (   0,    3) (   0,    2) (   0,    0) (   0,    1) (   9,    2) (   0,    3) (   0,    2)
          (   0,    0) (   0,    1) (   9,    2) (   0,    3) (   0,    2) (   0,    0) (   0,    1) (   9,    2) (   0,    3) (   0,    2)
          (   0,    0) (   0,    1) (   9,    2) (   0,    3) (   0,    2) (   0,    0) (   0,    1) (   9,    2) (   0,    3) (   0,    2)
          (   0,    0) (   0,    1) (   8,    2) (   0,    3) (   0,    2) (   0,    0) (   0,    1) (   9,    2) (   0,    3) (   0,    2)
          (   0,    0) (   0,    1) (   8,    2) (   0,    2) (   0,    2) (   0,    0) (   0,    0) (   9,    1) (   0,    3) (   0,    2)
          (   0,    0) (   0,    1) (   9,    2) (   0,    3) (   0,    2) (   0,    0) (   0,    1) (   9,    2) (   0,    3) (   0,    2)
          (   0,    0) (   0,    1) (   9,    2) (   0,    3) (   0,    2) (   0,    0) (   0,    1) (   9,    2) (   0,    3) (   0,    2)
          (   0,    0) (   0,    1) (   9,    2) (   0,    3) (   0,    2) (   0,    0) (   0,    1) (   9,    2) (   0,    3) (   0,    2)
          (   0,    0) (   0,    1) (   9,    2) (   0,    3) (   0,    2) (   0,    0) (   0,    1) (   9,    2) (   0,    3) (   0,    2)
          (   0,    0) (   0,    1) (   9,    2) (   0,    3) (   0,    2) (   0,    0) (   0,    1) (   9,    2) (   0,    3) (   0,    2)
          (   0,    0) (   0,    0) (   9,    1) (   0,    2) (   0,    2) (   0,    0) (   0,    1) (   9,    2) (   0,    3) (   0,    2)
          (   0,    0) (   0,    1) (   9,    2) (   0,    3) (   0,    2) (   0,    0) (   0,    1) (   9,    2) (   0,    3) (   0,    2)
          (   0,    0) (   0,    1) (   8,    2) (   0,    3) (   0,    2) (   0,    0) (   0,    1) (   9,    2) (   0,    3) (   0,    2)
          (   0,    0) (   0,    0) (   8,    0) (   0,    1) (   0,    2) (   0,    0) (   0,    1) (   9,    2) (   0,    3) (   0,    2)
          (   0,    0) (   0,    1) (   9,    2) (   0,    3) (   0,    2) (   0,    0) (   0,    1) (   9,    2) (   0,    3) (   0,    2)
          (   0,    0) (   0,    1) (   9,    2) (   0,    3) (   0,    2) (   0,    0) (   0,    0) (   9,    1) (   0,    3) (   0,    2)
          (   0,    0) (   0,    1) (   9,    2) (   0,    3) (   0,    2) (   0,    0) (   0,    1) (   9,    2) (   0,    3) (   0,    2)
          (   0,    0) (   0,    1) (   9,    2) (   0,    3) (   0,    2) (   0,    0) (   0,    1) (   9,    2) (   0,    3) (   0,    2)
          (   0,    0) (   0,    0) (   9,    1) (   0,    3) (   0,    2) (   0,    0) (   0,    1) (   9,    2) (   0,    3) (   0,    2)
          (   0,    0) (   0,    1) (   9,    2) (   0,    3) (   0,    2) (   0,    0) (   0,    1) (   9,    2) (   0,    3) (   0,    2)
          (   0,    0) (   0,    1) (   9,    2) (   0,    3) (   0,    2) (   0,    0) (   0,    1) (   8,    2) (   0,    3) (   0,    2)
          (   0,    0) (   0,    1) (   9,    2) (   0,    3) (   0,    2) (   0,    0) (   0,    1) (   9,    2) (   0,    3) (   0,    2)
          (   0,    0) (   0,    1) (   9,    2) (   0,    3) (   0,    2) (   0,    0) (   0,    1) (   9,    2) (   0,    3) (   0,    2)
          (   0,    0) (   0,    1) (   9,    2) (   0,    3) (   0,    2) (   0,    0) (   0,    1) (   9,    2) (   0,    3) (   0,    2)
          (   0,    0) (   0,    1) (   9,    2) (   0,    3) (   0,    2) (   0,    0) (   0,    1) (   9,    2) (   0,    3) (   0,    2)
          (   0,    0) (   0,    1) (   9,    2) (   0,    3) (   0,    2) (   0,    0) (   0,    1) (   8,    1) (   0,    3) (   0,    2)
          (   0,    0) (   0,    1) (   9,    2) (   0,    3) (   0,    2) (   0,    0) (   0,    1) (   9,    2) (   0,    3) (   0,    2)
          (   0,    0) (   0,    1) (   9,    2) (   0,    3) (   0,    2) (   0,    0) (   0,    1) (   9,    2) (   0,    3) (   0,    2)
          (   0,    0) (   0,    1) (   8,    2) (   0,    3) (   0,    2) (   0,    0) (   0,    1) (   8,    1) (   0,    3) (   0,    2)
          (   0,    0) (   0,    1) (   9,    2) (   0,    3) (   0,    2) (   0,    0) (   0,    1) (   9,    2) (   0,    3) (   0,    2)
          (   0,    0) (   0,    1) (   9,    2) (   0,    3) (   0,    2) (   0,    0) (   0,    1) (   9,    2) (   0,    3) (   0,    2)
          (   0,    0) (   0,    1) (   9,    2) (   0,    3) (   0,    2) (   0,    0) (   0,    0) (   8,    1) (   0,    3) (   0,    2)
          (   0,    0) (   0,    1) (   9,    2) (   0,    3) (   0,    2) (   0,    0) (   0,    1) (   9,    2) (   0,    3) (   0,    2)
         
node   6 sent_total   1231  recv_total   1087

node   7  (   0,    0) (   1,    0) (   0,    0) (   0,    1) (   0,    0) (   0,    0) (   0,    1) (   9,    3) (   0,    3) (   0,    2)
          (   0,    0) (   0,    1) (   9,    3) (   0,    3) (   0,    2) (   0,    0) (   0,    1) (   9,    3) (   0,    3) (   0,    2)
          (   0,    0) (   0,    1) (   9,    3) (   0,    3) (   0,    2) (   0,    0) (   0,    1) (   9,    3) (   0,    3) (   0,    2)
          (   0,    0) (   0,    0) (   7,    0) (   0,    1) (   0,    2) (   0,    0) (   0,    1) (   8,    3) (   0,    3) (   0,    2)
          (   0,    0) (   0,    1) (   9,    3) (   0,    3) (   0,    2) (   0,    0) (   0,    1) (   9,    3) (   0,    3) (   0,    2)
          (   0,    0) (   0,    1) (   9,    3) (   0,    3) (   0,    2) (   0,    0) (   0,    1) (   9,    3) (   0,    3) (   0,    2)
          (   0,    0) (   0,    1) (   6,    1) (   0,    2) (   0,    2) (   0,    0) (   0,    1) (   9,    3) (   0,    3) (   0,    2)
          (   0,    0) (   0,    1) (   9,    3) (   0,    3) (   0,    2) (   0,    0) (   0,    1) (   9,    3) (   0,    3) (   0,    2)
          (   0,    0) (   0,    1) (   9,    3) (   0,    3) (   0,    2) (   0,    0) (   0,    1) (   9,    3) (   0,    3) (   0,    2)
          (   0,    0) (   0,    1) (   9,    3) (   0,    3) (   0,    2) (   0,    0) (   0,    1) (   9,    3) (   0,    3) (   0,    2)
          (   0,    0) (   0,    1) (   9,    2) (   0,    3) (   0,    2) (   0,    0) (   0,    1) (   9,    2) (   0,    3) (   0,    2)
          (   0,    0) (   0,    0) (   9,    2) (   0,    3) (   0,    2) (   0,    0) (   0,    1) (   9,    2) (   0,    3) (   0,    2)
          (   0,    0) (   0,    1) (   9,    2) (   0,    3) (   0,    2) (   0,    0) (   0,    1) (   9,    2) (   0,    3) (   0,    2)
          (   0,    0) (   0,    1) (   9,    2) (   0,    3) (   0,    2) (   0,    0) (   0,    1) (   9,    2) (   0,    3) (   0,    2)
          (   0,    0) (   0,    1) (   9,    2) (   0,    3) (   0,    2) (   0,    0) (   0,    1) (   9,    1) (   0,    3) (   0,    2)
          (   0,    0) (   0,    1) (   9,    2) (   0,    3) (   0,    2) (   0,    0) (   0,    1) (   9,    2) (   0,    3) (   0,    2)
          (   0,    0) (   0,    1) (   9,    2) (   0,    3) (   0,    2) (   0,    0) (   0,    1) (   9,    2) (   0,    3) (   0,    2)
          (   0,    0) (   0,    1) (   9,    2) (   0,    3) (   0,    2) (   0,    0) (   0,    1) (   9,    2) (   0,    3) (   0,    2)
          (   0,    0) (   0,    1) (   9,    2) (   0,    3) (   0,    2) (   0,    0) (   0,    1) (   9,    2) (   0,    3) (   0,    2)
          (   0,    0) (   0,    1) (   9,    2) (   0,    3) (   0,    2) (   0,    0) (   0,    1) (   9,    2) (   0,    3) (   0,    2)
          (   0,    0) (   0,    1) (   9,    2) (   0,    3) (   0,    2) (   0,    0) (   0,    1) (   9,    2) (   0,    3) (   0,    2)
          (   0,    0) (   0,    1) (   8,    2) (   0,    3) (   0,    2) (   0,    0) (   0,    1) (   9,    2) (   0,    3) (   0,    2)
          (   0,    0) (   0,    1) (   9,    2) (   0,    3) (   0,    2) (   0,    0) (   0,    1) (   8,    2) (   0,    3) (   0,    2)
          (   0,    0) (   0,    1) (   9,    2) (   0,    3) (   0,    2) (   0,    0) (   0,    1) (   9,    2) (   0,    3) (   0,    2)
          (   0,    0) (   0,    1) (   9,    2) (   0,    3) (   0,    2) (   0,    0) (   0,    1) (   9,    2) (   0,    3) (   0,    2)
          (   0,    0) (   0,    1) (   9,    2) (   0,    3) (   0,    2) (   0,    0) (   0,    0) (   9,    2) (   0,    3) (   0,    2)
          (   0,    0) (   0,    1) (   9,    2) (   0,    3) (   0,    2) (   0,    0) (   0,    1) (   9,    2) (   0,    3) (   0,    2)
          (   0,    0) (   0,    1) (   9,    2) (   0,    3) (   0,    2) (   0,    0) (   0,    1) (   9,    2) (   0,    3) (   0,    2)
          (   0,    0) (   0,    1) (   9,    2) (   0,    3) (   0,    2) (   0,    0) (   0,    1) (   9,    2) (   0,    3) (   0,    2)
          (   0,    0) (   0,    1) (   9,    2) (   0,    3) (   0,    2) (   0,    0) (   0,    1) (   9,    2) (   0,    3) (   0,    2)
          (   0,    0) (   0,    1) (   9,    2) (   0,    3) (   0,    2) (   0,    0) (   0,    1) (   9,    2) (   0,    3) (   0,    2)
          (   0,    0) (   0,    1) (   9,    2) (   0,    3) (   0,    2) (   0,    0) (   0,    1) (   9,    2) (   0,    3) (   0,    2)
          (   0,    0) (   0,    1) (   9,    2) (   0,    3) (   0,    2) (   0,    0) (   0,    1) (   9,    2) (   0,    3) (   0,    2)
          (   0,    0) (   0,    1) (   9,    2) (   0,    3) (   0,    2) (   0,    0) (   0,    1) (   9,    2) (   0,    3) (   0,    2)
          (   0,    0) (   0,    1) (   9,    2) (   0,    3) (   0,    2) (   0,    0) (   0,    1) (   9,    2) (   0,    3) (   0,    2)
          (   0,    0) (   0,    1) (   9,    2) (   0,    3) (   0,    2) (   0,    0) (   0,    1) (   8,    2) (   0,    2) (   0,    2)
          (   0,    0) (   0,    1) (   9,    2) (   0,    3) (   0,    2) (   0,    0) (   0,    1) (   9,    2) (   0,    3) (   0,    2)
          (   0,    0) (   0,    1) (   9,    2) (   0,    3) (   0,    2) (   0,    0) (   0,    1) (   9,    2) (   0,    3) (   0,    2)
          (   0,    0) (   0,    1) (   9,    2) (   0,    3) (   0,    2) (   0,    0) (   0,    1) (   9,    2) (   0,    3) (   0,    2)
          (   0,    0) (   0,    1) (   9,    2) (   0,    3) (   0,    2) (   0,    0) (   0,    1) (   9,    2) (   0,    3) (   0,    2)
          (   0,    0) (   0,    1) (   8,    2) (   0,    3) (   0,    2) (   0,    0) (   0,    1) (   9,    2) (   0,    3) (   0,    2)
          (   0,    0) (   0,    0) (   6,    0) (   0,    1) (   0,    2) (   0,    0) (   0,    1) (   9,    2) (   0,    3) (   0,    2)
          (   0,    0) (   0,    1) (   9,    2) (   0,    3) (   0,    2) (   0,    0) (   0,    1) (   9,    2) (   0,    3) (   0,    2)
          (   0,    0) (   0,    1) (   9,    2) (   0,    3) (   0,    2) (   0,    0) (   0,    1) (   9,    2) (   0,    3) (   0,    2)
          (   0,    0) (   0,    1) (   9,    2) (   0,    3) (   0,    2) (   0,    0) (   0,    1) (   9,    2) (   0,    3) (   0,    2)
          (   0,    0) (   0,    1) (   9,    2) (   0,    3) (   0,    2) (   0,    0) (   0,    1) (   9,    2) (   0,    3) (   0,    2)
          (   0,    0) (   0,    1) (   9,    2) (   0,    3) (   0,    2) (   0,    0) (   0,    1) (   8,    2) (   0,    3) (   0,    2)
          (   0,    0) (   0,    0) (   8,    1) (   0,    3) (   0,    2) (   0,    0) (   0,    1) (   9,    2) (   0,    3) (   0,    2)
          (   0,    0) (   0,    1) (   9,    2) (   0,    3) (   0,    2) (   0,    0) (   0,    1) (   9,    1) (   0,    3) (   0,    2)
          (   0,    0) (   0,    1) (   9,    2) (   0,    3) (   0,    2) (   0,    0) (   0,    1) (   9,    2) (   0,    3) (   0,    2)
          (   0,    0) (   0,    0) (   8,    2) (   0,    3) (   0,    2) (   0,    0) (   0,    1) (   9,    2) (   0,    3) (   0,    2)
          (   0,    0) (   0,    1) (   9,    2) (   0,    3) (   0,    2) (   0,    0) (   0,    1) (   9,    2) (   0,    3) (   0,    2)
          (   0,    0) (   0,    1) (   9,    2) (   0,    3) (   0,    2) (   0,    0) (   0,    1) (   9,    2) (   0,    3) (   0,    2)
          (   0,    0) (   0,    1) (   9,    2) (   0,    3) (   0,    2) (   0,    0) (   0,    1) (   9,    2) (   0,    3) (   0,    2)
          (   0,    0) (   0,    1) (   9,    2) (   0,    3) (   0,    2) (   0,    0) (   0,    1) (   9,    2) (   0,    3) (   0,    2)
          (   0,    0) (   0,    1) (   9,    2) (   0,    3) (   0,    2) (   0,    0) (   0,    1) (   9,    2) (   0,    3) (   0,    2)
          (   0,    0) (   0,    1) (   9,    2) (   0,    3) (   0,    2) (   0,    0) (   0,    1) (   9,    2) (   0,    3) (   0,    2)
          (   0,    0) (   0,    1) (   9,    2) (   0,    3) (   0,    2) (   0,    0) (   0,    1) (   8,    2) (   0,    3) (   0,    2)
          (   0,    0) (   0,    1) (   9,    2) (   0,    3) (   0,    2) (   0,    0) (   0,    1) (   9,    2) (   0,    3) (   0,    2)
          (   0,    0) (   0,    1) (   9,    2) (   0,    3) (   0,    2) (   0,    0) (   0,    1) (   9,    2) (   0,    3) (   0,    2)
          (   0,    0) (   0,    1) (   9,    2) (   0,    3) (   0,    2) (   0,    0) (   0,    1) (   9,    2) (   0,    3) (   0,    2)
          (   0,    0) (   0,    1) (   9,    2) (   0,    3) (   0,    2) (   0,    0) (   0,    1) (   9,    2) (   0,    3) (   0,    2)
          (   0,    0) (   0,    1) (   9,    2) (   0,    3) (   0,    2) (   0,    0) (   0,    1) (   9,    2) (   0,    3) (   0,    2)
          (   0,    0) (   0,    1) (   9,    2) (   0,    3) (   0,    2) (   0,    0) (   0,    1) (   9,    2) (   0,    3) (   0,    2)
          (   0,    0) (   0,    1) (   9,    2) (   0,    3) (   0,    2) (   0,    0) (   0,    1) (   9,    2) (   0,    3) (   0,    2)
          (   0,    0) (   0,    1) (   9,    2) (   0,    3) (   0,    2) (   0,    0) (   0,    1) (   9,    1) (   0,    3) (   0,    2)
          (   0,    0) (   0,    1) (   9,    2) (   0,    3) (   0,    2) (   0,    0) (   0,    1) (   8,    2) (   0,    3) (   0,    2)
          (   0,    0) (   0,    1) (   9,    2) (   0,    3) (   0,    2) (   0,    0) (   0,    1) (   9,    2) (   0,    3) (   0,    2)
          (   0,    0) (   0,    1) (   9,    2) (   0,    3) (   0,    2) (   0,    0) (   0,    1) (   9,    2) (   0,    3) (   0,    2)
          (   0,    0) (   0,    1) (   9,    2) (   0,    3) (   0,    2) (   0,    0) (   0,    1) (   9,    2) (   0,    3) (   0,    2)
         
node   7 sent_total   1234  recv_total   1109

node   8  (   0,    0) (   1,    0) (   0,    0) (   0,    1) (   0,    0) (   0,    0) (   0,    1) (   9,    3) (   0,    3) (   0,    2)
          (   0,    0) (   0,    1) (   9,    3) (   0,    3) (   0,    2) (   0,    0) (   0,    1) (   9,    3) (   0,    3) (   0,    2)
          (   0,    0) (   0,    1) (   9,    3) (   0,    3) (   0,    2) (   0,    0) (   0,    1) (   9,    3) (   0,    3) (   0,    2)
          (   0,    0) (   0,    1) (   8,    3) (   0,    3) (   0,    2) (   0,    0) (   0,    1) (   8,    3) (   0,    3) (   0,    2)
          (   0,    0) (   0,    1) (   9,    3) (   0,    3) (   0,    2) (   0,    0) (   0,    1) (   9,    3) (   0,    3) (   0,    2)
          (   0,    0) (   0,    1) (   9,    3) (   0,    3) (   0,    2) (   0,    0) (   0,    1) (   9,    3) (   0,    3) (   0,    2)
          (   0,    0) (   0,    1) (   9,    3) (   0,    3) (   0,    2) (   0,    0) (   0,    1) (   9,    3) (   0,    3) (   0,    2)
          (   0,    0) (   0,    1) (   9,    3) (   0,    3) (   0,    2) (   0,    0) (   0,    1) (   9,    3) (   0,    3) (   0,    2)
          (   0,    0) (   0,    1) (   9,    3) (   0,    3) (   0,    2) (   0,    0) (   0,    0) (   9,    2) (   0,    3) (   0,    2)
          (   0,    0) (   0,    1) (   9,    3) (   0,    3) (   0,    2) (   0,    0) (   0,    1) (   8,    3) (   0,    3) (   0,    2)
          (   0,    0) (   0,    1) (   9,    2) (   0,    3) (   0,    2) (   0,    0) (   0,    1) (   9,    2) (   0,    3) (   0,    2)
          (   0,    0) (   0,    1) (   9,    2) (   0,    3) (   0,    2) (   0,    0) (   0,    1) (   9,    2) (   0,    3) (   0,    2)
          (   0,    0) (   0,    1) (   9,    2) (   0,    3) (   0,    2) (   0,    0) (   0,    1) (   9,    2) (   0,    3) (   0,    2)
          (   0,    0) (   0,    1) (   9,    2) (   0,    3) (   0,    2) (   0,    0) (   0,    1) (   9,    2) (   0,    3) (   0,    2)
          (   0,    0) (   0,    1) (   9,    2) (   0,    3) (   0,    2) (   0,    0) (   0,    1) (   9,    2) (   0,    3) (   0,    2)
          (   0,    0) (   0,    1) (   9,    2) (   0,    3) (   0,    2) (   0,    0) (   0,    1) (   9,    2) (   0,    3) (   0,    2)
          (   0,    0) (   0,    0) (   9,    1) (   0,    3) (   0,    2) (   0,    0) (   0,    1) (   9,    2) (   0,    3) (   0,    2)
          (   0,    0) (   0,    1) (   9,    2) (   0,    3) (   0,    2) (   0,    0) (   0,    1) (   9,    2) (   0,    3) (   0,    2)
          (   0,    0) (   0,    1) (   9,    2) (   0,    3) (   0,    2) (   0,    0) (   0,    1) (   9,    2) (   0,    3) (   0,    2)
          (   0,    0) (   0,    0) (   9,    1) (   0,    3) (   0,    2) (   0,    0) (   0,    1) (   8,    2) (   0,    3) (   0,    2)
          (   0,    0) (   0,    1) (   9,    2) (   0,    3) (   0,    2) (   0,    0) (   0,    1) (   9,    2) (   0,    3) (   0,    2)
          (   0,    0) (   0,    1) (   9,    2) (   0,    3) (   0,    2) (   0,    0) (   0,    1) (   9,    2) (   0,    3) (   0,    2)
          (   0,    0) (   0,    1) (   9,    2) (   0,    3) (   0,    2) (   0,    0) (   0,    1) (   8,    2) (   0,    3) (   0,    2)
          (   0,    0) (   0,    1) (   9,    2) (   0,    3) (   0,    2) (   0,    0) (   0,    1) (   9,    2) (   0,    3) (   0,    2)
          (   0,    0) (   0,    1) (   9,    2) (   0,    3) (   0,    2) (   0,    0) (   0,    0) (   8,    0) (   0,    1) (   0,    2)
          (   0,    0) (   0,    1) (   9,    2) (   0,    3) (   0,    2) (   0,    0) (   0,    1) (   9,    2) (   0,    3) (   0,    2)
          (   0,    0) (   0,    1) (   9,    2) (   0,    3) (   0,    2) (   0,    0) (   0,    1) (   9,    2) (   0,    3) (   0,    2)
          (   0,    0) (   0,    1) (   9,    2) (   0,    3) (   0,    2) (   0,    0) (   0,    1) (   9,    2) (   0,    3) (   0,    2)
          (   0,    0) (   0,    1) (   9,    2) (   0,    3) (   0,    2) (   0,    0) (   0,    1) (   9,    2) (   0,    3) (   0,    2)
          (   0,    0) (   0,    1) (   9,    2) (   0,    3) (   0,    2) (   0,    0) (   0,    1) (   9,    2) (   0,    3) (   0,    2)
          (   0,    0) (   0,    1) (   9,    2) (   0,    3) (   0,    2) (   0,    0) (   0,    1) (   9,    2) (   0,    3) (   0,    2)
          (   0,    0) (   0,    1) (   9,    2) (   0,    3) (   0,    2) (   0,    0) (   0,    1) (   9,    2) (   0,    3) (   0,    2)
          (   0,    0) (   0,    1) (   9,    2) (   0,    3) (   0,    2) (   0,    0) (   0,    1) (   9,    2) (   0,    3) (   0,    2)
          (   0,    0) (   0,    1) (   9,    2) (   0,    3) (   0,    2) (   0,    0) (   0,    0) (   9,    2) (   0,    3) (   0,    2)
          (   0,    0) (   0,    1) (   9,    2) (   0,    3) (   0,    2) (   0,    0) (   0,    1) (   9,    1) (   0,    3) (   0,    2)
          (   0,    0) (   0,    1) (   9,    2) (   0,    3) (   0,    2) (   0,    0) (   0,    1) (   8,    2) (   0,    3) (   0,    2)
          (   0,    0) (   0,    1) (   9,    2) (   0,    3) (   0,    2) (   0,    0) (   0,    0) (   9,    2) (   0,    3) (   0,    2)
          (   0,    0) (   0,    1) (   9,    2) (   0,    3) (   0,    2) (   0,    0) (   0,    1) (   9,    2) (   0,    3) (   0,    2)
          (   0,    0) (   0,    1) (   9,    2) (   0,    3) (   0,    2) (   0,    0) (   0,    1) (   9,    2) (   0,    3) (   0,    2)
          (   0,    0) (   0,    1) (   9,    2) (   0,    3) (   0,    2) (   0,    0) (   0,    1) (   9,    2) (   0,    3) (   0,    2)
          (   0,    0) (   0,    0) (   8,    1) (   0,    3) (   0,    2) (   0,    0) (   0,    1) (   9,    2) (   0,    3) (   0,    2)
          (   0,    0) (   0,    1) (   9,    2) (   0,    2) (   0,    2) (   0,    0) (   0,    1) (   8,    1) (   0,    3) (   0,    2)
          (   0,    0) (   0,    1) (   9,    2) (   0,    3) (   0,    2) (   0,    0) (   0,    0) (   9,    2) (   0,    3) (   0,    2)
          (   0,    0) (   0,    1) (   9,    2) (   0,    3) (   0,    2) (   0,    0) (   0,    1) (   9,    2) (   0,    3) (   0,    2)
          (   0,    0) (   0,    1) (   9,    2) (   0,    3) (   0,    2) (   0,    0) (   0,    1) (   9,    2) (   0,    3) (   0,    2)
          (   0,    0) (   0,    1) (   9,    2) (   0,    3) (   0,    2) (   0,    0) (   0,    1) (   9,    1) (   0,    3) (   0,    2)
          (   0,    0) (   0,    1) (   8,    2) (   0,    3) (   0,    2) (   0,    0) (   0,    1) (   8,    2) (   0,    3) (   0,    2)
          (   0,    0) (   0,    1) (   9,    2) (   0,    3) (   0,    2) (   0,    0) (   0,    1) (   9,    2) (   0,    3) (   0,    2)
          (   0,    0) (   0,    1) (   9,    1) (   0,    3) (   0,    2) (   0,    0) (   0,    1) (   9,    2) (   0,    3) (   0,    2)
          (   0,    0) (   0,    1) (   8,    2) (   0,    3) (   0,    2) (   0,    0) (   0,    1) (   9,    2) (   0,    3) (   0,    2)
          (   0,    0) (   0,    1) (   9,    2) (   0,    3) (   0,    2) (   0,    0) (   0,    1) (   9,    2) (   0,    3) (   0,    2)
          (   0,    0) (   0,    1) (   9,    2) (   0,    3) (   0,    2) (   0,    0) (   0,    1) (   9,    1) (   0,    3) (   0,    2)
          (   0,    0) (   0,    1) (   9,    2) (   0,    3) (   0,    2) (   0,    0) (   0,    1) (   9,    2) (   0,    3) (   0,    2)
          (   0,    0) (   0,    1) (   9,    2) (   0,    3) (   0,    2) (   0,    0) (   0,    1) (   9,    2) (   0,    3) (   0,    2)
          (   0,    0) (   0,    1) (   9,    2) (   0,    3) (   0,    2) (   0,    0) (   0,    1) (   9,    2) (   0,    3) (   0,    2)
          (   0,    0) (   0,    1) (   9,    2) (   0,    3) (   0,    2) (   0,    0) (   0,    0) (   9,    1) (   0,    3) (   0,    2)
          (   0,    0) (   0,    1) (   9,    2) (   0,    3) (   0,    2) (   0,    0) (   0,    1) (   9,    2) (   0,    3) (   0,    2)
          (   0,    0) (   0,    1) (   9,    2) (   0,    3) (   0,    2) (   0,    0) (   0,    1) (   8,    2) (   0,    3) (   0,    2)
          (   0,    0) (   0,    1) (   9,    2) (   0,    3) (   0,    2) (   0,    0) (   0,    1) (   9,    2) (   0,    3) (   0,    2)
          (   0,    0) (   0,    0) (   9,    1) (   0,    3) (   0,    2) (   0,    0) (   0,    1) (   9,    2) (   0,    3) (   0,    2)
          (   0,    0) (   0,    1) (   8,    2) (   0,    3) (   0,    2) (   0,    0) (   0,    1) (   9,    2) (   0,    3) (   0,    2)
          (   0,    0) (   0,    1) (   9,    2) (   0,    3) (   0,    2) (   0,    0) (   0,    1) (   9,    2) (   0,    3) (   0,    2)
          (   0,    0) (   0,    1) (   9,    2) (   0,    3) (   0,    2) (   0,    0) (   0,    1) (   8,    2) (   0,    3) (   0,    2)
          (   0,    0) (   0,    1) (   9,    2) (   0,    3) (   0,    2) (   0,    0) (   0,    1) (   9,    2) (   0,    3) (   0,    2)
          (   0,    0) (   0,    0) (   9,    1) (   0,    3) (   0,    2) (   0,    0) (   0,    1) (   9,    2) (   0,    3) (   0,    2)
          (   0,    0) (   0,    1) (   8,    2) (   0,    3) (   0,    2) (   0,    0) (   0,    1) (   9,    2) (   0,    3) (   0,    2)
          (   0,    0) (   0,    1) (   9,    2) (   0,    3) (   0,    2) (   0,    0) (   0,    0) (   8,    2) (   0,    3) (   0,    2)
          (   0,    0) (   0,    1) (   9,    2) (   0,    3) (   0,    2) (   0,    0) (   0,    1) (   9,    2) (   0,    3) (   0,    2)
          (   0,    0) (   0,    1) (   9,    2) (   0,    3) (   0,    2) (   0,    0) (   0,    1) (   9,    2) (   0,    3) (   0,    2)
          (   0,    0) (   0,    1) (   9,    2) (   0,    3) (   0,    2) (   0,    0) (   0,    0) (   9,    1) (   0,    3) (   0,    2)
         
node   8 sent_total   1235  recv_total   1101

node   9  (   0,    0) (   0,    0) (   1,    0) (   0,    0) (   0,    1) (   0,    0) (   0,    1) (   0,    3) (   9,    4) (   0,    1)
          (   0,    0) (   0,    1) (   0,    3) (   9,    4) (   0,    1) (   0,    0) (   0,    1) (   0,    3) (   9,    4) (   0,    1)
          (   0,    0) (   0,    1) (   0,    3) (   9,    4) (   0,    1) (   0,    0) (   0,    1) (   0,    3) (   9,    4) (   0,    1)
          (   0,    0) (   0,    1) (   0,    3) (   9,    4) (   0,    1) (   0,    0) (   0,    0) (   0,    3) (   9,    4) (   0,    1)
          (   0,    0) (   0,    1) (   0,    3) (   9,    4) (   0,    1) (   0,    0) (   0,    1) (   0,    3) (   9,    4) (   0,    1)
          (   0,    0) (   0,    1) (   0,    3) (   9,    4) (   0,    1) (   0,    0) (   0,    1) (   0,    3) (   9,    4) (   0,    1)
          (   0,    0) (   0,    1) (   0,    3) (   9,    4) (   0,    1) (   0,    0) (   0,    0) (   0,    2) (   9,    4) (   0,    1)
          (   0,    0) (   0,    1) (   0,    3) (   9,    4) (   0,    1) (   0,    0) (   0,    1) (   0,    3) (   9,    4) (   0,    1)
          (   0,    0) (   0,    1) (   0,    3) (   9,    4) (   0,    1) (   0,    0) (   0,    1) (   0,    3) (   9,    4) (   0,    1)
          (   0,    0) (   0,    1) (   0,    3) (   9,    4) (   0,    1) (   0,    0) (   0,    1) (   0,    3) (   9,    3) (   0,    1)
          (   0,    0) (   0,    1) (   0,    2) (   9,    4) (   0,    1) (   0,    0) (   0,    1) (   0,    2) (   9,    4) (   0,    1)
          (   0,    0) (   0,    1) (   0,    2) (   9,    4) (   0,    1) (   0,    0) (   0,    1) (   0,    2) (   9,    4) (   0,    1)
          (   0,    0) (   0,    0) (   0,    2) (   9,    4) (   0,    1) (   0,    0) (   0,    1) (   0,    2) (   9,    4) (   0,    1)
          (   0,    0) (   0,    1) (   0,    2) (   9,    4) (   0,    1) (   0,    0) (   0,    1) (   0,    2) (   9,    4) (   0,    1)
          (   0,    0) (   0,    1) (   0,    2) (   9,    4) (   0,    1) (   0,    0) (   0,    1) (   0,    2) (   9,    4) (   0,    1)
          (   0,    0) (   0,    1) (   0,    2) (   9,    4) (   0,    1) (   0,    0) (   0,    0) (   0,    1) (   9,    4) (   0,    1)
          (   0,    0) (   0,    1) (   0,    2) (   9,    4) (   0,    1) (   0,    0) (   0,    1) (   0,    2) (   9,    4) (   0,    1)
          (   0,    0) (   0,    1) (   0,    2) (   9,    4) (   0,    1) (   0,    0) (   0,    1) (   0,    2) (   9,    4) (   0,    1)
          (   0,    0) (   0,    1) (   0,    2) (   9,    4) (   0,    1) (   0,    0) (   0,    1) (   0,    2) (   9,    4) (   0,    1)
          (   0,    0) (   0,    0) (   0,    0) (   9,    3) (   0,    1) (   0,    0) (   0,    1) (   0,    2) (   9,    4) (   0,    1)
          (   0,    0) (   0,    1) (   0,    2) (   9,    4) (   0,    1) (   0,    0) (   0,    1) (   0,    2) (   9,    4) (   0,    1)
          (   0,    0) (   0,    1) (   0,    2) (   9,    4) (   0,    1) (   0,    0) (   0,    1) (   0,    2) (   9,    4) (   0,    1)
          (   0,    0) (   0,    1) (   0,    2) (   9,    4) (   0,    1) (   0,    0) (   0,    0) (   0,    0) (   9,    1) (   0,    1)
          (   0,    0) (   0,    1) (   0,    2) (   9,    4) (   0,    1) (   0,    0) (   0,    1) (   0,    2) (   9,    4) (   0,    1)
          (   0,    0) (   0,    1) (   0,    2) (   9,    4) (   0,    1) (   0,    0) (   0,    1) (   0,    2) (   9,    4) (   0,    1)
          (   0,    0) (   0,    1) (   0,    2) (   9,    4) (   0,    1) (   0,    0) (   0,    1) (   0,    2) (   9,    4) (   0,    1)
          (   0,    0) (   0,    1) (   0,    2) (   9,    4) (   0,    1) (   0,    0) (   0,    1) (   0,    2) (   9,    4) (   0,    1)
          (   0,    0) (   0,    1) (   0,    2) (   9,    4) (   0,    1) (   0,    0) (   0,    1) (   0,    2) (   9,    4) (   0,    1)
          (   0,    0) (   0,    1) (   0,    2) (   9,    4) (   0,    1) (   0,    0) (   0,    1) (   0,    2) (   9,    4) (   0,    1)
          (   0,    0) (   0,    1) (   0,    2) (   9,    4) (   0,    1) (   0,    0) (   0,    1) (   0,    2) (   9,    4) (   0,    1)
          (   0,    0) (   0,    1) (   0,    2) (   9,    4) (   0,    1) (   0,    0) (   0,    1) (   0,    2) (   9,    4) (   0,    1)
          (   0,    0) (   0,    1) (   0,    2) (   9,    4) (   0,    1) (   0,    0) (   0,    1) (   0,    2) (   9,    4) (   0,    1)
          (   0,    0) (   0,    0) (   0,    2) (   9,    4) (   0,    1) (   0,    0) (   0,    1) (   0,    2) (   9,    4) (   0,    1)
          (   0,    0) (   0,    1) (   0,    2) (   9,    4) (   0,    1) (   0,    0) (   0,    1) (   0,    2) (   9,    4) (   0,    1)
          (   0,    0) (   0,    1) (   0,    2) (   9,    4) (   0,    1) (   0,    0) (   0,    1) (   0,    2) (   9,    4) (   0,    1)
          (   0,    0) (   0,    0) (   0,    1) (   9,    4) (   0,    1) (   0,    0) (   0,    1) (   0,    2) (   9,    4) (   0,    1)
          (   0,    0) (   0,    1) (   0,    2) (   9,    4) (   0,    1) (   0,    0) (   0,    1) (   0,    2) (   9,    4) (   0,    1)
          (   0,    0) (   0,    1) (   0,    2) (   9,    4) (   0,    1) (   0,    0) (   0,    0) (   0,    1) (   9,    4) (   0,    1)
          (   0,    0) (   0,    1) (   0,    2) (   9,    4) (   0,    1) (   0,    0) (   0,    1) (   0,    2) (   9,    4) (   0,    1)
          (   0,    0) (   0,    1) (   0,    2) (   9,    4) (   0,    1) (   0,    0) (   0,    1) (   0,    2) (   9,    4) (   0,    1)
          (   0,    0) (   0,    1) (   0,    2) (   8,    4) (   0,    1) (   0,    0) (   0,    0) (   0,    2) (   9,    4) (   0,    1)
          (   0,    0) (   0,    1) (   0,    2) (   9,    3) (   0,    1) (   0,    0) (   0,    1) (   0,    2) (   9,    4) (   0,    1)
          (   0,    0) (   0,    1) (   0,    2) (   9,    4) (   0,    1) (   0,    0) (   0,    1) (   0,    2) (   9,    4) (   0,    1)
          (   0,    0) (   0,    1) (   0,    2) (   9,    4) (   0,    1) (   0,    0) (   0,    1) (   0,    2) (   9,    4) (   0,    1)
          (   0,    0) (   0,    1) (   0,    2) (   9,    4) (   0,    1) (   0,    0) (   0,    1) (   0,    2) (   9,    4) (   0,    1)
          (   0,    0) (   0,    1) (   0,    2) (   9,    4) (   0,    1) (   0,    0) (   0,    1) (   0,    2) (   9,    4) (   0,    1)
          (   0,    0) (   0,    1) (   0,    2) (   9,    4) (   0,    1) (   0,    0) (   0,    1) (   0,    2) (   9,    4) (   0,    1)
          (   0,    0) (   0,    1) (   0,    2) (   9,    4) (   0,    1) (   0,    0) (   0,    1) (   0,    2) (   9,    4) (   0,    1)
          (   0,    0) (   0,    1) (   0,    2) (   9,    4) (   0,    1) (   0,    0) (   0,    1) (   0,    2) (   9,    4) (   0,    1)
          (   0,    0) (   0,    0) (   0,    0) (   9,    2) (   0,    1) (   0,    0) (   0,    1) (   0,    2) (   9,    4) (   0,    1)
          (   0,    0) (   0,    1) (   0,    2) (   9,    4) (   0,    1) (   0,    0) (   0,    1) (   0,    2) (   9,    4) (   0,    1)
          (   0,    0) (   0,    1) (   0,    2) (   9,    4) (   0,    1) (   0,    0) (   0,    1) (   0,    0) (   9,    4) (   0,    1)
          (   0,    0) (   0,    1) (   0,    2) (   9,    4) (   0,    1) (   0,    0) (   0,    1) (   0,    2) (   9,    4) (   0,    1)
          (   0,    0) (   0,    1) (   0,    2) (   9,    4) (   0,    1) (   0,    0) (   0,    1) (   0,    2) (   9,    4) (   0,    1)
          (   0,    0) (   0,    1) (   0,    2) (   9,    4) (   0,    1) (   0,    0) (   0,    1) (   0,    2) (   9,    4) (   0,    1)
          (   0,    0) (   0,    1) (   0,    2) (   9,    4) (   0,    1) (   0,    0) (   0,    1) (   0,    2) (   9,    4) (   0,    1)
          (   0,    0) (   0,    1) (   0,    2) (   9,    4) (   0,    1) (   0,    0) (   0,    1) (   0,    2) (   9,    4) (   0,    1)
          (   0,    0) (   0,    1) (   0,    1) (   9,    4) (   0,    1) (   0,    0) (   0,    1) (   0,    2) (   9,    4) (   0,    1)
          (   0,    0) (   0,    1) (   0,    2) (   9,    4) (   0,    1) (   0,    0) (   0,    1) (   0,    2) (   9,    4) (   0,    1)
          (   0,    0) (   0,    1) (   0,    2) (   9,    4) (   0,    1) (   0,    0) (   0,    1) (   0,    2) (   9,    4) (   0,    1)
          (   0,    0) (   0,    0) (   0,    0) (   9,    3) (   0,    1) (   0,    0) (   0,    1) (   0,    2) (   9,    4) (   0,    1)
          (   0,    0) (   0,    1) (   0,    2) (   9,    4) (   0,    1) (   0,    0) (   0,    1) (   0,    2) (   9,    4) (   0,    1)
          (   0,    0) (   0,    1) (   0,    2) (   9,    4) (   0,    1) (   0,    0) (   0,    0) (   0,    0) (   9,    2) (   0,    1)
          (   0,    0) (   0,    1) (   0,    2) (   9,    4) (   0,    1) (   0,    0) (   0,    1) (   0,    2) (   9,    4) (   0,    1)
          (   0,    0) (   0,    1) (   0,    2) (   9,    4) (   0,    1) (   0,    0) (   0,    1) (   0,    2) (   9,    4) (   0,    1)
          (   0,    0) (   0,    0) (   0,    0) (   9,    2) (   0,    1) (   0,    0) (   0,    1) (   0,    2) (   9,    4) (   0,    1)
          (   0,    0) (   0,    1) (   0,    2) (   9,    4) (   0,    1) (   0,    0) (   0,    1) (   0,    2) (   9,    4) (   0,    1)
          (   0,    0) (   0,    1) (   0,    2) (   9,    4) (   0,    1) (   0,    0) (   0,    1) (   0,    2) (   9,    4) (   0,    1)
          (   0,    0) (   0,    0) (   0,    1) (   9,    4) (   0,    1) (   0,    0) (   0,    1) (   0,    2) (   9,    4) (   0,    1)
          (   0,    0) (   0,    1) (   0,    2) (   9,    4) (   0,    1) (   0,    0) (   0,    1) (   0,    2) (   9,    4) (   0,    1)
         
node   9 sent_total   1251  recv_total   1084

node  10  (   0,    0) (   0,    0) (   1,    0) (   0,    0) (   0,    1) (   0,    0) (   0,    1) (   0,    3) (   9,    4) (   0,    1)
          (   0,    0) (   0,    1) (   0,    3) (   9,    4) (   0,    1) (   0,    0) (   0,    1) (   0,    3) (   9,    4) (   0,    1)
          (   0,    0) (   0,    1) (   0,    3) (   9,    4) (   0,    1) (   0,    0) (   0,    1) (   0,    3) (   9,    4) (   0,    1)
          (   0,    0) (   0,    1) (   0,    3) (   8,    2) (   0,    1) (   0,    0) (   0,    0) (   0,    3) (   9,    4) (   0,    1)
          (   0,    0) (   0,    1) (   0,    3) (   9,    4) (   0,    1) (   0,    0) (   0,    1) (   0,    3) (   9,    4) (   0,    1)
          (   0,    0) (   0,    1) (   0,    3) (   9,    4) (   0,    1) (   0,    0) (   0,    1) (   0,    3) (   9,    4) (   0,    1)
          (   0,    0) (   0,    0) (   0,    3) (   9,    4) (   0,    1) (   0,    0) (   0,    1) (   0,    3) (   9,    4) (   0,    1)
          (   0,    0) (   0,    1) (   0,    3) (   9,    4) (   0,    1) (   0,    0) (   0,    1) (   0,    3) (   9,    4) (   0,    1)
          (   0,    0) (   0,    1) (   0,    3) (   9,    4) (   0,    1) (   0,    0) (   0,    1) (   0,    3) (   9,    4) (   0,    1)
          (   0,    0) (   0,    1) (   0,    3) (   9,    4) (   0,    1) (   0,    0) (   0,    1) (   0,    3) (   9,    4) (   0,    1)
          (   0,    0) (   0,    1) (   0,    2) (   9,    4) (   0,    1) (   0,    0) (   0,    1) (   0,    2) (   9,    4) (   0,    1)
          (   0,    0) (   0,    1) (   0,    2) (   9,    4) (   0,    1) (   0,    0) (   0,    1) (   0,    2) (   9,    4) (   0,    1)
          (   0,    0) (   0,    1) (   0,    2) (   9,    4) (   0,    1) (   0,    0) (   0,    1) (   0,    2) (   9,    4) (   0,    1)
          (   0,    0) (   0,    1) (   0,    2) (   9,    4) (   0,    1) (   0,    0) (   0,    1) (   0,    2) (   9,    4) (   0,    1)
          (   0,    0) (   0,    1) (   0,    2) (   9,    4) (   0,    1) (   0,    0) (   0,    0) (   0,    1) (   9,    4) (   0,    1)
          (   0,    0) (   0,    1) (   0,    2) (   9,    4) (   0,    1) (   0,    0) (   0,    1) (   0,    2) (   9,    4) (   0,    1)
          (   0,    0) (   0,    1) (   0,    2) (   9,    4) (   0,    1) (   0,    0) (   0,    1) (   0,    2) (   9,    4) (   0,    1)
          (   0,    0) (   0,    1) (   0,    2) (   9,    4) (   0,    1) (   0,    0) (   0,    1) (   0,    2) (   9,    4) (   0,    1)
          (   0,    0) (   0,    1) (   0,    2) (   9,    4) (   0,    1) (   0,    0) (   0,    1) (   0,    2) (   9,    4) (   0,    1)
          (   0,    0) (   0,    1) (   0,    2) (   9,    4) (   0,    1) (   0,    0) (   0,    1) (   0,    2) (   9,    4) (   0,    1)
          (   0,    0) (   0,    1) (   0,    2) (   9,    4) (   0,    1) (   0,    0) (   0,    1) (   0,    2) (   9,    4) (   0,    1)
          (   0,    0) (   0,    1) (   0,    2) (   9,    4) (   0,    1) (   0,    0) (   0,    0) (   0,    1) (   9,    4) (   0,    1)
          (   0,    0) (   0,    1) (   0,    2) (   9,    4) (   0,    1) (   0,    0) (   0,    1) (   0,    2) (   9,    4) (   0,    1)
          (   0,    0) (   0,    1) (   0,    2) (   9,    4) (   0,    1) (   0,    0) (   0,    1) (   0,    2) (   9,    4) (   0,    1)
          (   0,    0) (   0,    1) (   0,    2) (   9,    4) (   0,    1) (   0,    0) (   0,    1) (   0,    2) (   9,    4) (   0,    1)
          (   0,    0) (   0,    0) (   0,    1) (   9,    4) (   0,    1) (   0,    0) (   0,    1) (   0,    2) (   9,    4) (   0,    1)
          (   0,    0) (   0,    1) (   0,    2) (   9,    4) (   0,    1) (   0,    0) (   0,    1) (   0,    2) (   9,    4) (   0,    1)
          (   0,    0) (   0,    1) (   0,    2) (   9,    4) (   0,    1) (   0,    0) (   0,    1) (   0,    2) (   9,    4) (   0,    1)
          (   0,    0) (   0,    0) (   0,    1) (   9,    4) (   0,    1) (   0,    0) (   0,    1) (   0,    2) (   9,    4) (   0,    1)
          (   0,    0) (   0,    1) (   0,    2) (   9,    4) (   0,    1) (   0,    0) (   0,    1) (   0,    2) (   9,    4) (   0,    1)
          (   0,    0) (   0,    1) (   0,    2) (   9,    4) (   0,    1) (   0,    0) (   0,    1) (   0,    2) (   9,    4) (   0,    1)
          (   0,    0) (   0,    0) (   0,    0) (   9,    4) (   0,    1) (   0,    0) (   0,    1) (   0,    2) (   9,    4) (   0,    1)
          (   0,    0) (   0,    1) (   0,    2) (   9,    4) (   0,    1) (   0,    0) (   0,    1) (   0,    2) (   9,    4) (   0,    1)
          (   0,    0) (   0,    1) (   0,    2) (   9,    4) (   0,    1) (   0,    0) (   0,    1) (   0,    2) (   9,    4) (   0,    1)
          (   0,    0) (   0,    0) (   0,    0) (   9,    3) (   0,    1) (   0,    0) (   0,    1) (   0,    2) (   9,    4) (   0,    1)
          (   0,    0) (   0,    1) (   0,    2) (   9,    4) (   0,    1) (   0,    0) (   0,    1) (   0,    2) (   9,    4) (   0,    1)
          (   0,    0) (   0,    1) (   0,    2) (   9,    4) (   0,    1) (   0,    0) (   0,    1) (   0,    2) (   9,    4) (   0,    1)
          (   0,    0) (   0,    1) (   0,    2) (   9,    4) (   0,    1) (   0,    0) (   0,    1) (   0,    2) (   9,    4) (   0,    1)
          (   0,    0) (   0,    1) (   0,    2) (   9,    4) (   0,    1) (   0,    0) (   0,    1) (   0,    2) (   9,    4) (   0,    1)
          (   0,    0) (   0,    1) (   0,    2) (   9,    4) (   0,    1) (   0,    0) (   0,    1) (   0,    2) (   9,    4) (   0,    1)
          (   0,    0) (   0,    0) (   0,    0) (   8,    0) (   0,    0) (   0,    0) (   0,    1) (   0,    2) (   9,    4) (   0,    1)
          (   0,    0) (   0,    1) (   0,    2) (   9,    4) (   0,    1) (   0,    0) (   0,    1) (   0,    2) (   9,    4) (   0,    1)
          (   0,    0) (   0,    1) (   0,    2) (   9,    4) (   0,    1) (   0,    0) (   0,    1) (   0,    2) (   9,    4) (   0,    1)
          (   0,    0) (   0,    1) (   0,    2) (   9,    4) (   0,    1) (   0,    0) (   0,    1) (   0,    2) (   9,    4) (   0,    1)
          (   0,    0) (   0,    1) (   0,    2) (   9,    4) (   0,    1) (   0,    0) (   0,    1) (   0,    2) (   9,    4) (   0,    1)
          (   0,    0) (   0,    1) (   0,    2) (   9,    4) (   0,    1) (   0,    0) (   0,    1) (   0,    2) (   9,    4) (   0,    1)
          (   0,    0) (   0,    1) (   0,    2) (   9,    4) (   0,    1) (   0,    0) (   0,    0) (   0,    0) (   9,    2) (   0,    1)
          (   0,    0) (   0,    1) (   0,    2) (   9,    4) (   0,    1) (   0,    0) (   0,    1) (   0,    2) (   9,    4) (   0,    1)
          (   0,    0) (   0,    1) (   0,    2) (   9,    4) (   0,    1) (   0,    0) (   0,    1) (   0,    2) (   9,    4) (   0,    1)
          (   0,    0) (   0,    1) (   0,    2) (   9,    4) (   0,    1) (   0,    0) (   0,    1) (   0,    2) (   9,    4) (   0,    1)
          (   0,    0) (   0,    1) (   0,    2) (   9,    3) (   0,    1) (   0,    0) (   0,    1) (   0,    2) (   9,    4) (   0,    1)
          (   0,    0) (   0,    1) (   0,    2) (   9,    4) (   0,    1) (   0,    0) (   0,    0) (   0,    2) (   9,    4) (   0,    1)
          (   0,    0) (   0,    1) (   0,    2) (   9,    4) (   0,    1) (   0,    0) (   0,    1) (   0,    2) (   9,    4) (   0,    1)
          (   0,    0) (   0,    1) (   0,    2) (   9,    4) (   0,    1) (   0,    0) (   0,    1) (   0,    2) (   9,    4) (   0,    1)
          (   0,    0) (   0,    1) (   0,    2) (   9,    4) (   0,    1) (   0,    0) (   0,    0) (   0,    2) (   9,    4) (   0,    1)
          (   0,    0) (   0,    1) (   0,    2) (   9,    4) (   0,    1) (   0,    0) (   0,    1) (   0,    2) (   9,    4) (   0,    1)
          (   0,    0) (   0,    1) (   0,    2) (   9,    4) (   0,    1) (   0,    0) (   0,    1) (   0,    2) (   9,    4) (   0,    1)
          (   0,    0) (   0,    1) (   0,    2) (   9,    4) (   0,    1) (   0,    0) (   0,    1) (   0,    2) (   9,    4) (   0,    1)
          (   0,    0) (   0,    0) (   0,    1) (   9,    4) (   0,    1) (   0,    0) (   0,    1) (   0,    2) (   9,    4) (   0,    1)
          (   0,    0) (   0,    1) (   0,    2) (   9,    4) (   0,    1) (   0,    0) (   0,    1) (   0,    2) (   9,    4) (   0,    1)
          (   0,    0) (   0,    1) (   0,    2) (   9,    4) (   0,    1) (   0,    0) (   0,    0) (   0,    2) (   9,    4) (   0,    1)
          (   0,    0) (   0,    1) (   0,    2) (   9,    4) (   0,    1) (   0,    0) (   0,    1) (   0,    2) (   9,    4) (   0,    1)
          (   0,    0) (   0,    1) (   0,    2) (   9,    4) (   0,    1) (   0,    0) (   0,    1) (   0,    2) (   9,    4) (   0,    1)
          (   0,    0) (   0,    1) (   0,    2) (   9,    4) (   0,    1) (   0,    0) (   0,    1) (   0,    2) (   9,    4) (   0,    1)
          (   0,    0) (   0,    1) (   0,    2) (   9,    4) (   0,    1) (   0,    0) (   0,    1) (   0,    2) (   9,    4) (   0,    1)
          (   0,    0) (   0,    1) (   0,    2) (   9,    4) (   0,    1) (   0,    0) (   0,    1) (   0,    2) (   9,    4) (   0,    1)
          (   0,    0) (   0,    0) (   0,    1) (   9,    4) (   0,    1) (   0,    0) (   0,    1) (   0,    2) (   9,    4) (   0,    1)
          (   0,    0) (   0,    1) (   0,    2) (   9,    4) (   0,    1) (   0,    0) (   0,    1) (   0,    2) (   9,    4) (   0,    1)
          (   0,    0) (   0,    1) (   0,    2) (   9,    4) (   0,    1) (   0,    0) (   0,    0) (   0,    1) (   9,    3) (   0,    1)
          (   0,    0) (   0,    1) (   0,    2) (   9,    4) (   0,    1) (   0,    0) (   0,    1) (   0,    2) (   9,    4) (   0,    1)
         
node  10 sent_total   1250  recv_total   1089

