node   1  (   0,    0) (   4,    3) (   5,    4) (   5,    5) (   3,    3) (   5,    5) (   4,    4) (   2,    2) (   2,    2) (   1,    1)
          (   2,    2) (   1,    1) (   1,    1) (   1,    1) (   0,    1) (   0,    1) (   2,    1) (   1,    0) (   2,    2) (   4,    4)
          (   2,    2) (   1,    1) (   3,    3) (   3,    3) (   1,    1) (   2,    2) (   2,    2) (   2,    2) (   2,    2) (   1,    1)
          (   4,    4) (   4,    4) (   4,    4) (   2,    2) (   2,    2) (   1,    1) (   2,    2) (   1,    1) (   2,    2) (   3,    3)
          (   1,    1) (   2,    2) (   2,    2) (   3,    3) (   2,    2) (   1,    1) (   3,    3) (   1,    1) (   3,    3) (   1,    1)
          (   1,    1) (   2,    2) (   3,    3) (   0,    1) (   1,    1) (   1,    0) (   1,    2) (   1,    2) (   2,    2) (   1,    1)
          (   0,    1) (   2,    2) (   1,    0) (   1,    1) (   2,    2) (   2,    2) (   3,    3) (   3,    3) (   2,    2) (   2,    2)
          (   1,    2) (   2,    2) (   1,    1) (   2,    3) (   2,    2) (   1,    1) (   2,    2) (   3,    4) (   2,    2) (   2,    2)
          (   3,    3) (   1,    1) (   1,    1) (   3,    2) (   2,    3) (   1,    1) (   2,    2) (   2,    2) (   2,    2) (   2,    2)
          (   1,    2) (   2,    1) (   3,    3) (   2,    2) (   2,    2) (   3,    3) (   1,    3) (   2,    2) (   2,    1) (   0,    1)
          (   5,    5) (   1,    1) (   3,    3) (   2,    1) (   1,    1) (   2,    2) (   2,    1) (   3,    2) (   1,    1) (   2,    1)
          (   1,    1) (   2,    2) (   1,    1) (   1,    1) (   0,    1) (   0,    1) (   3,    3) (   1,    0) (   1,    0) (   4,    4)
          (   2,    2) (   2,    2) (   1,    1) (   3,    2) (   1,    2) (   1,    0) (   2,    1) (   1,    2) (   4,    4) (   2,    1)
          (   1,    2) (   1,    1) (   1,    1) (   1,    0) (   1,    1) (   2,    2) (   1,    1) (   2,    2) (   2,    2) (   1,    1)
          (   3,    3) (   1,    1) (   3,    3) (   2,    2) (   1,    1) (   3,    2) (   4,    5) (   1,    1) (   1,    1) (   2,    2)
          (   1,    1) (   1,    1) (   1,    1) (   2,    1) (   2,    2) (   2,    2) (   2,    3) (   1,    0) (   1,    1) (   2,    2)
          (   1,    1) (   0,    1) (   3,    3) (   1,    0) (   2,    1) (   2,    1) (   2,    1) (   3,    3) (   2,    2) (   1,    2)
          (   3,    3) (   4,    3) (   1,    2) (   2,    2) (   1,    1) (   2,    2) (   1,    2) (   1,    3) (   2,    2) (   2,    1)
          (   2,    1) (   3,    3) (   2,    2) (   2,    1) (   3,    3) (   2,    2) (   1,    1) (   2,    3) (   2,    2) (   1,    2)
          (   1,    1) (   2,    2) (   1,    1) (   2,    2) (   2,    2) (   2,    2) (   0,    2) (   2,    2) (   3,    2) (   2,    3)
          (   1,    0) (   3,    3) (   1,    1) (   1,    1) (   1,    1) (   1,    2) (   2,    3) (   1,    2) (   2,    2) (   2,    2)
          (   1,    1) (   2,    2) (   2,    2) (   1,    2) (   3,    3) (   1,    1) (   2,    2) (   2,    2) (   4,    4) (   1,    1)
          (   0,    1) (   1,    1) (   0,    0) (   2,    2) (   1,    0) (   1,    1) (   3,    3) (   1,    1) (   3,    2) (   1,    2)
          (   2,    1) (   1,    0) (   3,    3) (   2,    2) (   2,    2) (   3,    3) (   1,    1) (   2,    2) (   1,    1) (   4,    4)
          (   2,    2) (   4,    4) (   0,    1) (   1,    1) (   2,    1) (   2,    2) (   2,    2) (   1,    1) (   2,    2) (   1,    2)
          (   1,    1) (   3,    2) (   1,    2) (   1,    1) (   1,    1) (   1,    1) (   1,    2) (   1,    1) (   2,    3) (   1,    1)
          (   2,    2) (   1,    1) (   1,    1) (   1,    2) (   1,    2) (   1,    0) (   4,    3) (   3,    3) (   1,    1) (   3,    3)
          (   2,    2) (   3,    3) (   1,    2) (   2,    2) (   1,    0) (   2,    2) (   1,    1) (   2,    2) (   1,    1) (   1,    1)
          (   1,    1) (   1,    1) (   3,    3) (   3,    3) (   1,    1) (   3,    3) (   2,    2) (   0,    1) (   2,    1) (   2,    1)
          (   2,    2) (   1,    2) (   1,    2) (   4,    3) (   2,    1) (   1,    1) (   1,    1) (   2,    2) (   1,    1) (   2,    2)
          (   1,    1) (   3,    3) (   1,    1) (   1,    1) (   2,    2) (   2,    2) (   2,    2) (   1,    1) (   1,    1) (   1,    1)
          (   1,    1) (   2,    2) (   1,    1) (   4,    4) (   3,    3) (   2,    2) (   2,    2) (   1,    1) (   2,    2) (   1,    1)
          (   3,    3) (   2,    2) (   2,    2) (   3,    3) (   1,    1) (   4,    4) (   2,    2) (   1,    1) (   4,    4) (   1,    1)
          (   3,    3) (   2,    2) (   2,    2) (   3,    3) (   1,    1) (   2,    2) (   3,    3) (   3,    3) (   2,    2) (   2,    2)
          (   1,    1) (   5,    5) (   1,    1) (   3,    3) (   2,    2) (   2,    2) (   2,    2) (   1,    1) (   1,    1) (   2,    2)
          (   2,    2) (   2,    2) (   2,    2) (   2,    2) (   2,    2) (   2,    2) (   3,    3) (   2,    2) (   2,    2) (   1,    1)
          (   1,    1) (   2,    2) (   3,    3) (   2,    2) (   1,    1) (   1,    1) (   2,    2) (   1,    1) (   2,    2) (   2,    2)
          (   1,    1) (   1,    1) (   2,    2) (   3,    3) (   1,    1) (   1,    1) (   1,    1) (   3,    3) (   2,    2) (   2,    2)
          (   2,    2) (   4,    4) (   2,    2) (   3,    3) (   3,    3) (   3,    3) (   1,    1) (   2,    2) (   2,    2) (   1,    1)
          (   1,    1) (   2,    2) (   1,    1) (   3,    3) (   2,    2) (   4,    4) (   2,    2) (   1,    1) (   2,    2) (   1,    1)
          (   3,    3) (   2,    2) (   1,    1) (   4,    4) (   1,    1) (   2,    2) (   3,    3) (   1,    1) (   3,    3) (   1,    1)
          (   3,    3) (   3,    3) (   3,    3) (   1,    1) (   2,    2) (   1,    1) (   3,    3) (   2,    2) (   3,    3) (   2,    2)
          (   1,    1) (   2,    2) (   3,    3) (   1,    1) (   3,    3) (   1,    1) (   2,    2) (   1,    1) (   3,    3) (   2,    2)
          (   2,    2) (   2,    2) (   1,    1) (   3,    3) (   1,    1) (   3,    3) (   2,    2) (   2,    2) (   2,    2) (   2,    2)
          (   5,    5) (   2,    2) (   4,    4) (   2,    2) (   1,    1) (   2,    2) (   1,    1) (   1,    1) (   2,    2) (   1,    1)
          (   3,    3) (   1,    1) (   1,    1) (   1,    1) (   3,    3) (   1,    1) (   1,    1) (   2,    2) (   4,    4) (   3,    3)
          (   1,    1) (   3,    3) (   2,    2) (   1,    1) (   2,    2) (   1,    1) (   1,    1) (   2,    2) (   1,    1) (   2,    2)
          (   1,    1) (   1,    1) (   1,    1) (   1,    1) (   2,    2) (   3,    3) (   2,    2) (   4,    4) (   2,    2) (   1,    1)
          (   1,    1) (   3,    3) (   3,    3) (   1,    1) (   1,    1) (   2,    2) (   1,    1) (   1,    1) (   2,    2) (   2,    2)
          (   1,    1) (   2,    2) (   3,    3) (   1,    1) (   3,    3) (   2,    2) (   1,    1) (   2,    2) (   3,    3) (   3,    3)
          (   2,    2) (   3,    3) (   2,    2) (   4,    4) (   2,    2) (   1,    1) (   2,    2) (   2,    2) (   2,    2) (   2,    2)
          (   2,    2) (   2,    2) (   1,    1) (   1,    1) (   3,    3) (   1,    1) (   2,    2) (   1,    1) (   2,    2) (   3,    3)
          (   1,    1) (   2,    2) (   2,    2) (   1,    1) (   4,    4) (   2,    2) (   1,    1) (   2,    2) (   3,    3) (   1,    1)
          (   1,    1) (   4,    4) (   2,    2) (   3,    3) (   3,    3) (   2,    2) (   2,    2) (   2,    2) (   4,    4) (   1,    1)
          (   1,    1) (   2,    2) (   1,    1) (   5,    5) (   1,    1) (   3,    3) (   2,    2) (   1,    1) (   2,    2) (   2,    2)
          (   3,    3) (   4,    4) (   2,    2) (   2,    2) (   1,    1) (   1,    1) (   1,    1) (   3,    3) (   3,    3) (   2,    2)
          (   3,    3) (   1,    1) (   1,    1) (   1,    1) (   1,    1) (   4,    4) (   1,    1) (   4,    4) (   3,    3) (   1,    1)
          (   1,    1) (   1,    1) (   1,    1) (   1,    1) (   2,    2) (   1,    1) (   2,    2) (   1,    1) (   1,    1) (   3,    3)
          (   2,    2) (   2,    2) (   2,    2) (   2,    2) (   3,    3) (   3,    3) (   1,    1) (   2,    2) (   3,    3) (   1,    1)
          (   2,    2) (   3,    3) (   1,    1) (   2,    2) (   2,    2) (   1,    1) (   3,    3) (   4,    4) (   1,    1) (   2,    2)
          (   1,    1) (   2,    2) (   3,    3) (   3,    3) (   1,    1) (   2,    2) (   1,    1) (   1,    1) (   2,    2) (   1,    1)
          (   1,    1) (   2,    2) (   1,    1) (   2,    2) (   1,    1) (   1,    1) (   4,    4) (   2,    2) (   2,    2) (   2,    2)
          (   2,    2) (   1,    1) (   2,    2) (   2,    2) (   2,    2) (   3,    3) (   1,    1) (   5,    5) (   2,    2) (   3,    3)
          (   1,    1) (   3,    3) (   2,    2) (   1,    1) (   4,    4) (   2,    2) (   2,    2) (   1,    1) (   1,    1) (   2,    2)
          (   1,    1) (   1,    1) (   2,    2) (   2,    2) (   4,    4) (   1,    1) (   1,    1) (   1,    1) (   3,    3) (   1,    1)
          (   1,    1) (   1,    1) (   1,    1) (   4,    4) (   3,    3) (   3,    3) (   5,    5) (   1,    1) (   3,    3) (   2,    2)
          (   1,    1) (   2,    2) (   2,    2) (   1,    1) (   1,    1) (   4,    4) (   2,    2) (   2,    2) (   2,    2) (   2,    2)
          (   1,    1) (   4,    4) (   1,    1) (   1,    1) (   1,    1) (   2,    2) (   2,    2) (   1,    1) (   3,    3) (   3,    3)
          (   1,    1) (   1,    1) (   2,    2) (   2,    2) (   2,    2) (   2,    2) (   2,    2) (   1,    1) (   2,    2) (   2,    2)
          (   2,    2) (   1,    1) (   2,    2) (   2,    2) (   2,    2) (   2,    2) (   4,    4) (   2,    2) (   1,    1) (   1,    1)
         
node   1 sent_total   1323  recv_total   1326

node   2  (   1,    0) (   0,    0) (   1,    1) (   2,    1) (   2,    2) (   2,    2) (   1,    1) (   1,    1) (   2,    2) (   1,    1)
          (   2,    2) (   1,    1) (   2,    2) (   3,    3) (   5,    5) (   1,    1) (   1,    1) (   2,    2) (   1,    1) (   2,    2)
          (   2,    2) (   2,    2) (   3,    3) (   2,    2) (   2,    2) (   2,    2) (   1,    1) (   2,    2) (   4,    4) (   2,    2)
          (   2,    2) (   1,    1) (   2,    2) (   1,    1) (   2,    2) (   1,    1) (   2,    2) (   2,    2) (   3,    3) (   2,    2)
          (   2,    2) (   2,    2) (   1,    1) (   1,    1) (   1,    1) (   2,    2) (   3,    3) (   2,    2) (   1,    1) (   3,    3)
          (   3,    3) (   1,    2) (   2,    1) (   2,    2) (   3,    4) (   1,    1) (   2,    1) (   2,    1) (   1,    1) (   3,    3)
          (   3,    3) (   2,    2) (   1,    1) (   1,    1) (   1,    0) (   1,    2) (   1,    1) (   1,    0) (   3,    3) (   4,    4)
          (   2,    2) (   1,    1) (   2,    3) (   2,    2) (   2,    1) (   1,    1) (   0,    1) (   0,    1) (   0,    0) (   3,    2)
          (   1,    0) (   1,    0) (   3,    3) (   2,    2) (   1,    1) (   1,    1) (   1,    1) (   2,    2) (   3,    3) (   2,    2)
          (   1,    1) (   1,    1) (   2,    2) (   2,    2) (   1,    1) (   1,    0) (   2,    2) (   1,    0) (   1,    0) (   4,    4)
          (   1,    1) (   1,    2) (   1,    1) (   1,    1) (   2,    2) (   2,    1) (   1,    1) (   2,    2) (   2,    2) (   2,    1)
          (   2,    2) (   2,    2) (   3,    2) (   1,    1) (   1,    2) (   1,    1) (   0,    0) (   1,    1) (   2,    1) (   0,    1)
          (   2,    2) (   1,    0) (   1,    1) (   2,    2) (   2,    3) (   2,    2) (   0,    1) (   2,    2) (   1,    0) (   1,    1)
          (   1,    0) (   1,    2) (   0,    0) (   2,    1) (   2,    1) (   3,    3) (   2,    2) (   1,    1) (   2,    3) (   1,    1)
          (   1,    1) (   1,    2) (   1,    2) (   1,    1) (   1,    1) (   2,    2) (   4,    4) (   1,    1) (   3,    3) (   0,    1)
          (   0,    2) (   1,    1) (   4,    4) (   3,    3) (   3,    3) (   2,    2) (   1,    1) (   0,    1) (   1,    1) (   2,    1)
          (   0,    1) (   2,    2) (   1,    0) (   1,    2) (   3,    3) (   1,    0) (   1,    3) (   2,    2) (   1,    1) (   1,    1)
          (   3,    3) (   0,    1) (   1,    1) (   1,    0) (   2,    2) (   2,    2) (   3,    3) (   0,    1) (   0,    1) (   2,    1)
          (   1,    0) (   3,    3) (   2,    2) (   2,    2) (   1,    1) (   2,    1) (   2,    2) (   2,    2) (   1,    1) (   2,    2)
          (   2,    1) (   1,    2) (   3,    3) (   3,    2) (   2,    2) (   3,    3) (   2,    2) (   2,    2) (   1,    1) (   3,    3)
          (   5,    5) (   2,    2) (   2,    2) (   2,    2) (   2,    2) (   2,    1) (   2,    2) (   2,    1) (   1,    1) (   1,    2)
          (   1,    0) (   2,    1) (   1,    1) (   3,    3) (   2,    2) (   1,    1) (   2,    2) (   1,    2) (   1,    1) (   2,    1)
          (   1,    1) (   1,    1) (   3,    3) (   2,    2) (   1,    1) (   2,    2) (   2,    2) (   2,    3) (   2,    3) (   2,    2)
          (   1,    1) (   3,    3) (   3,    3) (   1,    1) (   1,    1) (   4,    4) (   2,    2) (   3,    3) (   2,    2) (   3,    3)
          (   3,    3) (   1,    1) (   3,    4) (   1,    0) (   2,    2) (   2,    2) (   1,    1) (   2,    2) (   2,    3) (   1,    1)
          (   1,    0) (   2,    2) (   2,    2) (   2,    2) (   3,    3) (   2,    2) (   1,    0) (   1,    0) (   0,    1) (   3,    3)
          (   1,    1) (   3,    3) (   1,    1) (   1,    1) (   0,    1) (   2,    1) (   1,    0) (   1,    1) (   1,    1) (   2,    2)
          (   2,    2) (   1,    2) (   2,    3) (   1,    0) (   2,    1) (   4,    4) (   1,    1) (   2,    2) (   1,    2) (   1,    0)
          (   1,    1) (   2,    2) (   2,    2) (   1,    1) (   6,    6) (   2,    2) (   3,    3) (   3,    3) (   0,    0) (   2,    2)
          (   2,    1) (   1,    2) (   1,    1) (   2,    1) (   1,    1) (   0,    1) (   1,    2) (   1,    0) (   2,    2) (   1,    1)
          (   1,    1) (   2,    1) (   1,    1) (   3,    3) (   1,    1) (   1,    1) (   2,    2) (   2,    2) (   2,    2) (   4,    4)
          (   2,    2) (   4,    4) (   2,    2) (   1,    1) (   4,    4) (   3,    3) (   3,    3) (   2,    2) (   2,    2) (   3,    3)
          (   1,    1) (   1,    1) (   3,    3) (   3,    3) (   2,    2) (   1,    1) (   2,    2) (   1,    1) (   1,    1) (   1,    1)
          (   0,    1) (   2,    2) (   3,    2) (   1,    1) (   2,    2) (   2,    2) (   3,    3) (   2,    2) (   1,    1) (   2,    2)
          (   1,    1) (   3,    3) (   3,    3) (   1,    1) (   1,    1) (   4,    4) (   4,    4) (   2,    2) (   3,    3) (   2,    2)
          (   2,    2) (   1,    1) (   2,    2) (   2,    2) (   1,    1) (   2,    2) (   1,    1) (   2,    2) (   1,    1) (   2,    2)
          (   4,    4) (   1,    1) (   1,    1) (   2,    2) (   2,    2) (   2,    2) (   2,    2) (   2,    2) (   2,    2) (   2,    2)
          (   3,    3) (   2,    2) (   1,    1) (   1,    1) (   1,    1) (   2,    2) (   1,    1) (   3,    3) (   2,    2) (   2,    2)
          (   4,    4) (   2,    2) (   2,    2) (   2,    2) (   1,    1) (   3,    3) (   1,    1) (   3,    3) (   1,    1) (   3,    3)
          (   4,    4) (   2,    2) (   2,    2) (   1,    1) (   3,    3) (   2,    2) (   1,    1) (   2,    2) (   2,    2) (   4,    4)
          (   1,    1) (   3,    3) (   1,    1) (   1,    1) (   2,    2) (   1,    1) (   1,    1) (   3,    3) (   2,    2) (   3,    3)
          (   1,    1) (   2,    2) (   1,    1) (   1,    1) (   3,    3) (   3,    3) (   3,    3) (   3,    3) (   2,    2) (   1,    1)
          (   3,    3) (   2,    2) (   4,    4) (   2,    2) (   2,    2) (   2,    2) (   2,    2) (   1,    1) (   3,    3) (   1,    1)
          (   2,    2) (   2,    2) (   4,    4) (   4,    4) (   1,    1) (   4,    4) (   2,    2) (   1,    1) (   3,    3) (   1,    1)
          (   2,    2) (   3,    3) (   3,    3) (   2,    2) (   2,    2) (   1,    1) (   2,    2) (   0,    1) (   2,    2) (   2,    1)
          (   1,    1) (   3,    3) (   1,    1) (   1,    1) (   1,    1) (   2,    2) (   2,    2) (   2,    2) (   3,    3) (   3,    3)
          (   2,    2) (   2,    2) (   1,    1) (   3,    3) (   1,    1) (   2,    2) (   2,    2) (   2,    2) (   3,    3) (   1,    1)
          (   1,    1) (   2,    2) (   2,    2) (   1,    1) (   3,    3) (   2,    2) (   2,    2) (   1,    1) (   2,    2) (   3,    3)
          (   3,    3) (   1,    1) (   3,    3) (   4,    4) (   2,    2) (   1,    1) (   1,    1) (   3,    3) (   1,    1) (   2,    2)
          (   2,    2) (   2,    2) (   3,    3) (   4,    4) (   3,    3) (   2,    2) (   1,    1) (   1,    1) (   2,    2) (   1,    1)
          (   4,    4) (   2,    2) (   1,    1) (   3,    3) (   2,    2) (   1,    1) (   1,    1) (   3,    3) (   2,    2) (   2,    2)
          (   3,    3) (   4,    4) (   2,    2) (   3,    3) (   2,    2) (   3,    3) (   1,    1) (   1,    1) (   3,    3) (   3,    3)
          (   2,    2) (   2,    2) (   2,    2) (   3,    3) (   2,    2) (   1,    1) (   2,    2) (   2,    2) (   2,    2) (   1,    1)
          (   2,    2) (   2,    2) (   1,    1) (   1,    1) (   2,    2) (   3,    3) (   1,    1) (   2,    2) (   1,    1) (   1,    1)
          (   1,    1) (   2,    2) (   4,    4) (   1,    1) (   1,    1) (   2,    2) (   2,    2) (   1,    1) (   3,    3) (   3,    3)
          (   1,    1) (   2,    2) (   1,    1) (   3,    3) (   1,    1) (   1,    1) (   1,    1) (   1,    1) (   1,    1) (   3,    3)
          (   2,    2) (   7,    7) (   2,    2) (   2,    2) (   2,    2) (   2,    2) (   2,    2) (   1,    1) (   2,    2) (   2,    2)
          (   2,    2) (   1,    1) (   2,    2) (   1,    1) (   3,    3) (   2,    2) (   4,    4) (   3,    3) (   2,    2) (   2,    2)
          (   3,    3) (   2,    2) (   3,    3) (   1,    1) (   2,    2) (   2,    2) (   2,    2) (   1,    1) (   2,    2) (   3,    3)
          (   2,    2) (   1,    1) (   4,    4) (   3,    3) (   2,    2) (   1,    1) (   1,    1) (   3,    3) (   1,    1) (   2,    2)
          (   2,    2) (   1,    1) (   3,    3) (   2,    2) (   2,    2) (   3,    3) (   2,    2) (   1,    1) (   1,    1) (   2,    2)
          (   3,    3) (   1,    1) (   3,    3) (   1,    1) (   4,    4) (   4,    4) (   1,    1) (   2,    2) (   2,    2) (   1,    1)
          (   1,    1) (   3,    3) (   1,    1) (   1,    1) (   2,    2) (   1,    1) (   1,    1) (   1,    1) (   2,    2) (   2,    2)
          (   2,    2) (   2,    2) (   2,    2) (   1,    1) (   2,    2) (   1,    1) (   2,    2) (   1,    1) (   3,    3) (   2,    2)
          (   2,    2) (   2,    2) (   2,    2) (   1,    1) (   1,    1) (   1,    1) (   2,    2) (   2,    2) (   1,    1) (   3,    3)
          (   2,    2) (   2,    2) (   5,    5) (   1,    1) (   3,    3) (   1,    1) (   2,    2) (   4,    4) (   2,    2) (   3,    3)
          (   2,    2) (   3,    3) (   2,    2) (   1,    1) (   2,    2) (   4,    4) (   1,    1) (   1,    1) (   4,    4) (   2,    2)
          (   2,    2) (   1,    1) (   1,    1) (   3,    3) (   4,    4) (   1,    1) (   3,    3) (   1,    1) (   1,    1) (   2,    2)
          (   2,    2) (   1,    1) (   2,    2) (   2,    2) (   2,    2) (   3,    3) (   2,    2) (   2,    2) (   2,    2) (   2,    2)
          (   3,    3) (   4,    4) (   2,    2) (   2,    2) (   1,    1) (   1,    1) (   2,    2) (   2,    2) (   3,    3) (   3,    3)
         
node   2 sent_total   1315  recv_total   1306

node   3  (   1,    0) (   0,    0) (   1,    1) (   1,    0) (   1,    1) (   2,    2) (   2,    2) (   3,    3) (   3,    3) (   1,    1)
          (   1,    1) (   2,    2) (   2,    2) (   2,    2) (   1,    1) (   2,    2) (   1,    1) (   3,    3) (   2,    2) (   1,    1)
          (   2,    2) (   4,    4) (   1,    1) (   2,    2) (   1,    1) (   2,    2) (   4,    4) (   1,    1) (   3,    3) (   2,    2)
          (   2,    2) (   1,    1) (   1,    1) (   2,    2) (   1,    1) (   3,    3) (   1,    1) (   4,    4) (   2,    2) (   1,    1)
          (   2,    2) (   3,    3) (   3,    3) (   2,    2) (   2,    2) (   2,    2) (   1,    1) (   2,    2) (   1,    1) (   1,    1)
          (   3,    3) (   2,    2) (   0,    0) (   1,    0) (   1,    0) (   1,    1) (   1,    2) (   1,    0) (   1,    1) (   3,    3)
          (   2,    3) (   1,    1) (   1,    1) (   1,    1) (   2,    2) (   2,    2) (   1,    1) (   1,    1) (   1,    0) (   2,    2)
          (   3,    3) (   1,    1) (   3,    2) (   2,    2) (   1,    1) (   2,    2) (   2,    2) (   2,    2) (   1,    1) (   1,    1)
          (   1,    1) (   2,    2) (   2,    3) (   2,    2) (   3,    3) (   2,    2) (   1,    0) (   2,    2) (   2,    2) (   1,    1)
          (   4,    5) (   1,    1) (   1,    1) (   1,    1) (   1,    0) (   2,    2) (   2,    2) (   2,    2) (   5,    5) (   3,    3)
          (   1,    0) (   1,    1) (   1,    0) (   4,    3) (   1,    3) (   0,    1) (   2,    1) (   1,    0) (   2,    2) (   1,    1)
          (   2,    2) (   1,    2) (   2,    2) (   2,    1) (   1,    2) (   3,    3) (   0,    0) (   2,    2) (   1,    2) (   2,    2)
          (   2,    2) (   1,    1) (   0,    1) (   3,    3) (   1,    0) (   1,    2) (   2,    2) (   1,    0) (   2,    2) (   1,    1)
          (   1,    2) (   2,    1) (   0,    0) (   0,    1) (   2,    1) (   4,    3) (   1,    1) (   2,    2) (   2,    2) (   3,    3)
          (   2,    2) (   3,    3) (   1,    1) (   1,    1) (   1,    2) (   3,    3) (   1,    1) (   0,    2) (   1,    1) (   2,    1)
          (   4,    4) (   2,    3) (   1,    0) (   2,    3) (   2,    3) (   1,    2) (   1,    1) (   2,    1) (   1,    1) (   0,    1)
          (   1,    1) (   1,    0) (   0,    1) (   0,    1) (   2,    2) (   1,    0) (   1,    1) (   2,    2) (   2,    2) (   4,    3)
          (   1,    1) (   4,    4) (   1,    2) (   2,    2) (   3,    2) (   1,    1) (   2,    2) (   2,    2) (   3,    4) (   1,    2)
          (   1,    1) (   3,    3) (   1,    1) (   1,    2) (   2,    2) (   2,    2) (   1,    1) (   0,    1) (   2,    2) (   4,    3)
          (   1,    1) (   1,    1) (   2,    2) (   3,    3) (   1,    1) (   0,    1) (   1,    1) (   2,    1) (   2,    2) (   1,    1)
          (   1,    0) (   2,    2) (   1,    3) (   2,    3) (   1,    1) (   2,    2) (   2,    1) (   1,    1) (   2,    2) (   2,    2)
          (   2,    2) (   1,    2) (   1,    2) (   1,    0) (   1,    1) (   2,    2) (   3,    2) (   3,    4) (   1,    1) (   3,    2)
          (   3,    3) (   2,    2) (   1,    0) (   2,    2) (   3,    3) (   3,    3) (   1,    1) (   3,    3) (   1,    1) (   2,    2)
          (   0,    1) (   0,    1) (   1,    0) (   1,    0) (   1,    1) (   2,    2) (   1,    1) (   1,    2) (   4,    4) (   1,    1)
          (   1,    1) (   2,    2) (   2,    2) (   2,    1) (   3,    3) (   2,    2) (   3,    2) (   1,    1) (   4,    4) (   1,    1)
          (   2,    4) (   1,    2) (   0,    1) (   1,    0) (   2,    1) (   1,    1) (   0,    1) (   3,    3) (   1,    0) (   1,    1)
          (   1,    1) (   3,    3) (   3,    3) (   2,    2) (   2,    2) (   2,    3) (   1,    1) (   1,    1) (   3,    2) (   1,    1)
          (   0,    1) (   2,    2) (   1,    0) (   1,    1) (   2,    2) (   1,    1) (   2,    2) (   1,    1) (   3,    4) (   1,    1)
          (   1,    0) (   1,    1) (   2,    2) (   2,    2) (   0,    1) (   1,    1) (   1,    0) (   1,    1) (   3,    3) (   2,    2)
          (   2,    2) (   1,    2) (   1,    1) (   2,    2) (   2,    3) (   3,    3) (   2,    2) (   1,    1) (   2,    2) (   2,    2)
          (   1,    1) (   2,    2) (   2,    2) (   2,    2) (   2,    2) (   1,    1) (   1,    1) (   3,    3) (   2,    2) (   2,    2)
          (   1,    1) (   2,    2) (   3,    3) (   1,    1) (   1,    1) (   1,    1) (   1,    1) (   4,    4) (   1,    1) (   3,    3)
          (   1,    1) (   2,    2) (   2,    2) (   1,    1) (   3,    3) (   1,    1) (   1,    1) (   3,    3) (   2,    2) (   1,    1)
          (   1,    1) (   3,    3) (   2,    2) (   5,    5) (   1,    1) (   1,    1) (   2,    2) (   3,    3) (   3,    3) (   4,    4)
          (   3,    3) (   1,    1) (   2,    2) (   1,    1) (   2,    2) (   1,    1) (   2,    2) (   2,    2) (   2,    2) (   1,    1)
          (   2,    2) (   3,    3) (   3,    3) (   3,    3) (   2,    2) (   2,    2) (   1,    1) (   3,    3) (   3,    3) (   2,    2)
          (   2,    2) (   3,    3) (   2,    2) (   2,    2) (   3,    3) (   2,    2) (   1,    1) (   2,    2) (   2,    2) (   2,    2)
          (   2,    2) (   2,    2) (   4,    4) (   2,    2) (   3,    3) (   4,    4) (   2,    2) (   2,    2) (   2,    2) (   2,    2)
          (   3,    3) (   2,    2) (   2,    2) (   2,    2) (   4,    4) (   1,    1) (   2,    2) (   3,    3) (   1,    1) (   2,    2)
          (   3,    3) (   4,    4) (   1,    1) (   1,    1) (   2,    2) (   2,    2) (   3,    3) (   3,    3) (   2,    2) (   1,    1)
          (   1,    1) (   2,    2) (   3,    3) (   2,    2) (   3,    3) (   1,    1) (   2,    2) (   1,    1) (   1,    1) (   2,    2)
          (   3,    3) (   2,    2) (   1,    1) (   2,    2) (   2,    2) (   2,    2) (   1,    1) (   1,    1) (   2,    2) (   1,    1)
          (   2,    2) (   2,    2) (   1,    1) (   1,    1) (   1,    1) (   2,    2) (   1,    1) (   2,    2) (   2,    2) (   3,    3)
          (   1,    1) (   1,    1) (   3,    3) (   1,    1) (   2,    2) (   4,    4) (   1,    1) (   3,    3) (   2,    2) (   1,    1)
          (   2,    2) (   2,    2) (   3,    3) (   1,    1) (   4,    4) (   2,    2) (   1,    1) (   2,    2) (   2,    2) (   2,    2)
          (   3,    3) (   2,    2) (   1,    1) (   2,    2) (   1,    1) (   3,    3) (   4,    4) (   3,    3) (   1,    1) (   1,    1)
          (   1,    1) (   2,    2) (   1,    1) (   2,    2) (   2,    2) (   3,    3) (   2,    2) (   2,    2) (   2,    2) (   3,    3)
          (   2,    2) (   2,    2) (   1,    1) (   5,    5) (   1,    1) (   1,    1) (   1,    1) (   1,    1) (   2,    2) (   1,    1)
          (   1,    1) (   3,    3) (   3,    3) (   1,    1) (   2,    2) (   2,    2) (   2,    2) (   3,    3) (   3,    3) (   2,    2)
          (   1,    1) (   2,    2) (   2,    2) (   2,    2) (   2,    2) (   1,    1) (   3,    3) (   1,    1) (   3,    3) (   1,    1)
          (   1,    1) (   3,    3) (   2,    2) (   3,    3) (   3,    3) (   3,    3) (   3,    3) (   1,    1) (   3,    3) (   1,    1)
          (   1,    1) (   2,    2) (   4,    4) (   1,    1) (   2,    2) (   2,    2) (   1,    1) (   1,    1) (   1,    1) (   2,    2)
          (   1,    1) (   1,    1) (   3,    3) (   2,    2) (   1,    1) (   1,    1) (   1,    1) (   1,    1) (   2,    2) (   3,    3)
          (   2,    2) (   1,    1) (   2,    2) (   3,    3) (   4,    4) (   2,    2) (   1,    1) (   3,    3) (   3,    3) (   2,    2)
          (   1,    1) (   2,    2) (   4,    4) (   1,    1) (   2,    2) (   4,    4) (   3,    3) (   2,    2) (   1,    1) (   2,    2)
          (   2,    2) (   2,    2) (   3,    3) (   2,    2) (   3,    3) (   3,    3) (   1,    1) (   3,    3) (   1,    1) (   1,    1)
          (   1,    1) (   1,    1) (   2,    2) (   1,    1) (   1,    1) (   2,    2) (   2,    2) (   1,    1) (   2,    2) (   1,    1)
          (   2,    2) (   3,    3) (   1,    1) (   2,    2) (   2,    2) (   1,    1) (   1,    1) (   2,    2) (   2,    2) (   1,    1)
          (   1,    1) (   3,    3) (   2,    2) (   4,    4) (   1,    1) (   1,    1) (   1,    1) (   2,    2) (   2,    2) (   1,    1)
          (   1,    1) (   3,    3) (   2,    2) (   2,    2) (   2,    2) (   3,    3) (   1,    1) (   3,    3) (   4,    4) (   1,    1)
          (   1,    1) (   2,    2) (   2,    2) (   2,    2) (   1,    1) (   2,    2) (   2,    2) (   1,    1) (   6,    6) (   1,    1)
          (   2,    2) (   2,    2) (   1,    1) (   2,    2) (   1,    1) (   2,    2) (   1,    1) (   1,    1) (   3,    3) (   3,    3)
          (   1,    1) (   2,    2) (   1,    1) (   1,    1) (   2,    2) (   1,    1) (   2,    2) (   2,    2) (   1,    1) (   1,    1)
          (   2,    2) (   1,    1) (   1,    1) (   2,    2) (   1,    1) (   1,    1) (   2,    2) (   2,    2) (   2,    2) (   2,    2)
          (   2,    2) (   4,    4) (   2,    2) (   1,    1) (   3,    3) (   4,    4) (   3,    3) (   3,    3) (   1,    1) (   2,    2)
          (   2,    2) (   2,    2) (   3,    3) (   1,    1) (   1,    1) (   2,    2) (   2,    2) (   2,    2) (   3,    3) (   2,    2)
          (   2,    2) (   4,    4) (   2,    2) (   4,    4) (   1,    1) (   1,    1) (   2,    2) (   1,    1) (   2,    2) (   1,    1)
          (   3,    3) (   1,    1) (   3,    3) (   3,    3) (   1,    1) (   2,    2) (   2,    2) (   2,    2) (   4,    4) (   1,    1)
          (   2,    2) (   1,    1) (   3,    3) (   1,    1) (   3,    3) (   2,    2) (   1,    1) (   1,    1) (   1,    1) (   2,    2)
          (   2,    2) (   1,    1) (   4,    4) (   1,    1) (   2,    2) (   3,    3) (   1,    1) (   1,    1) (   1,    1) (   1,    1)
         
node   3 sent_total   1280  recv_total   1284

node   4  (   1,    0) (   0,    0) (   2,    2) (   1,    0) (   3,    3) (   2,    2) (   1,    1) (   3,    3) (   1,    1) (   2,    2)
          (   2,    2) (   1,    1) (   1,    1) (   1,    1) (   0,    1) (   2,    2) (   2,    1) (   1,    1) (   1,    1) (   1,    1)
          (   2,    2) (   1,    1) (   2,    2) (   2,    2) (   1,    1) (   2,    2) (   3,    3) (   1,    1) (   1,    1) (   2,    2)
          (   1,    1) (   3,    3) (   3,    3) (   2,    2) (   1,    1) (   2,    2) (   1,    1) (   1,    1) (   2,    2) (   2,    2)
          (   2,    2) (   3,    3) (   2,    2) (   4,    4) (   1,    1) (   3,    3) (   2,    2) (   4,    4) (   1,    1) (   4,    4)
          (   1,    1) (   1,    1) (   2,    3) (   2,    2) (   1,    1) (   2,    2) (   2,    2) (   0,    1) (   2,    1) (   3,    2)
          (   1,    1) (   1,    1) (   2,    2) (   3,    3) (   2,    2) (   1,    1) (   1,    1) (   1,    1) (   0,    2) (   1,    2)
          (   2,    1) (   1,    2) (   1,    0) (   1,    0) (   1,    1) (   2,    2) (   2,    1) (   2,    2) (   1,    1) (   1,    1)
          (   1,    1) (   4,    4) (   1,    1) (   0,    1) (   2,    2) (   2,    1) (   1,    0) (   3,    4) (   2,    3) (   3,    3)
          (   1,    1) (   2,    1) (   1,    0) (   2,    4) (   2,    3) (   1,    1) (   1,    0) (   3,    3) (   1,    1) (   1,    1)
          (   2,    2) (   3,    3) (   0,    0) (   2,    2) (   2,    1) (   2,    2) (   2,    2) (   1,    1) (   2,    2) (   1,    2)
          (   1,    1) (   1,    0) (   2,    2) (   1,    2) (   3,    3) (   0,    0) (   0,    0) (   1,    0) (   0,    0) (   2,    2)
          (   1,    0) (   1,    1) (   1,    2) (   1,    1) (   1,    0) (   2,    2) (   2,    2) (   2,    2) (   2,    2) (   3,    5)
          (   4,    4) (   2,    2) (   4,    4) (   0,    0) (   2,    2) (   1,    0) (   1,    2) (   2,    2) (   3,    2) (   2,    2)
          (   1,    1) (   1,    1) (   3,    3) (   3,    3) (   2,    2) (   1,    0) (   1,    0) (   1,    1) (   2,    3) (   2,    2)
          (   2,    2) (   3,    3) (   2,    2) (   1,    1) (   2,    2) (   1,    1) (   1,    1) (   3,    3) (   3,    3) (   0,    2)
          (   2,    1) (   2,    1) (   3,    3) (   3,    3) (   1,    1) (   1,    0) (   2,    1) (   1,    0) (   2,    2) (   1,    1)
          (   1,    1) (   1,    2) (   1,    1) (   1,    0) (   0,    1) (   1,    2) (   2,    1) (   1,    0) (   1,    0) (   2,    3)
          (   0,    1) (   1,    1) (   1,    1) (   3,    3) (   0,    1) (   3,    3) (   4,    3) (   3,    3) (   2,    2) (   2,    2)
          (   1,    1) (   2,    2) (   2,    2) (   1,    1) (   4,    4) (   2,    2) (   2,    1) (   3,    2) (   2,    2) (   1,    1)
          (   0,    1) (   0,    1) (   1,    0) (   0,    0) (   3,    3) (   2,    1) (   3,    3) (   1,    2) (   1,    1) (   1,    0)
          (   0,    1) (   1,    1) (   2,    1) (   2,    1) (   1,    1) (   1,    1) (   4,    4) (   2,    2) (   1,    1) (   1,    1)
          (   3,    3) (   1,    1) (   1,    1) (   3,    3) (   2,    2) (   2,    2) (   1,    1) (   3,    3) (   3,    3) (   1,    0)
          (   1,    1) (   1,    1) (   2,    2) (   1,    1) (   2,    3) (   1,    1) (   2,    2) (   2,    2) (   2,    1) (   1,    1)
          (   1,    1) (   1,    1) (   1,    1) (   3,    3) (   1,    1) (   3,    4) (   1,    1) (   1,    1) (   1,    2) (   2,    2)
          (   1,    0) (   1,    1) (   0,    0) (   3,    3) (   3,    2) (   1,    1) (   3,    3) (   4,    4) (   2,    3) (   2,    3)
          (   1,    1) (   1,    1) (   1,    1) (   1,    0) (   1,    2) (   1,    1) (   3,    2) (   3,    2) (   2,    2) (   1,    1)
          (   1,    2) (   1,    1) (   2,    2) (   1,    1) (   1,    2) (   1,    1) (   3,    2) (   3,    3) (   1,    2) (   1,    1)
          (   3,    3) (   2,    2) (   1,    1) (   2,    2) (   2,    2) (   1,    1) (   2,    2) (   2,    2) (   2,    1) (   2,    2)
          (   1,    1) (   3,    3) (   1,    2) (   1,    1) (   3,    3) (   1,    1) (   2,    2) (   1,    1) (   1,    2) (   1,    0)
          (   1,    1) (   2,    1) (   1,    1) (   2,    2) (   0,    1) (   3,    3) (   0,    0) (   1,    1) (   3,    2) (   2,    2)
          (   3,    3) (   4,    4) (   3,    3) (   2,    2) (   2,    2) (   1,    1) (   2,    2) (   1,    1) (   1,    1) (   1,    1)
          (   1,    1) (   2,    2) (   3,    3) (   1,    1) (   3,    3) (   2,    2) (   3,    3) (   3,    3) (   2,    2) (   3,    3)
          (   3,    3) (   2,    2) (   3,    3) (   2,    2) (   3,    3) (   4,    4) (   1,    1) (   1,    1) (   2,    2) (   1,    1)
          (   2,    2) (   2,    2) (   3,    3) (   3,    3) (   3,    3) (   1,    1) (   2,    2) (   1,    1) (   4,    4) (   2,    2)
          (   1,    1) (   1,    1) (   1,    1) (   3,    3) (   2,    2) (   1,    1) (   2,    2) (   2,    2) (   3,    3) (   2,    2)
          (   3,    3) (   2,    2) (   4,    4) (   4,    4) (   2,    2) (   1,    1) (   2,    2) (   3,    3) (   1,    1) (   1,    1)
          (   3,    3) (   2,    2) (   1,    1) (   2,    2) (   1,    1) (   1,    1) (   1,    1) (   2,    2) (   3,    3) (   2,    2)
          (   1,    1) (   1,    1) (   1,    1) (   2,    2) (   2,    2) (   3,    3) (   2,    2) (   3,    3) (   2,    2) (   1,    1)
          (   2,    2) (   1,    1) (   2,    2) (   1,    1) (   2,    2) (   1,    1) (   2,    2) (   2,    2) (   1,    1) (   2,    2)
          (   4,    4) (   1,    1) (   2,    2) (   2,    2) (   1,    1) (   4,    4) (   2,    2) (   4,    4) (   2,    2) (   2,    2)
          (   1,    1) (   3,    3) (   1,    1) (   3,    3) (   1,    1) (   1,    1) (   3,    3) (   2,    2) (   1,    1) (   3,    3)
          (   1,    1) (   1,    1) (   1,    1) (   1,    1) (   0,    1) (   1,    1) (   1,    0) (   2,    2) (   2,    2) (   1,    1)
          (   1,    1) (   1,    1) (   1,    1) (   1,    1) (   3,    3) (   1,    1) (   3,    3) (   1,    1) (   2,    2) (   1,    1)
          (   2,    2) (   2,    2) (   1,    1) (   1,    1) (   0,    1) (   2,    2) (   3,    2) (   4,    4) (   2,    2) (   2,    2)
          (   2,    2) (   2,    2) (   3,    3) (   1,    1) (   3,    3) (   1,    1) (   2,    2) (   2,    2) (   2,    2) (   2,    2)
          (   3,    3) (   1,    1) (   1,    1) (   1,    1) (   3,    3) (   1,    1) (   2,    2) (   1,    1) (   3,    3) (   2,    2)
          (   1,    1) (   2,    2) (   1,    1) (   3,    3) (   3,    3) (   1,    1) (   3,    3) (   4,    4) (   3,    3) (   3,    3)
          (   3,    3) (   3,    3) (   2,    2) (   1,    1) (   2,    2) (   2,    2) (   1,    1) (   1,    1) (   1,    1) (   1,    1)
          (   0,    1) (   3,    3) (   1,    0) (   3,    3) (   2,    2) (   2,    2) (   3,    3) (   4,    4) (   2,    2) (   3,    3)
          (   2,    2) (   1,    1) (   1,    1) (   1,    1) (   3,    3) (   1,    1) (   2,    2) (   1,    1) (   1,    1) (   1,    1)
          (   5,    5) (   1,    1) (   1,    1) (   2,    2) (   2,    2) (   1,    1) (   2,    2) (   1,    1) (   3,    3) (   1,    1)
          (   1,    1) (   2,    2) (   3,    3) (   2,    2) (   2,    2) (   3,    3) (   3,    3) (   1,    1) (   2,    2) (   2,    2)
          (   3,    3) (   1,    1) (   3,    3) (   3,    3) (   2,    2) (   2,    2) (   1,    1) (   2,    2) (   2,    2) (   2,    2)
          (   4,    4) (   2,    2) (   1,    1) (   3,    3) (   3,    3) (   1,    1) (   1,    1) (   1,    1) (   1,    1) (   1,    1)
          (   0,    1) (   0,    1) (   2,    1) (   1,    0) (   2,    2) (   2,    2) (   2,    2) (   2,    2) (   2,    2) (   3,    3)
          (   2,    2) (   1,    1) (   4,    4) (   1,    1) (   2,    2) (   2,    2) (   2,    2) (   3,    3) (   1,    1) (   2,    2)
          (   3,    3) (   2,    2) (   3,    3) (   1,    1) (   1,    1) (   2,    2) (   2,    2) (   1,    1) (   1,    1) (   2,    2)
          (   3,    3) (   1,    1) (   2,    2) (   1,    1) (   1,    1) (   3,    3) (   3,    3) (   2,    2) (   2,    2) (   1,    1)
          (   3,    3) (   2,    2) (   2,    2) (   1,    1) (   3,    3) (   3,    3) (   1,    1) (   1,    1) (   2,    2) (   2,    2)
          (   3,    3) (   2,    2) (   1,    1) (   4,    4) (   4,    4) (   1,    1) (   2,    2) (   3,    3) (   1,    1) (   2,    2)
          (   2,    2) (   1,    1) (   1,    1) (   2,    2) (   1,    1) (   2,    2) (   2,    2) (   2,    2) (   2,    2) (   2,    2)
          (   3,    3) (   2,    2) (   3,    3) (   2,    2) (   2,    2) (   2,    2) (   2,    2) (   2,    2) (   1,    1) (   2,    2)
          (   2,    2) (   2,    2) (   4,    4) (   2,    2) (   3,    3) (   1,    1) (   2,    2) (   2,    2) (   2,    2) (   1,    1)
          (   1,    1) (   1,    1) (   2,    2) (   5,    5) (   2,    2) (   1,    1) (   1,    1) (   2,    2) (   1,    1) (   2,    2)
          (   3,    3) (   2,    2) (   1,    1) (   2,    2) (   1,    1) (   2,    2) (   2,    2) (   2,    2) (   2,    2) (   2,    2)
          (   1,    1) (   1,    1) (   2,    2) (   2,    2) (   3,    3) (   1,    1) (   1,    1) (   3,    3) (   3,    3) (   1,    1)
          (   3,    3) (   2,    2) (   2,    2) (   4,    4) (   1,    1) (   3,    3) (   1,    1) (   2,    2) (   1,    1) (   5,    5)
          (   1,    1) (   2,    2) (   1,    1) (   4,    4) (   1,    1) (   1,    1) (   3,    3) (   1,    1) (   1,    1) (   1,    1)
          (   2,    2) (   1,    1) (   1,    1) (   1,    1) (   2,    2) (   3,    3) (   1,    1) (   2,    2) (   3,    3) (   2,    2)
         
node   4 sent_total   1262  recv_total   1254

node   5  (   0,    0) (   1,    0) (   0,    0) (   1,    1) (   3,    2) (   3,    3) (   2,    2) (   3,    3) (   2,    2) (   1,    1)
          (   1,    1) (   3,    3) (   1,    1) (   2,    2) (   1,    1) (   3,    3) (   2,    2) (   2,    2) (   3,    3) (   3,    3)
          (   2,    2) (   1,    1) (   1,    1) (   2,    2) (   3,    3) (   3,    3) (   1,    1) (   4,    4) (   1,    1) (   2,    2)
          (   2,    2) (   1,    1) (   2,    2) (   1,    1) (   2,    2) (   2,    2) (   5,    5) (   2,    2) (   2,    2) (   2,    2)
          (   3,    3) (   2,    2) (   3,    3) (   1,    1) (   1,    1) (   1,    1) (   2,    2) (   1,    1) (   1,    1) (   2,    2)
          (   2,    2) (   3,    4) (   0,    1) (   2,    2) (   2,    1) (   2,    2) (   2,    3) (   4,    4) (   2,    2) (   1,    1)
          (   1,    1) (   1,    1) (   1,    1) (   0,    1) (   1,    1) (   0,    0) (   3,    3) (   1,    0) (   1,    2) (   1,    0)
          (   1,    0) (   1,    2) (   2,    1) (   1,    1) (   1,    1) (   1,    0) (   2,    2) (   2,    2) (   1,    1) (   2,    2)
          (   1,    0) (   2,    2) (   4,    4) (   1,    1) (   3,    3) (   1,    1) (   2,    2) (   1,    1) (   1,    0) (   3,    2)
          (   2,    2) (   1,    0) (   1,    0) (   2,    2) (   1,    0) (   2,    2) (   1,    1) (   2,    2) (   2,    2) (   2,    2)
          (   1,    1) (   1,    2) (   2,    2) (   2,    1) (   1,    1) (   2,    1) (   2,    2) (   2,    2) (   1,    0) (   3,    2)
          (   0,    1) (   2,    2) (   2,    1) (   1,    1) (   1,    1) (   3,    3) (   1,    2) (   1,    1) (   1,    0) (   2,    2)
          (   2,    2) (   2,    2) (   3,    3) (   0,    1) (   2,    2) (   1,    0) (   2,    2) (   1,    1) (   0,    1) (   2,    2)
          (   1,    1) (   0,    2) (   0,    1) (   2,    1) (   2,    1) (   1,    1) (   2,    2) (   1,    0) (   1,    2) (   1,    2)
          (   1,    0) (   2,    2) (   0,    1) (   2,    1) (   2,    1) (   2,    2) (   1,    1) (   4,    4) (   2,    1) (   1,    2)
          (   1,    1) (   1,    0) (   3,    3) (   0,    1) (   2,    2) (   3,    3) (   1,    2) (   5,    4) (   2,    1) (   2,    2)
          (   1,    1) (   3,    3) (   1,    1) (   3,    3) (   1,    1) (   2,    2) (   2,    1) (   2,    1) (   1,    1) (   2,    2)
          (   1,    1) (   1,    1) (   3,    3) (   0,    1) (   3,    3) (   1,    0) (   2,    2) (   2,    2) (   2,    2) (   2,    1)
          (   3,    3) (   1,    1) (   1,    1) (   1,    1) (   1,    1) (   2,    2) (   3,    3) (   3,    3) (   2,    2) (   1,    1)
          (   2,    2) (   3,    2) (   1,    1) (   1,    1) (   2,    2) (   1,    2) (   1,    1) (   2,    1) (   1,    1) (   1,    1)
          (   4,    4) (   2,    2) (   2,    2) (   1,    1) (   1,    2) (   1,    2) (   1,    1) (   5,    5) (   2,    1) (   1,    2)
          (   3,    3) (   2,    1) (   1,    2) (   2,    2) (   1,    0) (   2,    2) (   2,    2) (   1,    1) (   1,    1) (   2,    3)
          (   2,    2) (   1,    1) (   1,    1) (   2,    2) (   1,    1) (   2,    3) (   2,    2) (   2,    1) (   2,    2) (   2,    3)
          (   1,    1) (   1,    0) (   2,    2) (   2,    2) (   1,    1) (   1,    1) (   3,    3) (   3,    3) (   1,    1) (   1,    1)
          (   2,    2) (   0,    1) (   2,    2) (   3,    2) (   2,    2) (   2,    2) (   3,    3) (   3,    3) (   2,    3) (   1,    1)
          (   2,    2) (   1,    1) (   3,    3) (   2,    2) (   3,    2) (   3,    3) (   4,    3) (   1,    1) (   2,    2) (   0,    1)
          (   2,    1) (   0,    0) (   1,    1) (   2,    2) (   2,    3) (   1,    1) (   1,    0) (   1,    2) (   1,    1) (   2,    2)
          (   1,    1) (   2,    2) (   1,    1) (   2,    2) (   1,    1) (   1,    1) (   1,    0) (   1,    1) (   4,    4) (   5,    4)
          (   3,    4) (   2,    2) (   1,    1) (   1,    1) (   2,    1) (   0,    1) (   1,    2) (   1,    0) (   0,    1) (   2,    1)
          (   3,    2) (   1,    1) (   1,    0) (   1,    1) (   0,    0) (   0,    1) (   1,    0) (   0,    0) (   0,    1) (   0,    0)
          (   0,    0) (   0,    0) (   0,    0) (   3,    2) (   1,    0) (   2,    2) (   1,    1) (   1,    1) (   2,    2) (   1,    1)
          (   3,    3) (   1,    1) (   1,    1) (   2,    2) (   3,    3) (   3,    3) (   2,    2) (   3,    3) (   3,    3) (   2,    2)
          (   2,    2) (   2,    2) (   1,    1) (   3,    3) (   1,    1) (   1,    1) (   1,    1) (   2,    2) (   4,    4) (   3,    3)
          (   1,    1) (   3,    3) (   2,    2) (   1,    1) (   2,    2) (   1,    1) (   1,    1) (   2,    2) (   2,    2) (   3,    3)
          (   3,    3) (   2,    2) (   1,    1) (   2,    2) (   1,    1) (   2,    2) (   3,    3) (   4,    4) (   1,    1) (   2,    2)
          (   4,    4) (   2,    2) (   1,    1) (   1,    1) (   4,    4) (   3,    3) (   2,    2) (   2,    2) (   2,    2) (   4,    4)
          (   1,    1) (   3,    3) (   2,    2) (   2,    2) (   1,    1) (   2,    2) (   2,    2) (   3,    3) (   3,    3) (   1,    1)
          (   1,    1) (   1,    1) (   1,    1) (   2,    2) (   1,    1) (   3,    3) (   5,    5) (   2,    2) (   1,    1) (   2,    2)
          (   1,    1) (   2,    2) (   3,    3) (   2,    2) (   1,    1) (   1,    1) (   4,    4) (   1,    1) (   3,    3) (   4,    4)
          (   1,    1) (   3,    3) (   3,    3) (   3,    3) (   2,    2) (   1,    1) (   1,    1) (   2,    2) (   2,    2) (   4,    4)
          (   1,    1) (   2,    2) (   1,    1) (   2,    2) (   1,    1) (   2,    2) (   3,    3) (   1,    1) (   1,    1) (   2,    2)
          (   1,    1) (   1,    1) (   3,    3) (   2,    2) (   1,    1) (   2,    2) (   2,    2) (   2,    2) (   1,    1) (   2,    2)
          (   1,    1) (   2,    2) (   2,    2) (   2,    2) (   2,    2) (   1,    1) (   4,    4) (   2,    2) (   3,    3) (   2,    2)
          (   2,    2) (   3,    3) (   1,    1) (   2,    2) (   1,    1) (   1,    1) (   3,    3) (   2,    2) (   1,    1) (   4,    4)
          (   1,    1) (   1,    1) (   1,    1) (   1,    1) (   2,    2) (   2,    2) (   2,    2) (   2,    2) (   3,    3) (   4,    4)
          (   2,    2) (   3,    3) (   2,    2) (   3,    3) (   2,    2) (   4,    4) (   2,    2) (   2,    2) (   1,    1) (   1,    1)
          (   1,    1) (   1,    1) (   5,    5) (   2,    2) (   3,    3) (   1,    1) (   2,    2) (   1,    1) (   1,    1) (   4,    4)
          (   4,    4) (   1,    1) (   3,    3) (   2,    2) (   1,    1) (   3,    3) (   2,    2) (   1,    1) (   1,    1) (   1,    1)
          (   2,    2) (   3,    3) (   3,    3) (   4,    4) (   3,    3) (   2,    2) (   2,    2) (   3,    3) (   3,    3) (   1,    1)
          (   4,    4) (   2,    2) (   2,    2) (   2,    2) (   1,    1) (   2,    2) (   2,    2) (   1,    1) (   2,    2) (   2,    2)
          (   2,    2) (   1,    1) (   1,    1) (   2,    2) (   3,    3) (   2,    2) (   1,    1) (   5,    5) (   2,    2) (   1,    1)
          (   1,    1) (   1,    1) (   2,    2) (   1,    1) (   1,    1) (   2,    2) (   4,    4) (   1,    1) (   2,    2) (   1,    1)
          (   3,    3) (   1,    1) (   4,    4) (   1,    1) (   2,    2) (   2,    2) (   3,    3) (   2,    2) (   2,    2) (   2,    2)
          (   2,    2) (   1,    1) (   2,    2) (   1,    1) (   1,    1) (   2,    2) (   3,    3) (   1,    1) (   1,    1) (   1,    1)
          (   3,    3) (   1,    1) (   1,    1) (   2,    2) (   3,    3) (   3,    3) (   2,    2) (   4,    4) (   4,    4) (   2,    2)
          (   4,    4) (   1,    1) (   3,    3) (   2,    2) (   3,    3) (   2,    2) (   1,    1) (   2,    2) (   1,    1) (   1,    1)
          (   4,    4) (   2,    2) (   3,    3) (   2,    2) (   4,    4) (   1,    1) (   2,    2) (   1,    1) (   1,    1) (   3,    3)
          (   1,    1) (   2,    2) (   1,    1) (   2,    2) (   1,    1) (   2,    2) (   2,    2) (   2,    2) (   2,    2) (   3,    3)
          (   2,    2) (   1,    1) (   2,    2) (   1,    1) (   3,    3) (   1,    1) (   3,    3) (   2,    2) (   2,    2) (   5,    5)
          (   1,    1) (   2,    2) (   1,    1) (   4,    4) (   1,    1) (   3,    3) (   1,    1) (   2,    2) (   3,    3) (   2,    2)
          (   3,    3) (   2,    2) (   1,    1) (   1,    1) (   2,    2) (   2,    2) (   2,    2) (   2,    2) (   1,    1) (   3,    3)
          (   3,    3) (   2,    2) (   5,    5) (   2,    2) (   1,    1) (   2,    2) (   2,    2) (   2,    2) (   3,    3) (   2,    2)
          (   2,    2) (   2,    2) (   2,    2) (   2,    2) (   1,    1) (   3,    3) (   2,    2) (   3,    3) (   3,    3) (   1,    1)
          (   1,    1) (   3,    3) (   3,    3) (   3,    3) (   1,    1) (   1,    1) (   2,    2) (   2,    2) (   1,    1) (   4,    4)
          (   4,    4) (   1,    1) (   1,    1) (   3,    3) (   1,    1) (   4,    4) (   4,    4) (   2,    2) (   3,    3) (   1,    1)
          (   2,    2) (   2,    2) (   3,    3) (   2,    2) (   1,    1) (   3,    3) (   2,    2) (   1,    1) (   1,    1) (   1,    1)
          (   2,    2) (   1,    1) (   2,    2) (   3,    3) (   2,    2) (   1,    1) (   1,    1) (   2,    2) (   1,    1) (   4,    4)
          (   1,    1) (   3,    3) (   2,    2) (   2,    2) (   1,    1) (   2,    2) (   1,    1) (   4,    4) (   2,    2) (   1,    1)
          (   1,    1) (   2,    2) (   2,    2) (   1,    1) (   1,    1) (   2,    2) (   2,    2) (   1,    1) (   1,    1) (   1,    1)
          (   2,    2) (   1,    1) (   2,    2) (   2,    2) (   4,    4) (   4,    4) (   1,    1) (   1,    1) (   3,    3) (   2,    2)
         
node   5 sent_total   1303  recv_total   1286

node   6  (   0,    0) (   1,    0) (   0,    0) (   1,    1) (   1,    0) (   1,    1) (   4,    4) (   2,    2) (   4,    4) (   2,    2)
          (   4,    4) (   2,    2) (   2,    2) (   2,    2) (   3,    3) (   3,    3) (   2,    2) (   3,    3) (   1,    1) (   1,    1)
          (   1,    1) (   3,    3) (   2,    2) (   2,    2) (   2,    2) (   1,    1) (   1,    1) (   2,    2) (   2,    2) (   1,    1)
          (   1,    1) (   1,    1) (   2,    2) (   3,    3) (   3,    3) (   1,    1) (   3,    3) (   2,    2) (   1,    1) (   1,    1)
          (   1,    1) (   2,    2) (   1,    1) (   1,    1) (   2,    2) (   3,    3) (   3,    3) (   2,    2) (   3,    3) (   3,    3)
          (   3,    3) (   1,    2) (   2,    2) (   2,    3) (   1,    1) (   2,    2) (   1,    0) (   2,    2) (   2,    2) (   1,    1)
          (   1,    1) (   1,    2) (   1,    1) (   1,    1) (   2,    2) (   4,    4) (   1,    1) (   2,    3) (   1,    1) (   1,    1)
          (   1,    1) (   2,    2) (   2,    2) (   1,    1) (   1,    1) (   2,    2) (   1,    1) (   1,    0) (   4,    4) (   2,    2)
          (   4,    4) (   2,    2) (   1,    1) (   1,    2) (   1,    1) (   2,    2) (   2,    2) (   1,    1) (   2,    2) (   1,    1)
          (   1,    1) (   4,    5) (   1,    1) (   2,    4) (   1,    2) (   2,    1) (   4,    4) (   1,    1) (   1,    1) (   2,    3)
          (   2,    2) (   1,    1) (   1,    0) (   1,    1) (   1,    1) (   2,    2) (   1,    1) (   1,    1) (   1,    1) (   0,    1)
          (   0,    1) (   0,    0) (   0,    0) (   3,    2) (   1,    0) (   1,    2) (   1,    1) (   1,    0) (   2,    2) (   2,    1)
          (   3,    3) (   1,    1) (   1,    1) (   0,    1) (   1,    1) (   1,    0) (   2,    2) (   3,    3) (   1,    1) (   1,    1)
          (   1,    2) (   2,    2) (   1,    0) (   1,    2) (   2,    2) (   1,    0) (   2,    3) (   2,    2) (   1,    1) (   1,    1)
          (   1,    1) (   1,    0) (   1,    1) (   1,    0) (   2,    2) (   1,    1) (   2,    2) (   0,    1) (   2,    2) (   3,    2)
          (   3,    3) (   2,    1) (   1,    1) (   1,    1) (   1,    1) (   2,    2) (   1,    1) (   0,    1) (   2,    2) (   2,    1)
          (   1,    1) (   4,    4) (   3,    3) (   2,    2) (   0,    2) (   1,    1) (   1,    0) (   0,    0) (   1,    1) (   2,    1)
          (   1,    1) (   1,    1) (   2,    2) (   2,    2) (   3,    3) (   2,    2) (   1,    1) (   2,    2) (   3,    3) (   1,    1)
          (   2,    1) (   1,    1) (   4,    4) (   4,    4) (   2,    3) (   1,    1) (   1,    1) (   2,    2) (   1,    1) (   3,    3)
          (   2,    2) (   2,    2) (   2,    2) (   1,    1) (   2,    2) (   1,    2) (   1,    1) (   1,    1) (   3,    3) (   1,    1)
          (   1,    1) (   3,    4) (   1,    1) (   1,    1) (   1,    0) (   1,    1) (   2,    2) (   2,    2) (   3,    3) (   3,    3)
          (   1,    1) (   2,    2) (   1,    1) (   2,    3) (   3,    3) (   2,    1) (   2,    2) (   2,    2) (   1,    1) (   2,    2)
          (   1,    1) (   2,    2) (   3,    3) (   2,    2) (   3,    3) (   1,    1) (   3,    3) (   1,    1) (   1,    1) (   3,    3)
          (   2,    2) (   3,    3) (   1,    1) (   1,    2) (   3,    3) (   2,    1) (   1,    1) (   1,    1) (   3,    3) (   1,    1)
          (   1,    1) (   1,    1) (   1,    1) (   2,    2) (   3,    3) (   1,    1) (   2,    2) (   4,    3) (   0,    1) (   3,    4)
          (   2,    1) (   1,    1) (   4,    4) (   1,    1) (   3,    3) (   1,    1) (   2,    2) (   1,    1) (   1,    1) (   2,    2)
          (   3,    4) (   2,    2) (   2,    2) (   2,    2) (   2,    2) (   1,    2) (   0,    1) (   1,    0) (   4,    3) (   1,    1)
          (   2,    2) (   2,    2) (   1,    1) (   2,    2) (   1,    1) (   1,    1) (   1,    2) (   1,    2) (   1,    0) (   3,    2)
          (   0,    2) (   2,    2) (   2,    1) (   1,    1) (   2,    2) (   2,    2) (   2,    2) (   1,    1) (   2,    3) (   2,    1)
          (   1,    2) (   3,    3) (   1,    0) (   1,    2) (   1,    2) (   2,    2) (   2,    2) (   4,    4) (   1,    0) (   0,    2)
          (   2,    2) (   2,    1) (   2,    2) (   2,    2) (   3,    3) (   1,    2) (   4,    4) (   3,    2) (   3,    3) (   1,    1)
          (   1,    1) (   2,    2) (   1,    1) (   2,    2) (   2,    2) (   3,    3) (   3,    3) (   3,    3) (   2,    2) (   3,    3)
          (   1,    1) (   1,    1) (   2,    2) (   1,    1) (   1,    1) (   2,    2) (   2,    2) (   1,    1) (   2,    2) (   1,    1)
          (   2,    2) (   1,    1) (   2,    2) (   1,    1) (   1,    1) (   1,    1) (   1,    1) (   2,    2) (   2,    2) (   1,    1)
          (   1,    1) (   2,    2) (   4,    4) (   2,    2) (   1,    1) (   2,    2) (   2,    2) (   1,    1) (   1,    1) (   2,    2)
          (   1,    1) (   3,    3) (   2,    2) (   1,    1) (   3,    3) (   3,    3) (   3,    3) (   1,    1) (   1,    1) (   2,    2)
          (   2,    2) (   2,    2) (   1,    1) (   2,    2) (   1,    1) (   2,    2) (   2,    2) (   1,    1) (   3,    3) (   5,    5)
          (   1,    1) (   5,    5) (   1,    1) (   4,    4) (   3,    3) (   1,    1) (   1,    1) (   1,    1) (   2,    2) (   3,    3)
          (   2,    2) (   1,    1) (   3,    3) (   1,    1) (   1,    1) (   2,    2) (   5,    5) (   2,    2) (   2,    2) (   2,    2)
          (   2,    2) (   1,    1) (   1,    1) (   0,    1) (   1,    1) (   0,    0) (   0,    1) (   2,    1) (   2,    1) (   2,    2)
          (   1,    1) (   1,    1) (   2,    2) (   2,    2) (   2,    2) (   3,    3) (   1,    1) (   2,    2) (   3,    3) (   1,    1)
          (   2,    2) (   1,    1) (   2,    2) (   3,    3) (   3,    3) (   1,    1) (   2,    2) (   3,    3) (   2,    2) (   3,    3)
          (   1,    1) (   2,    2) (   2,    2) (   2,    2) (   1,    1) (   3,    3) (   1,    1) (   2,    2) (   1,    1) (   3,    3)
          (   3,    3) (   3,    3) (   2,    2) (   3,    3) (   1,    1) (   1,    1) (   1,    1) (   4,    4) (   1,    1) (   2,    2)
          (   1,    1) (   4,    4) (   2,    2) (   2,    2) (   1,    1) (   3,    3) (   2,    2) (   2,    2) (   1,    1) (   2,    2)
          (   1,    1) (   2,    2) (   1,    1) (   2,    2) (   2,    2) (   2,    2) (   3,    3) (   2,    2) (   1,    1) (   1,    1)
          (   3,    3) (   2,    2) (   1,    1) (   2,    2) (   2,    2) (   5,    5) (   1,    1) (   3,    3) (   1,    1) (   1,    1)
          (   2,    2) (   4,    4) (   4,    4) (   1,    1) (   1,    1) (   2,    2) (   3,    3) (   1,    1) (   1,    1) (   3,    3)
          (   1,    1) (   1,    1) (   1,    1) (   3,    3) (   3,    3) (   1,    1) (   4,    4) (   1,    1) (   2,    2) (   3,    3)
          (   1,    1) (   1,    1) (   2,    2) (   2,    2) (   1,    1) (   2,    2) (   1,    1) (   1,    1) (   0,    1) (   3,    3)
          (   2,    1) (   2,    2) (   2,    2) (   2,    2) (   2,    2) (   3,    3) (   2,    2) (   1,    1) (   3,    3) (   4,    4)
          (   3,    3) (   1,    1) (   3,    3) (   2,    2) (   3,    3) (   3,    3) (   3,    3) (   5,    5) (   3,    3) (   1,    1)
          (   2,    2) (   5,    5) (   1,    1) (   1,    1) (   1,    1) (   3,    3) (   1,    1) (   1,    1) (   2,    2) (   4,    4)
          (   2,    2) (   3,    3) (   1,    1) (   1,    1) (   3,    3) (   1,    1) (   3,    3) (   1,    1) (   2,    2) (   3,    3)
          (   3,    3) (   2,    2) (   2,    2) (   1,    1) (   3,    3) (   1,    1) (   4,    4) (   1,    1) (   2,    2) (   2,    2)
          (   1,    1) (   1,    1) (   1,    1) (   2,    2) (   1,    1) (   1,    1) (   2,    2) (   3,    3) (   1,    1) (   2,    2)
          (   1,    1) (   2,    2) (   1,    1) (   3,    3) (   1,    1) (   2,    2) (   3,    3) (   1,    1) (   4,    4) (   1,    1)
          (   1,    1) (   2,    2) (   2,    2) (   4,    4) (   3,    3) (   1,    1) (   1,    1) (   3,    3) (   3,    3) (   3,    3)
          (   2,    2) (   3,    3) (   2,    2) (   3,    3) (   3,    3) (   2,    2) (   1,    1) (   2,    2) (   2,    2) (   3,    3)
          (   1,    1) (   3,    3) (   3,    3) (   2,    2) (   3,    3) (   2,    2) (   3,    3) (   1,    1) (   3,    3) (   4,    4)
          (   4,    4) (   1,    1) (   3,    3) (   2,    2) (   4,    4) (   1,    1) (   2,    2) (   3,    3) (   1,    1) (   1,    1)
          (   2,    2) (   1,    1) (   2,    2) (   2,    2) (   1,    1) (   2,    2) (   2,    2) (   3,    3) (   2,    2) (   2,    2)
          (   4,    4) (   2,    2) (   2,    2) (   3,    3) (   1,    1) (   1,    1) (   2,    2) (   2,    2) (   1,    1) (   1,    1)
          (   3,    3) (   2,    2) (   2,    2) (   3,    3) (   1,    1) (   2,    2) (   1,    1) (   3,    3) (   2,    2) (   1,    1)
          (   3,    3) (   1,    1) (   3,    3) (   2,    2) (   2,    2) (   1,    1) (   2,    2) (   2,    2) (   2,    2) (   2,    2)
          (   1,    1) (   4,    4) (   1,    1) (   2,    2) (   1,    1) (   2,    2) (   1,    1) (   1,    1) (   2,    2) (   1,    1)
          (   4,    4) (   1,    1) (   1,    1) (   2,    2) (   2,    2) (   2,    2) (   4,    4) (   2,    2) (   1,    1) (   2,    2)
          (   2,    2) (   1,    1) (   2,    2) (   2,    2) (   1,    1) (   1,    1) (   2,    2) (   2,    2) (   1,    1) (   1,    1)
          (   4,    4) (   2,    2) (   3,    3) (   1,    1) (   3,    3) (   1,    1) (   2,    2) (   3,    3) (   4,    4) (   1,    1)
          (   1,    1) (   2,    2) (   2,    2) (   4,    4) (   2,    2) (   2,    2) (   2,    2) (   3,    3) (   3,    3) (   2,    2)
         
node   6 sent_total   1299  recv_total   1305

node   7  (   0,    0) (   1,    0) (   0,    0) (   2,    2) (   2,    1) (   1,    1) (   2,    2) (   1,    1) (   2,    2) (   2,    2)
          (   3,    3) (   3,    3) (   3,    3) (   2,    2) (   2,    2) (   3,    3) (   2,    2) (   4,    4) (   2,    2) (   1,    1)
          (   1,    1) (   1,    1) (   1,    1) (   1,    1) (   0,    1) (   0,    1) (   0,    0) (   4,    3) (   2,    1) (   1,    1)
          (   3,    3) (   2,    2) (   3,    3) (   2,    2) (   1,    1) (   1,    1) (   1,    1) (   2,    2) (   2,    2) (   3,    3)
          (   3,    3) (   2,    2) (   1,    1) (   1,    1) (   3,    3) (   1,    1) (   2,    2) (   4,    4) (   5,    5) (   2,    2)
          (   1,    1) (   0,    1) (   2,    2) (   3,    2) (   1,    2) (   1,    1) (   3,    2) (   2,    3) (   3,    3) (   1,    1)
          (   1,    1) (   1,    1) (   3,    3) (   1,    1) (   1,    1) (   2,    2) (   1,    2) (   3,    3) (   1,    0) (   1,    1)
          (   2,    2) (   2,    1) (   2,    1) (   1,    2) (   2,    3) (   2,    2) (   1,    1) (   1,    0) (   2,    2) (   1,    1)
          (   1,    1) (   2,    2) (   1,    1) (   3,    3) (   1,    0) (   2,    2) (   1,    1) (   1,    1) (   2,    2) (   2,    2)
          (   1,    1) (   1,    2) (   2,    2) (   2,    1) (   1,    1) (   1,    1) (   0,    1) (   1,    2) (   1,    0) (   1,    1)
          (   1,    1) (   1,    1) (   1,    1) (   0,    1) (   3,    3) (   1,    0) (   1,    1) (   1,    1) (   4,    4) (   0,    1)
          (   2,    3) (   0,    0) (   1,    0) (   1,    0) (   2,    2) (   2,    2) (   1,    1) (   2,    2) (   2,    2) (   0,    0)
          (   1,    1) (   2,    2) (   2,    3) (   0,    0) (   2,    2) (   2,    1) (   1,    0) (   1,    1) (   3,    3) (   1,    1)
          (   1,    1) (   1,    2) (   1,    3) (   2,    1) (   1,    1) (   2,    2) (   3,    3) (   3,    3) (   0,    1) (   1,    2)
          (   1,    1) (   3,    2) (   1,    1) (   1,    0) (   2,    3) (   2,    2) (   2,    2) (   3,    4) (   1,    0) (   1,    1)
          (   1,    1) (   1,    1) (   1,    0) (   2,    2) (   1,    0) (   2,    2) (   1,    1) (   1,    0) (   2,    2) (   2,    2)
          (   2,    1) (   1,    1) (   2,    2) (   2,    2) (   1,    1) (   3,    4) (   1,    1) (   1,    1) (   2,    2) (   2,    1)
          (   3,    3) (   1,    0) (   1,    2) (   3,    3) (   2,    1) (   1,    1) (   2,    2) (   2,    2) (   1,    0) (   1,    1)
          (   2,    2) (   2,    2) (   2,    2) (   1,    1) (   4,    4) (   1,    2) (   1,    1) (   1,    0) (   1,    1) (   1,    1)
          (   0,    1) (   0,    1) (   2,    1) (   3,    2) (   2,    2) (   2,    2) (   2,    2) (   1,    1) (   2,    2) (   3,    4)
          (   1,    1) (   1,    1) (   2,    2) (   2,    1) (   2,    2) (   2,    2) (   2,    1) (   1,    1) (   1,    1) (   1,    2)
          (   1,    1) (   1,    0) (   1,    2) (   1,    1) (   2,    1) (   3,    3) (   1,    1) (   2,    2) (   3,    3) (   3,    3)
          (   2,    2) (   2,    2) (   3,    2) (   1,    1) (   3,    3) (   2,    2) (   1,    1) (   1,    1) (   2,    2) (   0,    1)
          (   1,    3) (   3,    2) (   2,    2) (   2,    2) (   0,    1) (   1,    0) (   4,    3) (   1,    1) (   3,    3) (   2,    2)
          (   3,    4) (   1,    1) (   2,    2) (   1,    1) (   2,    2) (   1,    1) (   1,    1) (   2,    2) (   1,    1) (   1,    0)
          (   1,    1) (   3,    2) (   0,    1) (   2,    3) (   1,    0) (   2,    3) (   1,    1) (   2,    2) (   2,    2) (   2,    2)
          (   1,    1) (   1,    0) (   2,    2) (   1,    1) (   1,    1) (   1,    1) (   2,    2) (   2,    2) (   2,    2) (   3,    3)
          (   2,    2) (   1,    1) (   2,    2) (   3,    3) (   3,    2) (   3,    4) (   5,    5) (   2,    2) (   1,    1) (   2,    2)
          (   2,    2) (   2,    1) (   3,    3) (   4,    4) (   0,    1) (   2,    2) (   1,    0) (   1,    2) (   1,    1) (   1,    1)
          (   1,    1) (   1,    1) (   3,    3) (   1,    1) (   2,    2) (   1,    1) (   1,    1) (   1,    1) (   1,    1) (   2,    2)
          (   3,    4) (   2,    2) (   4,    4) (   1,    1) (   4,    4) (   2,    2) (   1,    2) (   1,    1) (   1,    0) (   2,    2)
          (   2,    2) (   1,    1) (   4,    4) (   1,    1) (   1,    1) (   3,    3) (   1,    1) (   2,    2) (   3,    3) (   1,    1)
          (   3,    3) (   3,    3) (   3,    3) (   3,    3) (   2,    2) (   2,    2) (   1,    1) (   2,    2) (   1,    1) (   3,    3)
          (   3,    3) (   1,    1) (   1,    1) (   2,    2) (   6,    6) (   3,    3) (   3,    3) (   1,    1) (   3,    3) (   1,    1)
          (   2,    2) (   1,    1) (   2,    2) (   2,    2) (   3,    3) (   2,    2) (   1,    1) (   1,    1) (   1,    1) (   2,    2)
          (   1,    1) (   1,    1) (   1,    1) (   2,    2) (   1,    1) (   2,    2) (   3,    3) (   2,    2) (   1,    1) (   2,    2)
          (   1,    1) (   1,    1) (   2,    2) (   1,    1) (   2,    2) (   2,    2) (   3,    3) (   1,    1) (   2,    2) (   2,    2)
          (   2,    2) (   2,    2) (   2,    2) (   1,    1) (   2,    2) (   1,    1) (   4,    4) (   1,    1) (   3,    3) (   3,    3)
          (   2,    2) (   1,    1) (   1,    1) (   1,    1) (   2,    2) (   1,    1) (   1,    1) (   1,    1) (   3,    3) (   1,    1)
          (   1,    1) (   2,    2) (   2,    2) (   1,    1) (   2,    2) (   2,    2) (   4,    4) (   2,    2) (   1,    1) (   2,    2)
          (   2,    2) (   3,    3) (   3,    3) (   2,    2) (   4,    4) (   1,    1) (   1,    1) (   4,    4) (   2,    2) (   4,    4)
          (   1,    1) (   3,    3) (   3,    3) (   2,    2) (   3,    3) (   3,    3) (   1,    1) (   1,    1) (   2,    2) (   2,    2)
          (   3,    3) (   3,    3) (   1,    1) (   2,    2) (   3,    3) (   2,    2) (   2,    2) (   4,    4) (   2,    2) (   3,    3)
          (   1,    1) (   2,    2) (   1,    1) (   1,    1) (   4,    4) (   1,    1) (   2,    2) (   2,    2) (   2,    2) (   2,    2)
          (   2,    2) (   1,    1) (   1,    1) (   3,    3) (   2,    2) (   1,    1) (   4,    4) (   2,    2) (   3,    3) (   3,    3)
          (   3,    3) (   1,    1) (   3,    3) (   2,    2) (   2,    2) (   2,    2) (   1,    1) (   1,    1) (   3,    3) (   3,    3)
          (   2,    2) (   2,    2) (   2,    2) (   3,    3) (   1,    1) (   1,    1) (   4,    4) (   3,    3) (   3,    3) (   2,    2)
          (   3,    3) (   2,    2) (   2,    2) (   2,    2) (   3,    3) (   1,    1) (   2,    2) (   3,    3) (   2,    2) (   2,    2)
          (   2,    2) (   2,    2) (   1,    1) (   1,    1) (   1,    1) (   2,    2) (   2,    2) (   2,    2) (   3,    3) (   2,    2)
          (   3,    3) (   2,    2) (   1,    1) (   1,    1) (   2,    2) (   3,    3) (   3,    3) (   2,    2) (   2,    2) (   2,    2)
          (   3,    3) (   3,    3) (   2,    2) (   1,    1) (   1,    1) (   2,    2) (   2,    2) (   2,    2) (   2,    2) (   2,    2)
          (   1,    1) (   1,    1) (   2,    2) (   3,    3) (   1,    1) (   1,    1) (   1,    1) (   1,    1) (   1,    1) (   2,    2)
          (   2,    2) (   2,    2) (   1,    1) (   1,    1) (   2,    2) (   1,    1) (   3,    3) (   1,    1) (   1,    1) (   2,    2)
          (   2,    2) (   4,    4) (   2,    2) (   3,    3) (   1,    1) (   1,    1) (   2,    2) (   3,    3) (   1,    1) (   2,    2)
          (   1,    1) (   3,    3) (   1,    1) (   2,    2) (   1,    1) (   1,    1) (   1,    1) (   2,    2) (   1,    1) (   3,    3)
          (   2,    2) (   2,    2) (   1,    1) (   3,    3) (   1,    1) (   3,    3) (   3,    3) (   1,    1) (   4,    4) (   2,    2)
          (   1,    1) (   1,    1) (   3,    3) (   2,    2) (   3,    3) (   1,    1) (   2,    2) (   2,    2) (   2,    2) (   4,    4)
          (   3,    3) (   3,    3) (   3,    3) (   1,    1) (   1,    1) (   3,    3) (   4,    4) (   3,    3) (   2,    2) (   1,    1)
          (   1,    1) (   2,    2) (   2,    2) (   1,    1) (   1,    1) (   1,    1) (   2,    2) (   1,    1) (   1,    1) (   1,    1)
          (   1,    1) (   1,    1) (   1,    1) (   2,    2) (   2,    2) (   1,    1) (   3,    3) (   2,    2) (   1,    1) (   1,    1)
          (   2,    2) (   2,    2) (   2,    2) (   1,    1) (   2,    2) (   1,    1) (   4,    4) (   2,    2) (   2,    2) (   3,    3)
          (   3,    3) (   5,    5) (   1,    1) (   1,    1) (   3,    3) (   2,    2) (   4,    4) (   2,    2) (   1,    1) (   2,    2)
          (   1,    1) (   1,    1) (   2,    2) (   3,    3) (   2,    2) (   3,    3) (   2,    2) (   1,    1) (   2,    2) (   3,    3)
          (   2,    2) (   1,    1) (   1,    1) (   1,    1) (   3,    3) (   4,    4) (   2,    2) (   2,    2) (   2,    2) (   1,    1)
          (   1,    1) (   3,    3) (   1,    1) (   1,    1) (   2,    2) (   1,    1) (   3,    3) (   3,    3) (   2,    2) (   2,    2)
          (   2,    2) (   2,    2) (   1,    1) (   2,    2) (   1,    1) (   1,    1) (   0,    1) (   2,    2) (   1,    0) (   2,    2)
          (   3,    3) (   2,    2) (   2,    2) (   2,    2) (   3,    3) (   2,    2) (   1,    1) (   2,    2) (   2,    2) (   1,    1)
          (   2,    2) (   2,    2) (   1,    1) (   1,    1) (   4,    4) (   1,    1) (   1,    1) (   2,    2) (   3,    3) (   1,    1)
          (   3,    3) (   4,    4) (   1,    1) (   3,    3) (   2,    2) (   2,    2) (   3,    3) (   3,    3) (   2,    2) (   3,    3)
          (   2,    2) (   2,    2) (   2,    2) (   2,    2) (   2,    2) (   1,    1) (   3,    3) (   1,    1) (   2,    2) (   3,    3)
         
node   7 sent_total   1284  recv_total   1278

node   8  (   0,    0) (   1,    0) (   0,    0) (   1,    1) (   1,    0) (   2,    2) (   2,    2) (   1,    1) (   1,    1) (   2,    2)
          (   2,    2) (   2,    2) (   4,    4) (   2,    2) (   1,    1) (   1,    1) (   2,    2) (   2,    2) (   2,    2) (   2,    2)
          (   3,    3) (   3,    3) (   4,    4) (   1,    1) (   5,    5) (   2,    2) (   1,    1) (   1,    1) (   1,    1) (   3,    3)
          (   1,    1) (   2,    2) (   1,    1) (   2,    2) (   4,    4) (   2,    2) (   2,    2) (   3,    3) (   2,    2) (   3,    3)
          (   1,    1) (   1,    1) (   1,    1) (   3,    3) (   3,    3) (   4,    4) (   1,    1) (   1,    1) (   1,    1) (   1,    1)
          (   3,    3) (   2,    2) (   1,    1) (   1,    1) (   2,    3) (   4,    4) (   1,    0) (   1,    1) (   3,    2) (   1,    0)
          (   3,    4) (   1,    1) (   2,    1) (   2,    1) (   3,    3) (   2,    3) (   1,    1) (   3,    2) (   3,    4) (   0,    1)
          (   3,    3) (   1,    1) (   1,    0) (   1,    1) (   3,    3) (   2,    4) (   2,    2) (   0,    1) (   2,    2) (   2,    2)
          (   1,    1) (   1,    1) (   2,    2) (   1,    2) (   1,    1) (   2,    2) (   1,    2) (   3,    3) (   2,    1) (   2,    2)
          (   1,    3) (   0,    2) (   2,    1) (   1,    0) (   5,    5) (   2,    3) (   1,    1) (   1,    1) (   1,    2) (   1,    1)
          (   2,    1) (   4,    4) (   1,    1) (   1,    1) (   1,    2) (   2,    2) (   2,    3) (   3,    3) (   1,    0) (   2,    3)
          (   1,    1) (   1,    0) (   1,    0) (   3,    3) (   3,    3) (   1,    1) (   3,    3) (   2,    2) (   1,    1) (   2,    1)
          (   0,    1) (   2,    2) (   2,    1) (   2,    2) (   0,    1) (   0,    2) (   2,    1) (   3,    2) (   2,    2) (   2,    2)
          (   2,    2) (   1,    1) (   1,    1) (   2,    2) (   1,    1) (   2,    2) (   1,    1) (   2,    3) (   1,    1) (   1,    0)
          (   2,    2) (   3,    3) (   1,    3) (   2,    2) (   2,    1) (   2,    2) (   1,    1) (   1,    0) (   1,    1) (   4,    4)
          (   1,    1) (   2,    2) (   2,    2) (   3,    2) (   2,    2) (   0,    1) (   1,    1) (   2,    1) (   0,    1) (   1,    1)
          (   2,    1) (   2,    2) (   1,    1) (   1,    2) (   1,    1) (   2,    4) (   2,    3) (   2,    2) (   1,    1) (   2,    2)
          (   1,    1) (   2,    2) (   1,    1) (   2,    1) (   1,    1) (   4,    4) (   1,    1) (   2,    1) (   1,    1) (   2,    2)
          (   3,    3) (   2,    2) (   3,    3) (   1,    1) (   2,    2) (   0,    1) (   1,    1) (   1,    1) (   1,    1) (   0,    0)
          (   5,    5) (   1,    0) (   2,    2) (   2,    2) (   1,    1) (   2,    2) (   1,    1) (   2,    2) (   2,    2) (   2,    2)
          (   2,    2) (   1,    1) (   1,    2) (   2,    1) (   1,    0) (   1,    1) (   2,    1) (   1,    1) (   3,    3) (   2,    3)
          (   1,    1) (   3,    3) (   2,    2) (   1,    1) (   0,    1) (   2,    2) (   1,    0) (   2,    2) (   1,    2) (   1,    1)
          (   2,    2) (   3,    4) (   2,    3) (   1,    1) (   1,    1) (   1,    1) (   2,    2) (   1,    1) (   1,    1) (   3,    3)
          (   2,    2) (   1,    0) (   1,    1) (   2,    3) (   1,    1) (   1,    0) (   0,    1) (   2,    2) (   1,    0) (   3,    3)
          (   0,    1) (   4,    4) (   2,    1) (   1,    1) (   1,    1) (   1,    3) (   2,    2) (   3,    2) (   1,    1) (   1,    1)
          (   2,    1) (   2,    2) (   2,    2) (   1,    1) (   1,    1) (   2,    2) (   0,    1) (   2,    2) (   3,    2) (   1,    0)
          (   1,    1) (   3,    3) (   2,    1) (   3,    3) (   1,    1) (   1,    1) (   2,    2) (   3,    3) (   2,    2) (   2,    2)
          (   3,    3) (   2,    2) (   1,    1) (   2,    2) (   2,    2) (   2,    2) (   1,    1) (   2,    2) (   1,    1) (   2,    2)
          (   2,    2) (   2,    2) (   2,    2) (   1,    1) (   2,    2) (   1,    1) (   3,    3) (   3,    4) (   1,    1) (   1,    1)
          (   3,    3) (   0,    1) (   2,    2) (   0,    0) (   1,    2) (   2,    1) (   3,    2) (   2,    2) (   2,    3) (   2,    2)
          (   1,    1) (   2,    1) (   3,    3) (   2,    2) (   2,    2) (   1,    1) (   2,    2) (   1,    1) (   2,    2) (   2,    2)
          (   1,    1) (   1,    1) (   2,    2) (   3,    3) (   1,    1) (   1,    1) (   3,    3) (   1,    1) (   2,    2) (   3,    3)
          (   3,    3) (   1,    1) (   1,    1) (   2,    2) (   4,    4) (   3,    3) (   3,    3) (   2,    2) (   1,    1) (   2,    2)
          (   3,    3) (   2,    2) (   2,    2) (   2,    2) (   1,    1) (   2,    2) (   2,    2) (   3,    3) (   1,    1) (   2,    2)
          (   2,    2) (   1,    1) (   1,    1) (   2,    2) (   2,    2) (   2,    2) (   1,    1) (   3,    3) (   1,    1) (   2,    2)
          (   3,    3) (   3,    3) (   4,    4) (   2,    2) (   1,    1) (   1,    1) (   1,    1) (   3,    3) (   2,    2) (   2,    2)
          (   2,    2) (   1,    1) (   1,    1) (   1,    1) (   4,    4) (   3,    3) (   2,    2) (   2,    2) (   2,    2) (   1,    1)
          (   2,    2) (   1,    1) (   3,    3) (   1,    1) (   3,    3) (   1,    1) (   1,    1) (   3,    3) (   2,    2) (   1,    1)
          (   1,    1) (   2,    2) (   2,    2) (   1,    1) (   2,    2) (   2,    2) (   1,    1) (   2,    2) (   2,    2) (   1,    1)
          (   2,    2) (   0,    1) (   2,    2) (   4,    3) (   1,    1) (   1,    1) (   2,    2) (   1,    1) (   3,    3) (   1,    1)
          (   1,    1) (   1,    1) (   3,    3) (   1,    1) (   1,    1) (   2,    2) (   3,    3) (   1,    1) (   3,    3) (   1,    1)
          (   3,    3) (   2,    2) (   1,    1) (   2,    2) (   1,    1) (   2,    2) (   2,    2) (   3,    3) (   3,    3) (   2,    2)
          (   2,    2) (   3,    3) (   1,    1) (   3,    3) (   2,    2) (   4,    4) (   1,    1) (   1,    1) (   1,    1) (   1,    1)
          (   4,    4) (   2,    2) (   3,    3) (   2,    2) (   2,    2) (   2,    2) (   2,    2) (   2,    2) (   2,    2) (   2,    2)
          (   2,    2) (   1,    1) (   1,    1) (   3,    3) (   2,    2) (   2,    2) (   1,    1) (   2,    2) (   1,    1) (   1,    1)
          (   1,    1) (   1,    1) (   2,    2) (   4,    4) (   2,    2) (   1,    1) (   1,    1) (   2,    2) (   1,    1) (   2,    2)
          (   4,    4) (   3,    3) (   3,    3) (   3,    3) (   2,    2) (   3,    3) (   1,    1) (   2,    2) (   1,    1) (   1,    1)
          (   2,    2) (   1,    1) (   1,    1) (   2,    2) (   2,    2) (   1,    1) (   2,    2) (   2,    2) (   3,    3) (   1,    1)
          (   2,    2) (   1,    1) (   1,    1) (   2,    2) (   1,    1) (   3,    3) (   2,    2) (   2,    2) (   2,    2) (   2,    2)
          (   2,    2) (   2,    2) (   2,    2) (   1,    1) (   2,    2) (   2,    2) (   3,    3) (   3,    3) (   2,    2) (   1,    1)
          (   1,    1) (   1,    1) (   3,    3) (   1,    1) (   1,    1) (   1,    1) (   2,    2) (   1,    1) (   0,    1) (   2,    2)
          (   1,    0) (   2,    2) (   1,    1) (   3,    3) (   3,    3) (   3,    3) (   2,    2) (   5,    5) (   1,    1) (   3,    3)
          (   2,    2) (   1,    1) (   1,    1) (   4,    4) (   2,    2) (   2,    2) (   1,    1) (   4,    4) (   2,    2) (   2,    2)
          (   1,    1) (   1,    1) (   3,    3) (   1,    1) (   1,    1) (   3,    3) (   2,    2) (   2,    2) (   1,    1) (   4,    4)
          (   1,    1) (   2,    2) (   1,    1) (   1,    1) (   2,    2) (   1,    1) (   2,    2) (   4,    4) (   2,    2) (   2,    2)
          (   2,    2) (   1,    1) (   2,    2) (   2,    2) (   2,    2) (   2,    2) (   3,    3) (   1,    1) (   4,    4) (   2,    2)
          (   2,    2) (   1,    1) (   1,    1) (   2,    2) (   2,    2) (   2,    2) (   3,    3) (   4,    4) (   1,    1) (   1,    1)
          (   2,    2) (   2,    2) (   3,    3) (   3,    3) (   3,    3) (   3,    3) (   1,    1) (   2,    2) (   2,    2) (   1,    1)
          (   3,    3) (   1,    1) (   2,    2) (   2,    2) (   2,    2) (   2,    2) (   2,    2) (   4,    4) (   2,    2) (   2,    2)
          (   4,    4) (   1,    1) (   3,    3) (   1,    1) (   2,    2) (   3,    3) (   3,    3) (   1,    1) (   1,    1) (   2,    2)
          (   1,    1) (   4,    4) (   1,    1) (   2,    2) (   1,    1) (   2,    2) (   2,    2) (   1,    1) (   1,    1) (   4,    4)
          (   1,    1) (   2,    2) (   1,    1) (   2,    2) (   3,    3) (   1,    1) (   1,    1) (   2,    2) (   1,    1) (   2,    2)
          (   3,    3) (   2,    2) (   2,    2) (   1,    1) (   3,    3) (   3,    3) (   2,    2) (   1,    1) (   2,    2) (   2,    2)
          (   3,    3) (   2,    2) (   2,    2) (   2,    2) (   1,    1) (   2,    2) (   2,    2) (   1,    1) (   4,    4) (   2,    2)
          (   2,    2) (   4,    4) (   3,    3) (   2,    2) (   1,    1) (   3,    3) (   1,    1) (   2,    2) (   2,    2) (   3,    3)
          (   2,    2) (   1,    1) (   1,    1) (   3,    3) (   2,    2) (   2,    2) (   2,    2) (   2,    2) (   2,    2) (   3,    3)
          (   1,    1) (   3,    3) (   2,    2) (   1,    1) (   2,    2) (   1,    1) (   4,    4) (   1,    1) (   2,    2) (   4,    4)
          (   2,    2) (   2,    2) (   3,    3) (   1,    1) (   2,    2) (   4,    4) (   2,    2) (   2,    2) (   2,    2) (   2,    2)
          (   3,    3) (   3,    3) (   3,    3) (   1,    1) (   2,    2) (   3,    3) (   2,    2) (   5,    5) (   2,    2) (   3,    3)
          (   3,    3) (   3,    3) (   1,    1) (   2,    2) (   1,    1) (   1,    1) (   0,    1) (   3,    3) (   1,    0) (   1,    1)
         
node   8 sent_total   1297  recv_total   1301

node   9  (   0,    0) (   0,    0) (   1,    0) (   0,    0) (   1,    1) (   1,    0) (   1,    1) (   2,    2) (   2,    2) (   6,    6)
          (   2,    2) (   3,    3) (   2,    2) (   2,    2) (   4,    4) (   1,    1) (   3,    3) (   1,    1) (   3,    3) (   2,    2)
          (   3,    3) (   1,    1) (   1,    1) (   3,    3) (   3,    3) (   2,    2) (   4,    4) (   1,    1) (   3,    3) (   3,    3)
          (   2,    2) (   3,    3) (   1,    1) (   3,    3) (   3,    3) (   4,    4) (   2,    2) (   2,    2) (   3,    3) (   1,    1)
          (   2,    2) (   2,    2) (   2,    2) (   2,    2) (   4,    4) (   2,    2) (   2,    2) (   1,    1) (   3,    3) (   2,    2)
          (   2,    2) (   2,    2) (   2,    2) (   2,    2) (   2,    1) (   1,    2) (   2,    2) (   2,    2) (   1,    1) (   4,    4)
          (   0,    2) (   1,    2) (   3,    2) (   5,    5) (   2,    2) (   2,    2) (   2,    2) (   2,    2) (   2,    2) (   3,    3)
          (   1,    1) (   1,    2) (   2,    2) (   2,    2) (   2,    2) (   1,    1) (   3,    3) (   1,    1) (   2,    2) (   1,    2)
          (   2,    2) (   2,    1) (   2,    2) (   1,    1) (   2,    2) (   2,    2) (   4,    3) (   2,    2) (   1,    1) (   1,    1)
          (   3,    3) (   2,    2) (   3,    3) (   1,    1) (   2,    2) (   2,    2) (   1,    2) (   2,    2) (   2,    1) (   1,    1)
          (   3,    3) (   0,    0) (   0,    0) (   0,    0) (   0,    0) (   0,    0) (   0,    0) (   0,    0) (   0,    0) (   0,    0)
          (   0,    0) (   0,    0) (   0,    0) (   0,    0) (   0,    0) (   0,    0) (   0,    0) (   0,    0) (   0,    0) (   0,    0)
          (   0,    0) (   0,    0) (   0,    0) (   0,    0) (   0,    0) (   0,    0) (   0,    0) (   0,    0) (   0,    0) (   0,    0)
          (   0,    0) (   0,    0) (   0,    0) (   0,    0) (   0,    0) (   0,    0) (   0,    0) (   0,    0) (   0,    0) (   0,    0)
          (   0,    0) (   0,    0) (   0,    0) (   0,    0) (   0,    0) (   0,    0) (   0,    0) (   0,    0) (   0,    0) (   0,    0)
          (   0,    0) (   0,    0) (   0,    0) (   0,    0) (   0,    0) (   0,    0) (   0,    0) (   0,    0) (   0,    0) (   0,    0)
          (   0,    0) (   0,    0) (   0,    0) (   0,    0) (   0,    0) (   0,    0) (   0,    0) (   0,    0) (   0,    0) (   0,    0)
          (   0,    0) (   0,    0) (   0,    0) (   0,    0) (   0,    0) (   0,    0) (   0,    0) (   0,    0) (   0,    0) (   0,    0)
          (   0,    0) (   0,    0) (   0,    0) (   0,    0) (   0,    0) (   0,    0) (   0,    0) (   0,    0) (   0,    0) (   0,    0)
          (   0,    0) (   0,    0) (   0,    0) (   0,    0) (   0,    0) (   0,    0) (   0,    0) (   0,    0) (   0,    0) (   0,    0)
          (   0,    0) (   0,    0) (   0,    0) (   0,    0) (   0,    0) (   0,    0) (   0,    0) (   0,    0) (   0,    0) (   0,    0)
          (   0,    0) (   0,    0) (   0,    0) (   0,    0) (   0,    0) (   0,    0) (   0,    0) (   0,    0) (   0,    0) (   0,    0)
          (   0,    0) (   0,    0) (   0,    0) (   0,    0) (   0,    0) (   0,    0) (   0,    0) (   0,    0) (   0,    0) (   0,    0)
          (   0,    0) (   0,    0) (   0,    0) (   0,    0) (   0,    0) (   0,    0) (   0,    0) (   0,    0) (   0,    0) (   0,    0)
          (   0,    0) (   0,    0) (   0,    0) (   0,    0) (   0,    0) (   0,    0) (   0,    0) (   0,    0) (   0,    0) (   0,    0)
          (   0,    0) (   0,    0) (   0,    0) (   0,    0) (   0,    0) (   0,    0) (   0,    0) (   0,    0) (   0,    0) (   0,    0)
          (   0,    0) (   0,    0) (   0,    0) (   0,    0) (   0,    0) (   0,    0) (   0,    0) (   0,    0) (   0,    0) (   0,    0)
          (   0,    0) (   0,    0) (   0,    0) (   0,    0) (   0,    0) (   0,    0) (   0,    0) (   0,    0) (   0,    0) (   0,    0)
          (   0,    0) (   0,    0) (   0,    0) (   0,    0) (   0,    0) (   0,    0) (   0,    0) (   0,    0) (   0,    0) (   0,    0)
          (   0,    0) (   0,    0) (   0,    0) (   0,    0) (   0,    0) (   0,    0) (   0,    0) (   0,    0) (   0,    0) (   0,    0)
          (   0,    0) (   0,    0) (   0,    0) (   0,    0) (   0,    0) (   0,    0) (   0,    0) (   0,    0) (   0,    0) (   0,    0)
          (   0,    0) (   0,    0) (   0,    0) (   0,    0) (   0,    0) (   0,    0) (   0,    0) (   0,    0) (   0,    0) (   0,    0)
          (   0,    0) (   0,    0) (   0,    0) (   0,    0) (   0,    0) (   0,    0) (   0,    0) (   0,    0) (   0,    0) (   0,    0)
          (   0,    0) (   0,    0) (   0,    0) (   0,    0) (   0,    0) (   0,    0) (   0,    0) (   0,    0) (   0,    0) (   0,    0)
          (   0,    0) (   0,    0) (   0,    0) (   0,    0) (   0,    0) (   0,    0) (   0,    0) (   0,    0) (   0,    0) (   0,    0)
          (   0,    0) (   0,    0) (   0,    0) (   0,    0) (   0,    0) (   0,    0) (   0,    0) (   0,    0) (   0,    0) (   0,    0)
          (   0,    0) (   0,    0) (   0,    0) (   0,    0) (   0,    0) (   0,    0) (   0,    0) (   0,    0) (   0,    0) (   0,    0)
          (   0,    0) (   0,    0) (   0,    0) (   0,    0) (   0,    0) (   0,    0) (   0,    0) (   0,    0) (   0,    0) (   0,    0)
          (   0,    0) (   0,    0) (   0,    0) (   0,    0) (   0,    0) (   0,    0) (   0,    0) (   0,    0) (   0,    0) (   0,    0)
          (   0,    0) (   0,    0) (   0,    0) (   0,    0) (   0,    0) (   0,    0) (   0,    0) (   0,    0) (   0,    0) (   0,    0)
          (   0,    0) (   0,    0) (   0,    0) (   0,    0) (   0,    0) (   0,    0) (   0,    0) (   0,    0) (   0,    0) (   0,    0)
          (   0,    0) (   0,    0) (   0,    0) (   0,    0) (   0,    0) (   0,    0) (   0,    0) (   0,    0) (   0,    0) (   0,    0)
          (   0,    0) (   0,    0) (   0,    0) (   0,    0) (   0,    0) (   0,    0) (   0,    0) (   0,    0) (   0,    0) (   0,    0)
          (   0,    0) (   0,    0) (   0,    0) (   0,    0) (   0,    0) (   0,    0) (   0,    0) (   0,    0) (   0,    0) (   0,    0)
          (   0,    0) (   0,    0) (   0,    0) (   0,    0) (   0,    0) (   0,    0) (   0,    0) (   0,    0) (   0,    0) (   0,    0)
          (   0,    0) (   0,    0) (   0,    0) (   0,    0) (   0,    0) (   0,    0) (   0,    0) (   0,    0) (   0,    0) (   0,    0)
          (   0,    0) (   0,    0) (   0,    0) (   0,    0) (   0,    0) (   0,    0) (   0,    0) (   0,    0) (   0,    0) (   0,    0)
          (   0,    0) (   0,    0) (   0,    0) (   0,    0) (   0,    0) (   0,    0) (   0,    0) (   0,    0) (   0,    0) (   0,    0)
          (   0,    0) (   0,    0) (   0,    0) (   0,    0) (   0,    0) (   0,    0) (   0,    0) (   0,    0) (   0,    0) (   0,    0)
          (   0,    0) (   0,    0) (   0,    0) (   0,    0) (   0,    0) (   0,    0) (   0,    0) (   0,    0) (   0,    0) (   0,    0)
          (   0,    0) (   0,    0) (   0,    0) (   0,    0) (   0,    0) (   0,    0) (   0,    0) (   0,    0) (   0,    0) (   0,    0)
          (   0,    0) (   0,    0) (   0,    0) (   0,    0) (   0,    0) (   0,    0) (   0,    0) (   0,    0) (   0,    0) (   0,    0)
          (   0,    0) (   0,    0) (   0,    0) (   0,    0) (   0,    0) (   0,    0) (   0,    0) (   0,    0) (   0,    0) (   0,    0)
          (   0,    0) (   0,    0) (   0,    0) (   0,    0) (   0,    0) (   0,    0) (   0,    0) (   0,    0) (   0,    0) (   0,    0)
          (   0,    0) (   0,    0) (   0,    0) (   0,    0) (   0,    0) (   0,    0) (   0,    0) (   0,    0) (   0,    0) (   0,    0)
          (   0,    0) (   0,    0) (   0,    0) (   0,    0) (   0,    0) (   0,    0) (   0,    0) (   0,    0) (   0,    0) (   0,    0)
          (   0,    0) (   0,    0) (   0,    0) (   0,    0) (   0,    0) (   0,    0) (   0,    0) (   0,    0) (   0,    0) (   0,    0)
          (   0,    0) (   0,    0) (   0,    0) (   0,    0) (   0,    0) (   0,    0) (   0,    0) (   0,    0) (   0,    0) (   0,    0)
          (   0,    0) (   0,    0) (   0,    0) (   0,    0) (   0,    0) (   0,    0) (   0,    0) (   0,    0) (   0,    0) (   0,    0)
          (   0,    0) (   0,    0) (   0,    0) (   0,    0) (   0,    0) (   0,    0) (   0,    0) (   0,    0) (   0,    0) (   0,    0)
          (   0,    0) (   0,    0) (   0,    0) (   0,    0) (   0,    0) (   0,    0) (   0,    0) (   0,    0) (   0,    0) (   0,    0)
          (   0,    0) (   0,    0) (   0,    0) (   0,    0) (   0,    0) (   0,    0) (   0,    0) (   0,    0) (   0,    0) (   0,    0)
          (   0,    0) (   0,    0) (   0,    0) (   0,    0) (   0,    0) (   0,    0) (   0,    0) (   0,    0) (   0,    0) (   0,    0)
          (   0,    0) (   0,    0) (   0,    0) (   0,    0) (   0,    0) (   0,    0) (   0,    0) (   0,    0) (   0,    0) (   0,    0)
          (   0,    0) (   0,    0) (   0,    0) (   0,    0) (   0,    0) (   0,    0) (   0,    0) (   0,    0) (   0,    0) (   0,    0)
          (   0,    0) (   0,    0) (   0,    0) (   0,    0) (   0,    0) (   0,    0) (   0,    0) (   0,    0) (   0,    0) (   0,    0)
          (   0,    0) (   0,    0) (   0,    0) (   0,    0) (   0,    0) (   0,    0) (   0,    0) (   0,    0) (   0,    0) (   0,    0)
          (   0,    0) (   0,    0) (   0,    0) (   0,    0) (   0,    0) (   0,    0) (   0,    0) (   0,    0) (   0,    0) (   0,    0)
          (   0,    0) (   0,    0) (   0,    0) (   0,    0) (   0,    0) (   0,    0) (   0,    0) (   0,    0) (   0,    0) (   0,    0)
          (   0,    0) (   0,    0) (   0,    0) (   0,    0) (   0,    0) (   0,    0) (   0,    0) (   0,    0) (   0,    0) (   0,    0)
         
node   9 sent_total    206  recv_total    206

node  10  (   0,    0) (   0,    0) (   1,    0) (   0,    0) (   1,    1) (   1,    0) (   1,    1) (   2,    2) (   1,    1) (   2,    2)
          (   1,    1) (   2,    2) (   2,    2) (   3,    3) (   1,    1) (   1,    1) (   2,    2) (   1,    1) (   3,    3) (   3,    3)
          (   2,    2) (   3,    3) (   2,    2) (   2,    2) (   1,    1) (   2,    2) (   1,    1) (   1,    1) (   0,    1) (   2,    2)
          (   2,    1) (   2,    2) (   1,    1) (   2,    2) (   1,    1) (   3,    3) (   1,    1) (   1,    1) (   1,    1) (   2,    2)
          (   3,    3) (   1,    1) (   4,    4) (   2,    2) (   1,    1) (   1,    1) (   1,    1) (   2,    2) (   1,    1) (   1,    1)
          (   1,    1) (   1,    2) (   1,    0) (   1,    0) (   2,    2) (   1,    1) (   2,    2) (   1,    1) (   1,    1) (   2,    2)
          (   3,    3) (   3,    2) (   3,    2) (   2,    3) (   2,    2) (   1,    0) (   2,    2) (   1,    1) (   2,    2) (   1,    0)
          (   1,    1) (   2,    3) (   2,    2) (   4,    4) (   2,    2) (   1,    2) (   1,    0) (   4,    3) (   1,    1) (   1,    1)
          (   2,    3) (   2,    2) (   1,    1) (   2,    2) (   1,    0) (   1,    3) (   3,    3) (   0,    0) (   1,    1) (   3,    2)
          (   1,    1) (   1,    1) (   2,    2) (   1,    1) (   1,    0) (   2,    2) (   2,    2) (   0,    0) (   2,    2) (   2,    1)
          (   1,    1) (   1,    1) (   3,    3) (   3,    2) (   2,    2) (   2,    2) (   2,    3) (   2,    2) (   0,    2) (   1,    2)
          (   1,    0) (   1,    0) (   1,    1) (   2,    2) (   2,    1) (   1,    1) (   1,    2) (   0,    2) (   3,    3) (   1,    0)
          (   1,    2) (   3,    3) (   3,    2) (   2,    2) (   2,    2) (   3,    3) (   2,    2) (   2,    2) (   1,    1) (   2,    2)
          (   2,    1) (   1,    1) (   1,    1) (   2,    1) (   2,    2) (   2,    2) (   3,    3) (   1,    1) (   2,    2) (   1,    2)
          (   2,    1) (   1,    0) (   1,    1) (   2,    2) (   2,    2) (   1,    1) (   1,    1) (   3,    3) (   2,    2) (   1,    0)
          (   1,    1) (   2,    2) (   1,    2) (   2,    2) (   1,    1) (   1,    1) (   3,    3) (   1,    1) (   3,    3) (   2,    3)
          (   5,    5) (   0,    1) (   1,    1) (   1,    0) (   2,    2) (   1,    1) (   1,    3) (   2,    2) (   3,    3) (   2,    2)
          (   1,    3) (   1,    1) (   1,    1) (   1,    1) (   1,    0) (   2,    2) (   2,    2) (   2,    3) (   1,    1) (   2,    2)
          (   3,    3) (   1,    1) (   1,    1) (   2,    2) (   1,    0) (   2,    2) (   2,    2) (   0,    1) (   2,    2) (   1,    0)
          (   0,    1) (   2,    2) (   1,    0) (   2,    2) (   2,    2) (   2,    2) (   4,    4) (   2,    2) (   2,    2) (   2,    2)
          (   2,    2) (   1,    1) (   2,    2) (   2,    3) (   2,    2) (   3,    2) (   0,    1) (   1,    1) (   2,    1) (   0,    1)
          (   3,    3) (   2,    1) (   3,    3) (   1,    1) (   2,    2) (   2,    2) (   1,    1) (   1,    1) (   2,    2) (   2,    1)
          (   2,    2) (   2,    2) (   1,    2) (   1,    0) (   2,    2) (   2,    2) (   2,    1) (   3,    3) (   2,    2) (   0,    1)
          (   1,    2) (   2,    1) (   1,    1) (   3,    3) (   3,    2) (   2,    2) (   3,    3) (   1,    1) (   1,    1) (   1,    2)
          (   2,    2) (   1,    0) (   1,    1) (   3,    3) (   2,    2) (   1,    1) (   1,    1) (   1,    1) (   1,    1) (   2,    2)
          (   3,    3) (   3,    2) (   2,    2) (   1,    1) (   1,    1) (   3,    4) (   2,    3) (   1,    0) (   2,    2) (   1,    2)
          (   2,    1) (   1,    1) (   3,    3) (   3,    3) (   1,    2) (   1,    1) (   1,    0) (   1,    1) (   2,    2) (   3,    3)
          (   3,    3) (   1,    1) (   3,    3) (   1,    1) (   4,    4) (   1,    1) (   2,    2) (   2,    2) (   1,    1) (   1,    1)
          (   2,    2) (   2,    2) (   0,    1) (   1,    1) (   0,    0) (   2,    2) (   1,    0) (   1,    2) (   2,    2) (   2,    2)
          (   2,    2) (   2,    2) (   2,    2) (   3,    2) (   0,    1) (   2,    1) (   1,    0) (   4,    3) (   4,    4) (   3,    3)
          (   2,    2) (   1,    1) (   2,    2) (   1,    1) (   2,    2) (   3,    3) (   2,    2) (   3,    3) (   2,    2) (   3,    3)
          (   4,    4) (   1,    1) (   1,    1) (   2,    2) (   1,    1) (   1,    1) (   1,    1) (   1,    1) (   2,    2) (   1,    1)
          (   3,    3) (   4,    4) (   1,    1) (   1,    1) (   1,    1) (   2,    2) (   3,    3) (   3,    3) (   1,    1) (   3,    3)
          (   1,    1) (   1,    1) (   1,    1) (   1,    1) (   1,    1) (   2,    2) (   2,    2) (   1,    1) (   2,    2) (   2,    2)
          (   3,    3) (   1,    1) (   1,    1) (   2,    2) (   3,    3) (   2,    2) (   1,    1) (   3,    3) (   4,    4) (   3,    3)
          (   2,    2) (   2,    2) (   2,    2) (   2,    2) (   2,    2) (   2,    2) (   2,    2) (   1,    1) (   3,    3) (   1,    1)
          (   2,    2) (   3,    3) (   2,    2) (   2,    2) (   2,    2) (   3,    3) (   2,    2) (   3,    3) (   1,    1) (   2,    2)
          (   3,    3) (   2,    2) (   3,    3) (   2,    2) (   3,    3) (   4,    4) (   2,    2) (   1,    1) (   1,    1) (   1,    1)
          (   2,    2) (   3,    3) (   2,    2) (   4,    4) (   2,    2) (   2,    2) (   1,    1) (   1,    1) (   2,    2) (   3,    3)
          (   2,    2) (   2,    2) (   3,    3) (   3,    3) (   2,    2) (   4,    4) (   1,    1) (   2,    2) (   3,    3) (   1,    1)
          (   4,    4) (   3,    3) (   2,    2) (   2,    2) (   3,    3) (   2,    2) (   2,    2) (   1,    1) (   1,    1) (   2,    2)
          (   3,    3) (   1,    1) (   3,    3) (   2,    2) (   2,    2) (   3,    3) (   1,    1) (   1,    1) (   2,    2) (   2,    2)
          (   4,    4) (   1,    1) (   3,    3) (   4,    4) (   3,    3) (   1,    1) (   4,    4) (   3,    3) (   1,    1) (   2,    2)
          (   2,    2) (   2,    2) (   2,    2) (   1,    1) (   3,    3) (   1,    1) (   2,    2) (   1,    1) (   3,    3) (   3,    3)
          (   1,    1) (   2,    2) (   2,    2) (   3,    3) (   3,    3) (   2,    2) (   2,    2) (   2,    2) (   1,    1) (   1,    1)
          (   2,    2) (   3,    3) (   4,    4) (   2,    2) (   2,    2) (   2,    2) (   2,    2) (   2,    2) (   2,    2) (   2,    2)
          (   1,    1) (   2,    2) (   2,    2) (   1,    1) (   2,    2) (   1,    1) (   3,    3) (   2,    2) (   3,    3) (   2,    2)
          (   2,    2) (   3,    3) (   3,    3) (   1,    1) (   2,    2) (   4,    4) (   1,    1) (   1,    1) (   2,    2) (   3,    3)
          (   3,    3) (   1,    1) (   1,    1) (   1,    1) (   3,    3) (   3,    3) (   3,    3) (   2,    2) (   1,    1) (   3,    3)
          (   3,    3) (   1,    1) (   2,    2) (   2,    2) (   2,    2) (   2,    2) (   1,    1) (   3,    3) (   1,    1) (   1,    1)
          (   1,    1) (   2,    2) (   4,    4) (   1,    1) (   1,    1) (   4,    4) (   3,    3) (   2,    2) (   2,    2) (   2,    2)
          (   1,    1) (   4,    4) (   2,    2) (   2,    2) (   1,    1) (   2,    2) (   2,    2) (   2,    2) (   2,    2) (   2,    2)
          (   4,    4) (   2,    2) (   1,    1) (   3,    3) (   2,    2) (   3,    3) (   3,    3) (   4,    4) (   2,    2) (   1,    1)
          (   3,    3) (   1,    1) (   2,    2) (   2,    2) (   1,    1) (   2,    2) (   3,    3) (   2,    2) (   3,    3) (   2,    2)
          (   3,    3) (   2,    2) (   3,    3) (   2,    2) (   2,    2) (   2,    2) (   1,    1) (   2,    2) (   2,    2) (   1,    1)
          (   2,    2) (   3,    3) (   2,    2) (   1,    1) (   4,    4) (   3,    3) (   4,    4) (   2,    2) (   1,    1) (   2,    2)
          (   2,    2) (   2,    2) (   1,    1) (   4,    4) (   2,    2) (   2,    2) (   1,    1) (   1,    1) (   2,    2) (   3,    3)
          (   3,    3) (   2,    2) (   2,    2) (   3,    3) (   2,    2) (   3,    3) (   1,    1) (   1,    1) (   3,    3) (   2,    2)
          (   1,    1) (   3,    3) (   1,    1) (   3,    3) (   2,    2) (   3,    3) (   3,    3) (   2,    2) (   2,    2) (   1,    1)
          (   3,    3) (   2,    2) (   1,    1) (   1,    1) (   1,    1) (   1,    1) (   2,    2) (   1,    1) (   2,    2) (   2,    2)
          (   1,    1) (   2,    2) (   2,    2) (   1,    1) (   1,    1) (   4,    4) (   1,    1) (   4,    4) (   3,    3) (   1,    1)
          (   1,    1) (   2,    2) (   3,    3) (   4,    4) (   3,    3) (   2,    2) (   1,    1) (   2,    2) (   2,    2) (   2,    2)
          (   1,    1) (   3,    3) (   3,    3) (   3,    3) (   3,    3) (   1,    1) (   4,    4) (   1,    1) (   4,    4) (   3,    3)
          (   2,    2) (   2,    2) (   1,    1) (   3,    3) (   2,    2) (   4,    4) (   3,    3) (   4,    4) (   1,    1) (   3,    3)
          (   2,    2) (   1,    1) (   2,    2) (   1,    1) (   2,    2) (   2,    2) (   1,    1) (   1,    1) (   3,    3) (   2,    2)
          (   3,    3) (   2,    2) (   2,    2) (   1,    1) (   5,    5) (   2,    2) (   1,    1) (   2,    2) (   2,    2) (   2,    2)
          (   2,    2) (   1,    1) (   3,    3) (   2,    2) (   2,    2) (   2,    2) (   2,    2) (   4,    4) (   1,    1) (   1,    1)
          (   2,    2) (   2,    2) (   3,    3) (   1,    1) (   3,    3) (   2,    2) (   4,    4) (   2,    2) (   1,    1) (   2,    2)
          (   1,    1) (   2,    2) (   1,    1) (   3,    3) (   2,    2) (   2,    2) (   1,    1) (   1,    1) (   3,    3) (   3,    3)
          (   1,    1) (   3,    3) (   2,    2) (   2,    2) (   2,    2) (   1,    1) (   3,    3) (   2,    2) (   1,    1) (   3,    3)
         
node  10 sent_total   1339  recv_total   1331

